<?xml version="1.0" encoding="UTF-8"?>
<coverage generated="1743475530040" clover="3.2.0">
  <project timestamp="1743475530040" name="All files">
    <metrics statements="871" coveredstatements="418" conditionals="224" coveredconditionals="64" methods="95" coveredmethods="48" elements="1190" coveredelements="530" complexity="0" loc="871" ncloc="871" packages="10" files="35" classes="35"/>
    <package name="src">
      <metrics statements="34" coveredstatements="30" conditionals="6" coveredconditionals="3" methods="4" coveredmethods="2"/>
      <file name="app.ts" path="/Users/rex/Projects/substack-senior-assessment/src/app.ts">
        <metrics statements="34" coveredstatements="30" conditionals="6" coveredconditionals="3" methods="4" coveredmethods="2"/>
        <line num="1" count="2" type="stmt"/>
        <line num="2" count="2" type="stmt"/>
        <line num="3" count="2" type="stmt"/>
        <line num="4" count="2" type="stmt"/>
        <line num="5" count="2" type="stmt"/>
        <line num="6" count="2" type="stmt"/>
        <line num="7" count="2" type="stmt"/>
        <line num="8" count="2" type="stmt"/>
        <line num="9" count="2" type="stmt"/>
        <line num="10" count="2" type="stmt"/>
        <line num="11" count="2" type="stmt"/>
        <line num="12" count="2" type="stmt"/>
        <line num="13" count="2" type="stmt"/>
        <line num="14" count="2" type="stmt"/>
        <line num="15" count="2" type="stmt"/>
        <line num="17" count="2" type="stmt"/>
        <line num="28" count="2" type="stmt"/>
        <line num="38" count="2" type="stmt"/>
        <line num="39" count="2" type="stmt"/>
        <line num="40" count="0" type="stmt"/>
        <line num="41" count="0" type="stmt"/>
        <line num="44" count="2" type="stmt"/>
        <line num="46" count="2" type="stmt"/>
        <line num="50" count="0" type="stmt"/>
        <line num="51" count="0" type="stmt"/>
        <line num="54" count="2" type="stmt"/>
        <line num="56" count="2" type="stmt"/>
        <line num="58" count="14" type="stmt"/>
        <line num="62" count="2" type="stmt"/>
        <line num="63" count="2" type="stmt"/>
        <line num="64" count="2" type="stmt"/>
        <line num="66" count="2" type="stmt"/>
        <line num="67" count="11" type="stmt"/>
        <line num="70" count="2" type="stmt"/>
      </file>
    </package>
    <package name="src.config">
      <metrics statements="12" coveredstatements="3" conditionals="0" coveredconditionals="0" methods="1" coveredmethods="0"/>
      <file name="database.ts" path="/Users/rex/Projects/substack-senior-assessment/src/config/database.ts">
        <metrics statements="9" coveredstatements="0" conditionals="0" coveredconditionals="0" methods="1" coveredmethods="0"/>
        <line num="1" count="0" type="stmt"/>
        <line num="2" count="0" type="stmt"/>
        <line num="10" count="0" type="stmt"/>
        <line num="11" count="0" type="stmt"/>
        <line num="12" count="0" type="stmt"/>
        <line num="13" count="0" type="stmt"/>
        <line num="16" count="0" type="stmt"/>
        <line num="18" count="0" type="stmt"/>
        <line num="19" count="0" type="stmt"/>
      </file>
      <file name="swagger.ts" path="/Users/rex/Projects/substack-senior-assessment/src/config/swagger.ts">
        <metrics statements="3" coveredstatements="3" conditionals="0" coveredconditionals="0" methods="0" coveredmethods="0"/>
        <line num="1" count="2" type="stmt"/>
        <line num="3" count="2" type="stmt"/>
        <line num="97" count="2" type="stmt"/>
      </file>
    </package>
    <package name="src.controllers">
      <metrics statements="100" coveredstatements="47" conditionals="19" coveredconditionals="2" methods="13" coveredmethods="8"/>
      <file name="auth.controller.ts" path="/Users/rex/Projects/substack-senior-assessment/src/controllers/auth.controller.ts">
        <metrics statements="24" coveredstatements="23" conditionals="1" coveredconditionals="0" methods="4" coveredmethods="4"/>
        <line num="2" count="2" type="stmt"/>
        <line num="3" count="2" type="stmt"/>
        <line num="4" count="2" type="stmt"/>
        <line num="5" count="2" type="stmt"/>
        <line num="7" count="2" type="stmt"/>
        <line num="9" count="2" type="stmt"/>
        <line num="13" count="2" type="stmt"/>
        <line num="17" count="6" type="stmt"/>
        <line num="18" count="6" type="stmt"/>
        <line num="19" count="6" type="cond" truecount="0" falsecount="1"/>
        <line num="22" count="2" type="stmt"/>
        <line num="23" count="1" type="stmt"/>
        <line num="24" count="1" type="stmt"/>
        <line num="26" count="1" type="stmt"/>
        <line num="28" count="1" type="stmt"/>
        <line num="29" count="1" type="stmt"/>
        <line num="31" count="0" type="stmt"/>
        <line num="35" count="2" type="stmt"/>
        <line num="36" count="5" type="stmt"/>
        <line num="37" count="5" type="stmt"/>
        <line num="39" count="5" type="stmt"/>
        <line num="40" count="5" type="stmt"/>
        <line num="41" count="1" type="stmt"/>
        <line num="43" count="4" type="stmt"/>
      </file>
      <file name="banking.controller.ts" path="/Users/rex/Projects/substack-senior-assessment/src/controllers/banking.controller.ts">
        <metrics statements="72" coveredstatements="20" conditionals="16" coveredconditionals="0" methods="8" coveredmethods="3"/>
        <line num="2" count="2" type="stmt"/>
        <line num="3" count="2" type="stmt"/>
        <line num="4" count="2" type="stmt"/>
        <line num="5" count="2" type="stmt"/>
        <line num="6" count="2" type="stmt"/>
        <line num="9" count="2" type="stmt"/>
        <line num="13" count="2" type="stmt"/>
        <line num="17" count="1" type="stmt"/>
        <line num="18" count="1" type="stmt"/>
        <line num="19" count="1" type="cond" truecount="0" falsecount="1"/>
        <line num="22" count="2" type="stmt"/>
        <line num="23" count="0" type="stmt"/>
        <line num="24" count="0" type="stmt"/>
        <line num="25" count="0" type="cond" truecount="0" falsecount="1"/>
        <line num="26" count="0" type="stmt"/>
        <line num="29" count="0" type="stmt"/>
        <line num="33" count="0" type="stmt"/>
        <line num="36" count="0" type="stmt"/>
        <line num="37" count="0" type="stmt"/>
        <line num="43" count="0" type="stmt"/>
        <line num="47" count="2" type="stmt"/>
        <line num="48" count="1" type="stmt"/>
        <line num="49" count="1" type="stmt"/>
        <line num="51" count="1" type="stmt"/>
        <line num="52" count="1" type="stmt"/>
        <line num="58" count="0" type="stmt"/>
        <line num="62" count="2" type="stmt"/>
        <line num="63" count="0" type="stmt"/>
        <line num="64" count="0" type="stmt"/>
        <line num="65" count="0" type="cond" truecount="0" falsecount="1"/>
        <line num="66" count="0" type="stmt"/>
        <line num="69" count="0" type="stmt"/>
        <line num="74" count="0" type="stmt"/>
        <line num="77" count="0" type="stmt"/>
        <line num="78" count="0" type="stmt"/>
        <line num="84" count="0" type="stmt"/>
        <line num="88" count="2" type="stmt"/>
        <line num="89" count="0" type="stmt"/>
        <line num="90" count="0" type="stmt"/>
        <line num="91" count="0" type="cond" truecount="0" falsecount="1"/>
        <line num="92" count="0" type="stmt"/>
        <line num="95" count="0" type="stmt"/>
        <line num="96" count="0" type="cond" truecount="0" falsecount="3"/>
        <line num="97" count="0" type="stmt"/>
        <line num="100" count="0" type="stmt"/>
        <line num="107" count="0" type="stmt"/>
        <line num="109" count="0" type="stmt"/>
        <line num="110" count="0" type="stmt"/>
        <line num="116" count="0" type="stmt"/>
        <line num="120" count="2" type="stmt"/>
        <line num="121" count="0" type="stmt"/>
        <line num="122" count="0" type="stmt"/>
        <line num="123" count="0" type="cond" truecount="0" falsecount="1"/>
        <line num="124" count="0" type="stmt"/>
        <line num="127" count="0" type="stmt"/>
        <line num="128" count="0" type="cond" truecount="0" falsecount="3"/>
        <line num="129" count="0" type="stmt"/>
        <line num="132" count="0" type="stmt"/>
        <line num="137" count="0" type="stmt"/>
        <line num="139" count="0" type="stmt"/>
        <line num="140" count="0" type="stmt"/>
        <line num="146" count="0" type="stmt"/>
        <line num="150" count="2" type="stmt"/>
        <line num="151" count="0" type="stmt"/>
        <line num="152" count="0" type="stmt"/>
        <line num="153" count="0" type="cond" truecount="0" falsecount="1"/>
        <line num="154" count="0" type="stmt"/>
        <line num="157" count="0" type="stmt"/>
        <line num="163" count="0" type="stmt"/>
        <line num="165" count="0" type="stmt"/>
        <line num="166" count="0" type="stmt"/>
        <line num="172" count="0" type="stmt"/>
      </file>
      <file name="health.controller.ts" path="/Users/rex/Projects/substack-senior-assessment/src/controllers/health.controller.ts">
        <metrics statements="4" coveredstatements="4" conditionals="2" coveredconditionals="2" methods="1" coveredmethods="1"/>
        <line num="2" count="2" type="stmt"/>
        <line num="4" count="2" type="stmt"/>
        <line num="6" count="154" type="stmt"/>
        <line num="15" count="154" type="stmt"/>
      </file>
    </package>
    <package name="src.dtos">
      <metrics statements="170" coveredstatements="60" conditionals="0" coveredconditionals="0" methods="13" coveredmethods="0"/>
      <file name="account.dto.ts" path="/Users/rex/Projects/substack-senior-assessment/src/dtos/account.dto.ts">
        <metrics statements="20" coveredstatements="20" conditionals="0" coveredconditionals="0" methods="0" coveredmethods="0"/>
        <line num="1" count="2" type="stmt"/>
        <line num="2" count="2" type="stmt"/>
        <line num="3" count="2" type="stmt"/>
        <line num="6" count="2" type="stmt"/>
        <line num="9" count="2" type="stmt"/>
        <line num="14" count="2" type="stmt"/>
        <line num="19" count="2" type="stmt"/>
        <line num="24" count="2" type="stmt"/>
        <line num="29" count="2" type="stmt"/>
        <line num="33" count="2" type="stmt"/>
        <line num="36" count="2" type="stmt"/>
        <line num="41" count="2" type="stmt"/>
        <line num="45" count="2" type="stmt"/>
        <line num="47" count="2" type="stmt"/>
        <line num="50" count="2" type="stmt"/>
        <line num="53" count="2" type="stmt"/>
        <line num="56" count="2" type="stmt"/>
        <line num="59" count="2" type="stmt"/>
        <line num="62" count="2" type="stmt"/>
        <line num="65" count="2" type="stmt"/>
      </file>
      <file name="banking.dto.ts" path="/Users/rex/Projects/substack-senior-assessment/src/dtos/banking.dto.ts">
        <metrics statements="42" coveredstatements="40" conditionals="0" coveredconditionals="0" methods="2" coveredmethods="0"/>
        <line num="1" count="2" type="stmt"/>
        <line num="2" count="2" type="stmt"/>
        <line num="4" count="2" type="stmt"/>
        <line num="7" count="2" type="stmt"/>
        <line num="11" count="2" type="stmt"/>
        <line num="15" count="2" type="stmt"/>
        <line num="19" count="2" type="stmt"/>
        <line num="22" count="2" type="stmt"/>
        <line num="26" count="2" type="stmt"/>
        <line num="30" count="2" type="stmt"/>
        <line num="34" count="2" type="stmt"/>
        <line num="38" count="2" type="stmt"/>
        <line num="43" count="2" type="stmt"/>
        <line num="47" count="2" type="stmt"/>
        <line num="50" count="2" type="stmt"/>
        <line num="53" count="2" type="stmt"/>
        <line num="57" count="2" type="stmt"/>
        <line num="61" count="2" type="stmt"/>
        <line num="65" count="2" type="stmt"/>
        <line num="69" count="2" type="stmt"/>
        <line num="73" count="2" type="stmt"/>
        <line num="76" count="2" type="stmt"/>
        <line num="79" count="2" type="stmt"/>
        <line num="83" count="2" type="stmt"/>
        <line num="87" count="2" type="stmt"/>
        <line num="91" count="2" type="stmt"/>
        <line num="95" count="2" type="stmt"/>
        <line num="98" count="2" type="stmt"/>
        <line num="101" count="2" type="stmt"/>
        <line num="105" count="2" type="stmt"/>
        <line num="107" count="0" type="stmt"/>
        <line num="110" count="2" type="stmt"/>
        <line num="112" count="0" type="stmt"/>
        <line num="115" count="2" type="stmt"/>
        <line num="118" count="2" type="stmt"/>
        <line num="121" count="2" type="stmt"/>
        <line num="125" count="2" type="stmt"/>
        <line num="129" count="2" type="stmt"/>
        <line num="132" count="2" type="stmt"/>
        <line num="136" count="2" type="stmt"/>
        <line num="140" count="2" type="stmt"/>
        <line num="144" count="2" type="stmt"/>
      </file>
      <file name="common.dto.ts" path="/Users/rex/Projects/substack-senior-assessment/src/dtos/common.dto.ts">
        <metrics statements="9" coveredstatements="0" conditionals="0" coveredconditionals="0" methods="5" coveredmethods="0"/>
        <line num="1" count="0" type="stmt"/>
        <line num="2" count="0" type="stmt"/>
        <line num="4" count="0" type="stmt"/>
        <line num="5" count="0" type="stmt"/>
        <line num="6" count="0" type="stmt"/>
        <line num="9" count="0" type="stmt"/>
        <line num="11" count="0" type="stmt"/>
        <line num="12" count="0" type="stmt"/>
        <line num="15" count="0" type="stmt"/>
      </file>
      <file name="env.dto.ts" path="/Users/rex/Projects/substack-senior-assessment/src/dtos/env.dto.ts">
        <metrics statements="13" coveredstatements="0" conditionals="0" coveredconditionals="0" methods="4" coveredmethods="0"/>
        <line num="1" count="0" type="stmt"/>
        <line num="2" count="0" type="stmt"/>
        <line num="4" count="0" type="stmt"/>
        <line num="7" count="0" type="stmt"/>
        <line num="11" count="0" type="stmt"/>
        <line num="14" count="0" type="stmt"/>
        <line num="18" count="0" type="stmt"/>
        <line num="21" count="0" type="stmt"/>
        <line num="24" count="0" type="stmt"/>
        <line num="27" count="0" type="stmt"/>
        <line num="30" count="0" type="stmt"/>
        <line num="33" count="0" type="stmt"/>
        <line num="36" count="0" type="stmt"/>
      </file>
      <file name="transaction.dto.ts" path="/Users/rex/Projects/substack-senior-assessment/src/dtos/transaction.dto.ts">
        <metrics statements="54" coveredstatements="0" conditionals="0" coveredconditionals="0" methods="2" coveredmethods="0"/>
        <line num="1" count="0" type="stmt"/>
        <line num="2" count="0" type="stmt"/>
        <line num="4" count="0" type="stmt"/>
        <line num="7" count="0" type="stmt"/>
        <line num="11" count="0" type="stmt"/>
        <line num="15" count="0" type="stmt"/>
        <line num="19" count="0" type="stmt"/>
        <line num="22" count="0" type="stmt"/>
        <line num="25" count="0" type="stmt"/>
        <line num="29" count="0" type="stmt"/>
        <line num="33" count="0" type="stmt"/>
        <line num="37" count="0" type="stmt"/>
        <line num="40" count="0" type="stmt"/>
        <line num="43" count="0" type="stmt"/>
        <line num="47" count="0" type="stmt"/>
        <line num="51" count="0" type="stmt"/>
        <line num="55" count="0" type="stmt"/>
        <line num="59" count="0" type="stmt"/>
        <line num="62" count="0" type="stmt"/>
        <line num="65" count="0" type="stmt"/>
        <line num="69" count="0" type="stmt"/>
        <line num="73" count="0" type="stmt"/>
        <line num="77" count="0" type="stmt"/>
        <line num="80" count="0" type="stmt"/>
        <line num="83" count="0" type="stmt"/>
        <line num="87" count="0" type="stmt"/>
        <line num="91" count="0" type="stmt"/>
        <line num="95" count="0" type="stmt"/>
        <line num="98" count="0" type="stmt"/>
        <line num="101" count="0" type="stmt"/>
        <line num="105" count="0" type="stmt"/>
        <line num="109" count="0" type="stmt"/>
        <line num="113" count="0" type="stmt"/>
        <line num="117" count="0" type="stmt"/>
        <line num="121" count="0" type="stmt"/>
        <line num="124" count="0" type="stmt"/>
        <line num="127" count="0" type="stmt"/>
        <line num="129" count="0" type="stmt"/>
        <line num="132" count="0" type="stmt"/>
        <line num="134" count="0" type="stmt"/>
        <line num="137" count="0" type="stmt"/>
        <line num="140" count="0" type="stmt"/>
        <line num="143" count="0" type="stmt"/>
        <line num="147" count="0" type="stmt"/>
        <line num="151" count="0" type="stmt"/>
        <line num="155" count="0" type="stmt"/>
        <line num="159" count="0" type="stmt"/>
        <line num="162" count="0" type="stmt"/>
        <line num="166" count="0" type="stmt"/>
        <line num="170" count="0" type="stmt"/>
        <line num="174" count="0" type="stmt"/>
        <line num="178" count="0" type="stmt"/>
        <line num="182" count="0" type="stmt"/>
        <line num="186" count="0" type="stmt"/>
      </file>
      <file name="user.dto.ts" path="/Users/rex/Projects/substack-senior-assessment/src/dtos/user.dto.ts">
        <metrics statements="20" coveredstatements="0" conditionals="0" coveredconditionals="0" methods="0" coveredmethods="0"/>
        <line num="1" count="0" type="stmt"/>
        <line num="2" count="0" type="stmt"/>
        <line num="3" count="0" type="stmt"/>
        <line num="6" count="0" type="stmt"/>
        <line num="9" count="0" type="stmt"/>
        <line num="14" count="0" type="stmt"/>
        <line num="19" count="0" type="stmt"/>
        <line num="24" count="0" type="stmt"/>
        <line num="29" count="0" type="stmt"/>
        <line num="33" count="0" type="stmt"/>
        <line num="36" count="0" type="stmt"/>
        <line num="41" count="0" type="stmt"/>
        <line num="45" count="0" type="stmt"/>
        <line num="47" count="0" type="stmt"/>
        <line num="50" count="0" type="stmt"/>
        <line num="53" count="0" type="stmt"/>
        <line num="56" count="0" type="stmt"/>
        <line num="59" count="0" type="stmt"/>
        <line num="62" count="0" type="stmt"/>
        <line num="65" count="0" type="stmt"/>
      </file>
      <file name="wallet.dto.ts" path="/Users/rex/Projects/substack-senior-assessment/src/dtos/wallet.dto.ts">
        <metrics statements="12" coveredstatements="0" conditionals="0" coveredconditionals="0" methods="0" coveredmethods="0"/>
        <line num="1" count="0" type="stmt"/>
        <line num="2" count="0" type="stmt"/>
        <line num="5" count="0" type="stmt"/>
        <line num="8" count="0" type="stmt"/>
        <line num="13" count="0" type="stmt"/>
        <line num="17" count="0" type="stmt"/>
        <line num="21" count="0" type="stmt"/>
        <line num="25" count="0" type="stmt"/>
        <line num="28" count="0" type="stmt"/>
        <line num="33" count="0" type="stmt"/>
        <line num="37" count="0" type="stmt"/>
        <line num="41" count="0" type="stmt"/>
      </file>
    </package>
    <package name="src.interfaces">
      <metrics statements="4" coveredstatements="4" conditionals="2" coveredconditionals="2" methods="1" coveredmethods="1"/>
      <file name="role.interface.ts" path="/Users/rex/Projects/substack-senior-assessment/src/interfaces/role.interface.ts">
        <metrics statements="4" coveredstatements="4" conditionals="2" coveredconditionals="2" methods="1" coveredmethods="1"/>
        <line num="14" count="3" type="cond" truecount="2" falsecount="0"/>
        <line num="15" count="3" type="stmt"/>
        <line num="16" count="3" type="stmt"/>
        <line num="19" count="3" type="stmt"/>
      </file>
    </package>
    <package name="src.middleware">
      <metrics statements="98" coveredstatements="54" conditionals="49" coveredconditionals="17" methods="13" coveredmethods="8"/>
      <file name="audit.middleware.ts" path="/Users/rex/Projects/substack-senior-assessment/src/middleware/audit.middleware.ts">
        <metrics statements="22" coveredstatements="5" conditionals="10" coveredconditionals="0" methods="3" coveredmethods="1"/>
        <line num="2" count="2" type="stmt"/>
        <line num="3" count="2" type="stmt"/>
        <line num="5" count="2" type="stmt"/>
        <line num="17" count="2" type="stmt"/>
        <line num="18" count="2" type="stmt"/>
        <line num="19" count="0" type="stmt"/>
        <line num="21" count="0" type="stmt"/>
        <line num="22" count="0" type="stmt"/>
        <line num="24" count="0" type="cond" truecount="0" falsecount="4"/>
        <line num="25" count="0" type="stmt"/>
        <line num="27" count="0" type="cond" truecount="0" falsecount="1"/>
        <line num="28" count="0" type="stmt"/>
        <line num="29" count="0" type="stmt"/>
        <line num="32" count="0" type="stmt"/>
        <line num="33" count="0" type="stmt"/>
        <line num="43" count="0" type="cond" truecount="0" falsecount="1"/>
        <line num="44" count="0" type="stmt"/>
        <line num="47" count="0" type="stmt"/>
        <line num="48" count="0" type="stmt"/>
        <line num="51" count="0" type="stmt"/>
        <line num="54" count="0" type="stmt"/>
        <line num="57" count="0" type="stmt"/>
      </file>
      <file name="auth.middleware.ts" path="/Users/rex/Projects/substack-senior-assessment/src/middleware/auth.middleware.ts">
        <metrics statements="59" coveredstatements="36" conditionals="30" coveredconditionals="13" methods="7" coveredmethods="5"/>
        <line num="2" count="2" type="stmt"/>
        <line num="3" count="2" type="stmt"/>
        <line num="4" count="2" type="stmt"/>
        <line num="5" count="2" type="stmt"/>
        <line num="20" count="2" type="stmt"/>
        <line num="21" count="2" type="stmt"/>
        <line num="22" count="5" type="stmt"/>
        <line num="23" count="5" type="stmt"/>
        <line num="24" count="5" type="cond" truecount="3" falsecount="0"/>
        <line num="25" count="2" type="stmt"/>
        <line num="28" count="3" type="stmt"/>
        <line num="29" count="3" type="cond" truecount="0" falsecount="1"/>
        <line num="30" count="0" type="stmt"/>
        <line num="33" count="3" type="stmt"/>
        <line num="34" count="3" type="cond" truecount="0" falsecount="1"/>
        <line num="35" count="0" type="stmt"/>
        <line num="38" count="3" type="stmt"/>
        <line num="39" count="0" type="cond" truecount="0" falsecount="4"/>
        <line num="40" count="0" type="stmt"/>
        <line num="43" count="0" type="stmt"/>
        <line num="48" count="0" type="cond" truecount="0" falsecount="1"/>
        <line num="49" count="0" type="stmt"/>
        <line num="52" count="0" type="cond" truecount="0" falsecount="1"/>
        <line num="53" count="0" type="stmt"/>
        <line num="56" count="0" type="stmt"/>
        <line num="57" count="0" type="stmt"/>
        <line num="59" count="5" type="cond" truecount="2" falsecount="0"/>
        <line num="60" count="3" type="stmt"/>
        <line num="62" count="2" type="stmt"/>
        <line num="68" count="2" type="stmt"/>
        <line num="69" count="10" type="stmt"/>
        <line num="70" count="0" type="cond" truecount="0" falsecount="1"/>
        <line num="71" count="0" type="stmt"/>
        <line num="74" count="0" type="stmt"/>
        <line num="75" count="0" type="cond" truecount="0" falsecount="2"/>
        <line num="77" count="0" type="stmt"/>
        <line num="78" count="0" type="cond" truecount="0" falsecount="2"/>
        <line num="81" count="0" type="cond" truecount="0" falsecount="1"/>
        <line num="82" count="0" type="stmt"/>
        <line num="85" count="0" type="stmt"/>
        <line num="89" count="2" type="stmt"/>
        <line num="90" count="2" type="stmt"/>
        <line num="91" count="3" type="stmt"/>
        <line num="92" count="3" type="stmt"/>
        <line num="93" count="3" type="cond" truecount="3" falsecount="0"/>
        <line num="94" count="1" type="stmt"/>
        <line num="97" count="2" type="stmt"/>
        <line num="98" count="2" type="cond" truecount="0" falsecount="1"/>
        <line num="99" count="0" type="stmt"/>
        <line num="102" count="2" type="stmt"/>
        <line num="103" count="2" type="cond" truecount="0" falsecount="1"/>
        <line num="104" count="0" type="stmt"/>
        <line num="107" count="2" type="stmt"/>
        <line num="109" count="1" type="cond" truecount="3" falsecount="1"/>
        <line num="110" count="0" type="stmt"/>
        <line num="113" count="1" type="stmt"/>
        <line num="115" count="2" type="cond" truecount="2" falsecount="0"/>
        <line num="116" count="1" type="stmt"/>
        <line num="118" count="1" type="stmt"/>
      </file>
      <file name="error.middleware.ts" path="/Users/rex/Projects/substack-senior-assessment/src/middleware/error.middleware.ts">
        <metrics statements="17" coveredstatements="13" conditionals="9" coveredconditionals="4" methods="3" coveredmethods="2"/>
        <line num="2" count="3" type="stmt"/>
        <line num="3" count="3" type="stmt"/>
        <line num="5" count="3" type="stmt"/>
        <line num="6" count="21" type="stmt"/>
        <line num="7" count="21" type="stmt"/>
        <line num="8" count="21" type="stmt"/>
        <line num="12" count="3" type="stmt"/>
        <line num="18" count="11" type="cond" truecount="1" falsecount="1"/>
        <line num="19" count="11" type="cond" truecount="1" falsecount="1"/>
        <line num="21" count="11" type="cond" truecount="1" falsecount="1"/>
        <line num="22" count="11" type="stmt"/>
        <line num="24" count="0" type="stmt"/>
        <line num="27" count="11" type="cond" truecount="1" falsecount="2"/>
        <line num="28" count="0" type="stmt"/>
        <line num="31" count="0" type="stmt"/>
        <line num="36" count="0" type="stmt"/>
        <line num="39" count="11" type="stmt"/>
      </file>
    </package>
    <package name="src.models">
      <metrics statements="52" coveredstatements="50" conditionals="4" coveredconditionals="3" methods="5" coveredmethods="5"/>
      <file name="audit-log.model.ts" path="/Users/rex/Projects/substack-senior-assessment/src/models/audit-log.model.ts">
        <metrics statements="4" coveredstatements="4" conditionals="0" coveredconditionals="0" methods="0" coveredmethods="0"/>
        <line num="1" count="2" type="stmt"/>
        <line num="12" count="2" type="stmt"/>
        <line num="44" count="2" type="stmt"/>
        <line num="46" count="2" type="stmt"/>
      </file>
      <file name="rates.model.ts" path="/Users/rex/Projects/substack-senior-assessment/src/models/rates.model.ts">
        <metrics statements="4" coveredstatements="4" conditionals="0" coveredconditionals="0" methods="0" coveredmethods="0"/>
        <line num="1" count="3" type="stmt"/>
        <line num="10" count="3" type="stmt"/>
        <line num="37" count="3" type="stmt"/>
        <line num="39" count="3" type="stmt"/>
      </file>
      <file name="transaction.model.ts" path="/Users/rex/Projects/substack-senior-assessment/src/models/transaction.model.ts">
        <metrics statements="8" coveredstatements="8" conditionals="2" coveredconditionals="2" methods="1" coveredmethods="1"/>
        <line num="1" count="3" type="stmt"/>
        <line num="12" count="3" type="cond" truecount="2" falsecount="0"/>
        <line num="13" count="3" type="stmt"/>
        <line num="14" count="3" type="stmt"/>
        <line num="15" count="3" type="stmt"/>
        <line num="16" count="3" type="stmt"/>
        <line num="19" count="3" type="stmt"/>
        <line num="31" count="3" type="stmt"/>
      </file>
      <file name="user-account.model.ts" path="/Users/rex/Projects/substack-senior-assessment/src/models/user-account.model.ts">
        <metrics statements="13" coveredstatements="13" conditionals="1" coveredconditionals="1" methods="2" coveredmethods="2"/>
        <line num="1" count="3" type="stmt"/>
        <line num="8" count="3" type="stmt"/>
        <line num="21" count="3" type="stmt"/>
        <line num="22" count="3" type="cond" truecount="1" falsecount="0"/>
        <line num="23" count="3" type="stmt"/>
        <line num="25" count="3" type="stmt"/>
        <line num="30" count="3" type="stmt"/>
        <line num="31" count="3" type="stmt"/>
        <line num="33" count="3" type="stmt"/>
        <line num="34" count="3" type="stmt"/>
        <line num="35" count="3" type="stmt"/>
        <line num="38" count="3" type="stmt"/>
        <line num="41" count="3" type="stmt"/>
      </file>
      <file name="user.model.ts" path="/Users/rex/Projects/substack-senior-assessment/src/models/user.model.ts">
        <metrics statements="19" coveredstatements="17" conditionals="1" coveredconditionals="0" methods="2" coveredmethods="2"/>
        <line num="1" count="3" type="stmt"/>
        <line num="2" count="3" type="stmt"/>
        <line num="3" count="3" type="stmt"/>
        <line num="16" count="3" type="stmt"/>
        <line num="49" count="3" type="stmt"/>
        <line num="50" count="3" type="cond" truecount="0" falsecount="1"/>
        <line num="52" count="3" type="stmt"/>
        <line num="53" count="3" type="stmt"/>
        <line num="54" count="3" type="stmt"/>
        <line num="55" count="3" type="stmt"/>
        <line num="57" count="0" type="stmt"/>
        <line num="61" count="3" type="stmt"/>
        <line num="68" count="3" type="stmt"/>
        <line num="69" count="1" type="stmt"/>
        <line num="70" count="1" type="stmt"/>
        <line num="72" count="0" type="stmt"/>
        <line num="76" count="3" type="stmt"/>
        <line num="77" count="3" type="stmt"/>
        <line num="79" count="3" type="stmt"/>
      </file>
      <file name="wallets.model.ts" path="/Users/rex/Projects/substack-senior-assessment/src/models/wallets.model.ts">
        <metrics statements="4" coveredstatements="4" conditionals="0" coveredconditionals="0" methods="0" coveredmethods="0"/>
        <line num="1" count="3" type="stmt"/>
        <line num="9" count="3" type="stmt"/>
        <line num="27" count="3" type="stmt"/>
        <line num="29" count="3" type="stmt"/>
      </file>
    </package>
    <package name="src.routes">
      <metrics statements="29" coveredstatements="29" conditionals="0" coveredconditionals="0" methods="0" coveredmethods="0"/>
      <file name="auth.routes.ts" path="/Users/rex/Projects/substack-senior-assessment/src/routes/auth.routes.ts">
        <metrics statements="7" coveredstatements="7" conditionals="0" coveredconditionals="0" methods="0" coveredmethods="0"/>
        <line num="1" count="2" type="stmt"/>
        <line num="2" count="2" type="stmt"/>
        <line num="4" count="2" type="stmt"/>
        <line num="5" count="2" type="stmt"/>
        <line num="53" count="2" type="stmt"/>
        <line num="93" count="2" type="stmt"/>
        <line num="95" count="2" type="stmt"/>
      </file>
      <file name="banking.routes.ts" path="/Users/rex/Projects/substack-senior-assessment/src/routes/banking.routes.ts">
        <metrics statements="16" coveredstatements="16" conditionals="0" coveredconditionals="0" methods="0" coveredmethods="0"/>
        <line num="1" count="2" type="stmt"/>
        <line num="2" count="2" type="stmt"/>
        <line num="3" count="2" type="stmt"/>
        <line num="4" count="2" type="stmt"/>
        <line num="5" count="2" type="stmt"/>
        <line num="7" count="2" type="stmt"/>
        <line num="8" count="2" type="stmt"/>
        <line num="57" count="2" type="stmt"/>
        <line num="61" count="2" type="stmt"/>
        <line num="62" count="2" type="stmt"/>
        <line num="107" count="2" type="stmt"/>
        <line num="150" count="2" type="stmt"/>
        <line num="173" count="2" type="stmt"/>
        <line num="196" count="2" type="stmt"/>
        <line num="232" count="2" type="stmt"/>
        <line num="234" count="2" type="stmt"/>
      </file>
      <file name="health.routes.ts" path="/Users/rex/Projects/substack-senior-assessment/src/routes/health.routes.ts">
        <metrics statements="6" coveredstatements="6" conditionals="0" coveredconditionals="0" methods="0" coveredmethods="0"/>
        <line num="1" count="2" type="stmt"/>
        <line num="2" count="2" type="stmt"/>
        <line num="4" count="2" type="stmt"/>
        <line num="5" count="2" type="stmt"/>
        <line num="45" count="2" type="stmt"/>
        <line num="47" count="2" type="stmt"/>
      </file>
    </package>
    <package name="src.services">
      <metrics statements="359" coveredstatements="137" conditionals="137" coveredconditionals="35" methods="40" coveredmethods="23"/>
      <file name="auth.service.ts" path="/Users/rex/Projects/substack-senior-assessment/src/services/auth.service.ts">
        <metrics statements="30" coveredstatements="27" conditionals="6" coveredconditionals="2" methods="5" coveredmethods="5"/>
        <line num="1" count="3" type="stmt"/>
        <line num="2" count="3" type="stmt"/>
        <line num="4" count="3" type="stmt"/>
        <line num="5" count="3" type="stmt"/>
        <line num="6" count="3" type="stmt"/>
        <line num="7" count="3" type="stmt"/>
        <line num="9" count="3" type="stmt"/>
        <line num="13" count="3" type="stmt"/>
        <line num="16" count="3" type="stmt"/>
        <line num="17" count="3" type="cond" truecount="0" falsecount="1"/>
        <line num="18" count="0" type="stmt"/>
        <line num="21" count="3" type="stmt"/>
        <line num="23" count="3" type="stmt"/>
        <line num="25" count="3" type="stmt"/>
        <line num="31" count="3" type="stmt"/>
        <line num="35" count="5" type="stmt"/>
        <line num="36" count="5" type="cond" truecount="1" falsecount="0"/>
        <line num="37" count="4" type="stmt"/>
        <line num="40" count="1" type="stmt"/>
        <line num="41" count="1" type="cond" truecount="0" falsecount="1"/>
        <line num="42" count="0" type="stmt"/>
        <line num="45" count="1" type="stmt"/>
        <line num="46" count="1" type="stmt"/>
        <line num="53" count="1" type="stmt"/>
        <line num="54" count="1" type="cond" truecount="0" falsecount="1"/>
        <line num="55" count="0" type="stmt"/>
        <line num="58" count="1" type="cond" truecount="1" falsecount="1"/>
        <line num="60" count="1" type="stmt"/>
        <line num="68" count="4" type="stmt"/>
        <line num="69" count="4" type="stmt"/>
      </file>
      <file name="banking.service.ts" path="/Users/rex/Projects/substack-senior-assessment/src/services/banking.service.ts">
        <metrics statements="61" coveredstatements="42" conditionals="39" coveredconditionals="16" methods="8" coveredmethods="8"/>
        <line num="1" count="3" type="stmt"/>
        <line num="2" count="3" type="stmt"/>
        <line num="3" count="3" type="stmt"/>
        <line num="5" count="3" type="stmt"/>
        <line num="6" count="3" type="stmt"/>
        <line num="11" count="3" type="stmt"/>
        <line num="15" count="12" type="stmt"/>
        <line num="19" count="4" type="stmt"/>
        <line num="20" count="4" type="cond" truecount="3" falsecount="0"/>
        <line num="21" count="3" type="cond" truecount="2" falsecount="1"/>
        <line num="22" count="3" type="cond" truecount="1" falsecount="0"/>
        <line num="24" count="2" type="stmt"/>
        <line num="29" count="2" type="stmt"/>
        <line num="30" count="2" type="cond" truecount="1" falsecount="0"/>
        <line num="32" count="0" type="cond" truecount="0" falsecount="1"/>
        <line num="34" count="0" type="stmt"/>
        <line num="41" count="0" type="stmt"/>
        <line num="47" count="0" type="stmt"/>
        <line num="51" count="2" type="stmt"/>
        <line num="52" count="2" type="stmt"/>
        <line num="53" count="2" type="cond" truecount="1" falsecount="0"/>
        <line num="55" count="1" type="stmt"/>
        <line num="61" count="1" type="stmt"/>
        <line num="71" count="1" type="stmt"/>
        <line num="79" count="1" type="stmt"/>
        <line num="83" count="2" type="stmt"/>
        <line num="84" count="2" type="stmt"/>
        <line num="90" count="2" type="cond" truecount="3" falsecount="0"/>
        <line num="91" count="1" type="cond" truecount="1" falsecount="0"/>
        <line num="93" count="0" type="cond" truecount="0" falsecount="3"/>
        <line num="98" count="0" type="cond" truecount="0" falsecount="3"/>
        <line num="105" count="0" type="cond" truecount="0" falsecount="4"/>
        <line num="106" count="0" type="stmt"/>
        <line num="114" count="0" type="cond" truecount="0" falsecount="1"/>
        <line num="116" count="0" type="stmt"/>
        <line num="125" count="0" type="stmt"/>
        <line num="133" count="0" type="stmt"/>
        <line num="137" count="1" type="stmt"/>
        <line num="138" count="1" type="cond" truecount="0" falsecount="1"/>
        <line num="139" count="1" type="cond" truecount="0" falsecount="1"/>
        <line num="142" count="1" type="stmt"/>
        <line num="153" count="1" type="cond" truecount="1" falsecount="0"/>
        <line num="154" count="0" type="cond" truecount="0" falsecount="1"/>
        <line num="156" count="0" type="stmt"/>
        <line num="164" count="1" type="stmt"/>
        <line num="165" count="1" type="cond" truecount="0" falsecount="1"/>
        <line num="166" count="1" type="cond" truecount="0" falsecount="1"/>
        <line num="169" count="1" type="stmt"/>
        <line num="180" count="1" type="cond" truecount="1" falsecount="0"/>
        <line num="181" count="0" type="cond" truecount="0" falsecount="1"/>
        <line num="183" count="0" type="stmt"/>
        <line num="187" count="1" type="stmt"/>
        <line num="188" count="1" type="cond" truecount="0" falsecount="1"/>
        <line num="189" count="1" type="cond" truecount="0" falsecount="1"/>
        <line num="190" count="1" type="cond" truecount="0" falsecount="1"/>
        <line num="192" count="1" type="stmt"/>
        <line num="193" count="1" type="cond" truecount="1" falsecount="0"/>
        <line num="195" count="0" type="stmt"/>
        <line num="202" count="0" type="stmt"/>
        <line num="209" count="0" type="stmt"/>
        <line num="218" count="3" type="cond" truecount="1" falsecount="1"/>
      </file>
      <file name="currency.service.ts" path="/Users/rex/Projects/substack-senior-assessment/src/services/currency.service.ts">
        <metrics statements="39" coveredstatements="8" conditionals="11" coveredconditionals="0" methods="2" coveredmethods="1"/>
        <line num="1" count="3" type="stmt"/>
        <line num="2" count="3" type="stmt"/>
        <line num="3" count="3" type="stmt"/>
        <line num="4" count="3" type="stmt"/>
        <line num="5" count="3" type="stmt"/>
        <line num="7" count="3" type="stmt"/>
        <line num="9" count="3" type="stmt"/>
        <line num="10" count="12" type="stmt"/>
        <line num="13" count="0" type="stmt"/>
        <line num="14" count="0" type="cond" truecount="0" falsecount="1"/>
        <line num="15" count="0" type="stmt"/>
        <line num="16" count="0" type="stmt"/>
        <line num="17" count="0" type="stmt"/>
        <line num="20" count="0" type="stmt"/>
        <line num="21" count="0" type="stmt"/>
        <line num="23" count="0" type="stmt"/>
        <line num="24" count="0" type="stmt"/>
        <line num="25" count="0" type="cond" truecount="0" falsecount="3"/>
        <line num="26" count="0" type="cond" truecount="0" falsecount="1"/>
        <line num="28" count="0" type="stmt"/>
        <line num="29" count="0" type="stmt"/>
        <line num="30" count="0" type="cond" truecount="0" falsecount="3"/>
        <line num="32" count="0" type="stmt"/>
        <line num="33" count="0" type="cond" truecount="0" falsecount="1"/>
        <line num="34" count="0" type="stmt"/>
        <line num="36" count="0" type="stmt"/>
        <line num="39" count="0" type="stmt"/>
        <line num="42" count="0" type="stmt"/>
        <line num="45" count="0" type="stmt"/>
        <line num="48" count="0" type="stmt"/>
        <line num="50" count="0" type="cond" truecount="0" falsecount="1"/>
        <line num="51" count="0" type="stmt"/>
        <line num="52" count="0" type="stmt"/>
        <line num="55" count="0" type="stmt"/>
        <line num="57" count="0" type="cond" truecount="0" falsecount="1"/>
        <line num="58" count="0" type="stmt"/>
        <line num="59" count="0" type="stmt"/>
        <line num="61" count="0" type="stmt"/>
        <line num="62" count="0" type="stmt"/>
      </file>
      <file name="external-bank.service.ts" path="/Users/rex/Projects/substack-senior-assessment/src/services/external-bank.service.ts">
        <metrics statements="31" coveredstatements="12" conditionals="18" coveredconditionals="10" methods="4" coveredmethods="2"/>
        <line num="1" count="3" type="stmt"/>
        <line num="2" count="3" type="stmt"/>
        <line num="27" count="3" type="stmt"/>
        <line num="29" count="0" type="stmt"/>
        <line num="30" count="0" type="stmt"/>
        <line num="32" count="0" type="stmt"/>
        <line num="35" count="0" type="stmt"/>
        <line num="37" count="0" type="cond" truecount="0" falsecount="2"/>
        <line num="38" count="0" type="stmt"/>
        <line num="39" count="0" type="stmt"/>
        <line num="40" count="0" type="stmt"/>
        <line num="42" count="0" type="stmt"/>
        <line num="43" count="0" type="stmt"/>
        <line num="46" count="0" type="stmt"/>
        <line num="47" count="0" type="stmt"/>
        <line num="52" count="1" type="stmt"/>
        <line num="53" count="1" type="stmt"/>
        <line num="55" count="1" type="cond" truecount="6" falsecount="1"/>
        <line num="56" count="0" type="stmt"/>
        <line num="60" count="1" type="stmt"/>
        <line num="62" count="1" type="cond" truecount="0" falsecount="1"/>
        <line num="63" count="0" type="stmt"/>
        <line num="64" count="0" type="cond" truecount="0" falsecount="2"/>
        <line num="68" count="1" type="cond" truecount="2" falsecount="1"/>
        <line num="69" count="0" type="stmt"/>
        <line num="73" count="1" type="cond" truecount="2" falsecount="1"/>
        <line num="74" count="0" type="stmt"/>
        <line num="77" count="1" type="stmt"/>
        <line num="79" count="0" type="stmt"/>
        <line num="80" count="0" type="stmt"/>
        <line num="87" count="1" type="stmt"/>
      </file>
      <file name="transaction.service.ts" path="/Users/rex/Projects/substack-senior-assessment/src/services/transaction.service.ts">
        <metrics statements="139" coveredstatements="29" conditionals="45" coveredconditionals="6" methods="10" coveredmethods="2"/>
        <line num="1" count="3" type="stmt"/>
        <line num="2" count="3" type="stmt"/>
        <line num="3" count="3" type="stmt"/>
        <line num="4" count="3" type="stmt"/>
        <line num="5" count="3" type="stmt"/>
        <line num="6" count="3" type="stmt"/>
        <line num="7" count="3" type="stmt"/>
        <line num="8" count="3" type="stmt"/>
        <line num="10" count="3" type="stmt"/>
        <line num="13" count="3" type="stmt"/>
        <line num="19" count="12" type="stmt"/>
        <line num="20" count="12" type="stmt"/>
        <line num="21" count="12" type="stmt"/>
        <line num="28" count="0" type="stmt"/>
        <line num="29" count="0" type="cond" truecount="0" falsecount="1"/>
        <line num="30" count="0" type="stmt"/>
        <line num="31" count="0" type="stmt"/>
        <line num="32" count="0" type="stmt"/>
        <line num="34" count="0" type="stmt"/>
        <line num="35" count="0" type="stmt"/>
        <line num="36" count="0" type="cond" truecount="0" falsecount="2"/>
        <line num="38" count="0" type="cond" truecount="0" falsecount="1"/>
        <line num="39" count="0" type="stmt"/>
        <line num="41" count="0" type="stmt"/>
        <line num="42" count="0" type="stmt"/>
        <line num="44" count="0" type="cond" truecount="0" falsecount="1"/>
        <line num="45" count="0" type="stmt"/>
        <line num="46" count="0" type="stmt"/>
        <line num="48" count="0" type="stmt"/>
        <line num="54" count="0" type="cond" truecount="0" falsecount="1"/>
        <line num="55" count="0" type="stmt"/>
        <line num="56" count="0" type="stmt"/>
        <line num="58" count="0" type="stmt"/>
        <line num="59" count="0" type="stmt"/>
        <line num="67" count="0" type="stmt"/>
        <line num="68" count="0" type="cond" truecount="0" falsecount="1"/>
        <line num="69" count="0" type="stmt"/>
        <line num="70" count="0" type="stmt"/>
        <line num="71" count="0" type="stmt"/>
        <line num="73" count="0" type="stmt"/>
        <line num="74" count="0" type="stmt"/>
        <line num="75" count="0" type="cond" truecount="0" falsecount="3"/>
        <line num="76" count="0" type="stmt"/>
        <line num="77" count="0" type="cond" truecount="0" falsecount="3"/>
        <line num="78" count="0" type="stmt"/>
        <line num="79" count="0" type="cond" truecount="0" falsecount="1"/>
        <line num="81" count="0" type="stmt"/>
        <line num="84" count="0" type="stmt"/>
        <line num="87" count="0" type="stmt"/>
        <line num="88" count="0" type="stmt"/>
        <line num="91" count="0" type="stmt"/>
        <line num="99" count="0" type="cond" truecount="0" falsecount="1"/>
        <line num="100" count="0" type="stmt"/>
        <line num="102" count="0" type="stmt"/>
        <line num="103" count="0" type="stmt"/>
        <line num="104" count="0" type="stmt"/>
        <line num="107" count="0" type="cond" truecount="0" falsecount="1"/>
        <line num="108" count="0" type="stmt"/>
        <line num="109" count="0" type="stmt"/>
        <line num="111" count="0" type="stmt"/>
        <line num="113" count="0" type="cond" truecount="0" falsecount="1"/>
        <line num="114" count="0" type="stmt"/>
        <line num="115" count="0" type="stmt"/>
        <line num="117" count="0" type="stmt"/>
        <line num="118" count="0" type="stmt"/>
        <line num="127" count="1" type="stmt"/>
        <line num="129" count="1" type="stmt"/>
        <line num="131" count="1" type="cond" truecount="2" falsecount="1"/>
        <line num="132" count="1" type="cond" truecount="2" falsecount="1"/>
        <line num="133" count="1" type="cond" truecount="0" falsecount="1"/>
        <line num="135" count="1" type="stmt"/>
        <line num="136" count="1" type="cond" truecount="0" falsecount="1"/>
        <line num="138" count="1" type="stmt"/>
        <line num="147" count="1" type="cond" truecount="0" falsecount="1"/>
        <line num="148" count="0" type="stmt"/>
        <line num="149" count="0" type="stmt"/>
        <line num="152" count="1" type="stmt"/>
        <line num="153" count="1" type="stmt"/>
        <line num="154" count="1" type="stmt"/>
        <line num="159" count="1" type="stmt"/>
        <line num="160" count="1" type="stmt"/>
        <line num="162" count="0" type="cond" truecount="0" falsecount="2"/>
        <line num="163" count="0" type="stmt"/>
        <line num="165" count="1" type="cond" truecount="2" falsecount="0"/>
        <line num="171" count="0" type="stmt"/>
        <line num="172" count="0" type="cond" truecount="0" falsecount="1"/>
        <line num="173" count="0" type="stmt"/>
        <line num="174" count="0" type="stmt"/>
        <line num="175" count="0" type="stmt"/>
        <line num="178" count="0" type="stmt"/>
        <line num="179" count="0" type="stmt"/>
        <line num="180" count="0" type="stmt"/>
        <line num="181" count="0" type="cond" truecount="0" falsecount="1"/>
        <line num="183" count="0" type="cond" truecount="0" falsecount="1"/>
        <line num="186" count="0" type="stmt"/>
        <line num="188" count="0" type="stmt"/>
        <line num="191" count="0" type="stmt"/>
        <line num="194" count="0" type="cond" truecount="0" falsecount="1"/>
        <line num="195" count="0" type="stmt"/>
        <line num="196" count="0" type="stmt"/>
        <line num="199" count="0" type="stmt"/>
        <line num="201" count="0" type="cond" truecount="0" falsecount="1"/>
        <line num="202" count="0" type="stmt"/>
        <line num="203" count="0" type="stmt"/>
        <line num="205" count="0" type="stmt"/>
        <line num="206" count="0" type="stmt"/>
        <line num="211" count="0" type="stmt"/>
        <line num="212" count="0" type="cond" truecount="0" falsecount="1"/>
        <line num="213" count="0" type="stmt"/>
        <line num="214" count="0" type="stmt"/>
        <line num="215" count="0" type="stmt"/>
        <line num="218" count="0" type="stmt"/>
        <line num="219" count="0" type="stmt"/>
        <line num="220" count="0" type="stmt"/>
        <line num="221" count="0" type="cond" truecount="0" falsecount="1"/>
        <line num="223" count="0" type="cond" truecount="0" falsecount="1"/>
        <line num="225" count="0" type="stmt"/>
        <line num="227" count="0" type="stmt"/>
        <line num="230" count="0" type="stmt"/>
        <line num="233" count="0" type="cond" truecount="0" falsecount="1"/>
        <line num="234" count="0" type="stmt"/>
        <line num="235" count="0" type="stmt"/>
        <line num="238" count="0" type="stmt"/>
        <line num="240" count="0" type="cond" truecount="0" falsecount="1"/>
        <line num="241" count="0" type="stmt"/>
        <line num="242" count="0" type="stmt"/>
        <line num="244" count="0" type="stmt"/>
        <line num="245" count="0" type="stmt"/>
        <line num="250" count="0" type="cond" truecount="0" falsecount="2"/>
        <line num="251" count="0" type="stmt"/>
        <line num="252" count="0" type="stmt"/>
        <line num="254" count="0" type="stmt"/>
        <line num="260" count="0" type="stmt"/>
        <line num="264" count="0" type="stmt"/>
        <line num="265" count="0" type="cond" truecount="0" falsecount="1"/>
        <line num="267" count="0" type="stmt"/>
        <line num="275" count="0" type="stmt"/>
        <line num="276" count="0" type="stmt"/>
        <line num="285" count="3" type="cond" truecount="0" falsecount="2"/>
      </file>
      <file name="utils.services.ts" path="/Users/rex/Projects/substack-senior-assessment/src/services/utils.services.ts">
        <metrics statements="14" coveredstatements="0" conditionals="9" coveredconditionals="0" methods="2" coveredmethods="0"/>
        <line num="1" count="0" type="stmt"/>
        <line num="2" count="0" type="stmt"/>
        <line num="13" count="0" type="stmt"/>
        <line num="18" count="0" type="stmt"/>
        <line num="19" count="0" type="stmt"/>
        <line num="20" count="0" type="stmt"/>
        <line num="21" count="0" type="stmt"/>
        <line num="24" count="0" type="cond" truecount="0" falsecount="6"/>
        <line num="27" count="0" type="cond" truecount="0" falsecount="1"/>
        <line num="28" count="0" type="stmt"/>
        <line num="31" count="0" type="stmt"/>
        <line num="32" count="0" type="stmt"/>
        <line num="36" count="0" type="stmt"/>
        <line num="39" count="0" type="stmt"/>
      </file>
      <file name="wallet.service.ts" path="/Users/rex/Projects/substack-senior-assessment/src/services/wallet.service.ts">
        <metrics statements="45" coveredstatements="19" conditionals="9" coveredconditionals="1" methods="9" coveredmethods="5"/>
        <line num="1" count="3" type="stmt"/>
        <line num="2" count="3" type="stmt"/>
        <line num="3" count="3" type="stmt"/>
        <line num="5" count="3" type="stmt"/>
        <line num="8" count="3" type="stmt"/>
        <line num="10" count="3" type="stmt"/>
        <line num="11" count="27" type="cond" truecount="1" falsecount="1"/>
        <line num="14" count="0" type="stmt"/>
        <line num="15" count="0" type="cond" truecount="0" falsecount="1"/>
        <line num="16" count="0" type="stmt"/>
        <line num="20" count="0" type="stmt"/>
        <line num="24" count="0" type="cond" truecount="0" falsecount="1"/>
        <line num="25" count="0" type="stmt"/>
        <line num="32" count="1" type="stmt"/>
        <line num="33" count="1" type="stmt"/>
        <line num="36" count="1" type="stmt"/>
        <line num="37" count="1" type="cond" truecount="0" falsecount="1"/>
        <line num="40" count="1" type="stmt"/>
        <line num="45" count="1" type="cond" truecount="0" falsecount="1"/>
        <line num="47" count="1" type="stmt"/>
        <line num="60" count="1" type="stmt"/>
        <line num="62" count="0" type="stmt"/>
        <line num="63" count="0" type="stmt"/>
        <line num="71" count="0" type="stmt"/>
        <line num="72" count="0" type="stmt"/>
        <line num="74" count="0" type="stmt"/>
        <line num="75" count="0" type="cond" truecount="0" falsecount="1"/>
        <line num="77" count="0" type="stmt"/>
        <line num="82" count="0" type="cond" truecount="0" falsecount="1"/>
        <line num="84" count="0" type="stmt"/>
        <line num="97" count="0" type="stmt"/>
        <line num="99" count="0" type="stmt"/>
        <line num="100" count="0" type="stmt"/>
        <line num="105" count="0" type="stmt"/>
        <line num="106" count="0" type="stmt"/>
        <line num="108" count="0" type="cond" truecount="0" falsecount="1"/>
        <line num="109" count="0" type="stmt"/>
        <line num="111" count="0" type="stmt"/>
        <line num="118" count="0" type="stmt"/>
        <line num="120" count="0" type="stmt"/>
        <line num="121" count="0" type="stmt"/>
        <line num="126" count="537" type="stmt"/>
        <line num="132" count="3" type="stmt"/>
        <line num="133" count="537" type="stmt"/>
        <line num="136" count="3" type="stmt"/>
      </file>
    </package>
    <package name="src.utils">
      <metrics statements="13" coveredstatements="4" conditionals="7" coveredconditionals="2" methods="5" coveredmethods="1"/>
      <file name="decorators.ts" path="/Users/rex/Projects/substack-senior-assessment/src/utils/decorators.ts">
        <metrics statements="7" coveredstatements="0" conditionals="2" coveredconditionals="0" methods="4" coveredmethods="0"/>
        <line num="1" count="0" type="stmt"/>
        <line num="3" count="0" type="stmt"/>
        <line num="4" count="0" type="stmt"/>
        <line num="5" count="0" type="stmt"/>
        <line num="12" count="0" type="stmt"/>
        <line num="13" count="0" type="cond" truecount="0" falsecount="2"/>
        <line num="16" count="0" type="stmt"/>
      </file>
      <file name="logger.ts" path="/Users/rex/Projects/substack-senior-assessment/src/utils/logger.ts">
        <metrics statements="6" coveredstatements="4" conditionals="5" coveredconditionals="2" methods="1" coveredmethods="1"/>
        <line num="1" count="3" type="stmt"/>
        <line num="3" count="3" type="stmt"/>
        <line num="16" count="25" type="stmt"/>
        <line num="25" count="3" type="cond" truecount="0" falsecount="1"/>
        <line num="26" count="0" type="stmt"/>
        <line num="29" count="0" type="stmt"/>
      </file>
    </package>
  </project>
</coverage>
