{"/Users/rex/Projects/substack-senior-assessment/src/app.ts": {"path":"/Users/rex/Projects/substack-senior-assessment/src/app.ts","statementMap":{"0":{"start":{"line":1,"column":0},"end":{"line":1,"column":67}},"1":{"start":{"line":2,"column":0},"end":{"line":2,"column":24}},"2":{"start":{"line":3,"column":0},"end":{"line":3,"column":43}},"3":{"start":{"line":4,"column":0},"end":{"line":4,"column":28}},"4":{"start":{"line":5,"column":0},"end":{"line":5,"column":43}},"5":{"start":{"line":6,"column":0},"end":{"line":6,"column":76}},"6":{"start":{"line":7,"column":0},"end":{"line":7,"column":40}},"7":{"start":{"line":8,"column":0},"end":{"line":8,"column":54}},"8":{"start":{"line":9,"column":0},"end":{"line":9,"column":50}},"9":{"start":{"line":10,"column":0},"end":{"line":10,"column":47}},"10":{"start":{"line":11,"column":0},"end":{"line":11,"column":52}},"11":{"start":{"line":12,"column":0},"end":{"line":12,"column":28}},"12":{"start":{"line":13,"column":0},"end":{"line":13,"column":27}},"13":{"start":{"line":14,"column":0},"end":{"line":14,"column":null}},"14":{"start":{"line":15,"column":12},"end":{"line":15,"column":21}},"15":{"start":{"line":70,"column":9},"end":{"line":70,"column":12}},"16":{"start":{"line":17,"column":0},"end":{"line":26,"column":4}},"17":{"start":{"line":28,"column":0},"end":{"line":35,"column":4}},"18":{"start":{"line":38,"column":0},"end":{"line":38,"column":68}},"19":{"start":{"line":39,"column":0},"end":{"line":42,"column":3}},"20":{"start":{"line":40,"column":2},"end":{"line":40,"column":52}},"21":{"start":{"line":41,"column":2},"end":{"line":41,"column":24}},"22":{"start":{"line":44,"column":0},"end":{"line":44,"column":33}},"23":{"start":{"line":46,"column":16},"end":{"line":53,"column":2}},"24":{"start":{"line":50,"column":18},"end":{"line":50,"column":85}},"25":{"start":{"line":51,"column":4},"end":{"line":51,"column":16}},"26":{"start":{"line":54,"column":0},"end":{"line":54,"column":17}},"27":{"start":{"line":56,"column":0},"end":{"line":60,"column":4}},"28":{"start":{"line":58,"column":32},"end":{"line":58,"column":59}},"29":{"start":{"line":62,"column":0},"end":{"line":62,"column":24}},"30":{"start":{"line":63,"column":0},"end":{"line":63,"column":36}},"31":{"start":{"line":64,"column":0},"end":{"line":64,"column":42}},"32":{"start":{"line":66,"column":0},"end":{"line":68,"column":3}},"33":{"start":{"line":67,"column":2},"end":{"line":67,"column":36}}},"fnMap":{"0":{"name":"(anonymous_1)","decl":{"start":{"line":39,"column":25},"end":{"line":39,"column":26}},"loc":{"start":{"line":39,"column":38},"end":{"line":42,"column":1}}},"1":{"name":"(anonymous_2)","decl":{"start":{"line":49,"column":11},"end":{"line":49,"column":12}},"loc":{"start":{"line":49,"column":63},"end":{"line":52,"column":3}}},"2":{"name":"(anonymous_3)","decl":{"start":{"line":58,"column":11},"end":{"line":58,"column":12}},"loc":{"start":{"line":58,"column":32},"end":{"line":58,"column":59}}},"3":{"name":"(anonymous_4)","decl":{"start":{"line":66,"column":8},"end":{"line":66,"column":9}},"loc":{"start":{"line":66,"column":72},"end":{"line":68,"column":1}}}},"branchMap":{"0":{"loc":{"start":{"line":29,"column":10},"end":{"line":29,"column":84}},"type":"cond-expr","locations":[{"start":{"line":29,"column":40},"end":{"line":29,"column":78}},{"start":{"line":29,"column":81},"end":{"line":29,"column":84}}]},"1":{"loc":{"start":{"line":47,"column":12},"end":{"line":47,"column":70}},"type":"binary-expr","locations":[{"start":{"line":47,"column":12},"end":{"line":47,"column":52}},{"start":{"line":47,"column":56},"end":{"line":47,"column":70}}]},"2":{"loc":{"start":{"line":48,"column":7},"end":{"line":48,"column":48}},"type":"binary-expr","locations":[{"start":{"line":48,"column":7},"end":{"line":48,"column":41}},{"start":{"line":48,"column":45},"end":{"line":48,"column":48}}]}},"s":{"0":2,"1":2,"2":2,"3":2,"4":2,"5":2,"6":2,"7":2,"8":2,"9":2,"10":2,"11":2,"12":2,"13":2,"14":2,"15":2,"16":2,"17":2,"18":2,"19":2,"20":0,"21":0,"22":2,"23":2,"24":0,"25":0,"26":2,"27":2,"28":14,"29":2,"30":2,"31":2,"32":2,"33":11},"f":{"0":0,"1":0,"2":14,"3":11},"b":{"0":[0,2],"1":[2,0],"2":[2,0]}}
,"/Users/rex/Projects/substack-senior-assessment/src/config/database.ts": {"path":"/Users/rex/Projects/substack-senior-assessment/src/config/database.ts","statementMap":{"0":{"start":{"line":10,"column":0},"end":{"line":10,"column":7}},"1":{"start":{"line":1,"column":0},"end":{"line":1,"column":32}},"2":{"start":{"line":2,"column":0},"end":{"line":2,"column":41}},"3":{"start":{"line":11,"column":2},"end":{"line":20,"column":3}},"4":{"start":{"line":12,"column":4},"end":{"line":12,"column":32}},"5":{"start":{"line":13,"column":4},"end":{"line":13,"column":50}},"6":{"start":{"line":16,"column":4},"end":{"line":16,"column":57}},"7":{"start":{"line":18,"column":4},"end":{"line":18,"column":54}},"8":{"start":{"line":19,"column":4},"end":{"line":19,"column":16}}},"fnMap":{"0":{"name":"connectDatabase","decl":{"start":{"line":10,"column":22},"end":{"line":10,"column":37}},"loc":{"start":{"line":10,"column":49},"end":{"line":21,"column":1}}}},"branchMap":{},"s":{"0":0,"1":0,"2":0,"3":0,"4":0,"5":0,"6":0,"7":0,"8":0},"f":{"0":0},"b":{}}
,"/Users/rex/Projects/substack-senior-assessment/src/config/swagger.ts": {"path":"/Users/rex/Projects/substack-senior-assessment/src/config/swagger.ts","statementMap":{"0":{"start":{"line":1,"column":0},"end":{"line":1,"column":41}},"1":{"start":{"line":3,"column":38},"end":{"line":95,"column":2}},"2":{"start":{"line":97,"column":13},"end":{"line":97,"column":49}}},"fnMap":{},"branchMap":{},"s":{"0":2,"1":2,"2":2},"f":{},"b":{}}
,"/Users/rex/Projects/substack-senior-assessment/src/controllers/auth.controller.ts": {"path":"/Users/rex/Projects/substack-senior-assessment/src/controllers/auth.controller.ts","statementMap":{"0":{"start":{"line":2,"column":0},"end":{"line":2,"column":52}},"1":{"start":{"line":3,"column":0},"end":{"line":3,"column":43}},"2":{"start":{"line":4,"column":0},"end":{"line":4,"column":55}},"3":{"start":{"line":5,"column":0},"end":{"line":5,"column":74}},"4":{"start":{"line":7,"column":0},"end":{"line":7,"column":52}},"5":{"start":{"line":22,"column":2},"end":{"line":33,"column":4}},"6":{"start":{"line":23,"column":4},"end":{"line":32,"column":5}},"7":{"start":{"line":24,"column":6},"end":{"line":24,"column":62}},"8":{"start":{"line":26,"column":26},"end":{"line":26,"column":95}},"9":{"start":{"line":28,"column":21},"end":{"line":28,"column":65}},"10":{"start":{"line":29,"column":6},"end":{"line":29,"column":35}},"11":{"start":{"line":31,"column":6},"end":{"line":31,"column":18}},"12":{"start":{"line":35,"column":2},"end":{"line":45,"column":4}},"13":{"start":{"line":36,"column":4},"end":{"line":44,"column":5}},"14":{"start":{"line":37,"column":6},"end":{"line":37,"column":59}},"15":{"start":{"line":39,"column":24},"end":{"line":39,"column":66}},"16":{"start":{"line":40,"column":21},"end":{"line":40,"column":60}},"17":{"start":{"line":41,"column":6},"end":{"line":41,"column":35}},"18":{"start":{"line":43,"column":6},"end":{"line":43,"column":18}},"19":{"start":{"line":13,"column":4},"end":{"line":13,"column":41}},"20":{"start":{"line":17,"column":29},"end":{"line":17,"column":57}},"21":{"start":{"line":18,"column":19},"end":{"line":18,"column":51}},"22":{"start":{"line":19,"column":4},"end":{"line":19,"column":null}},"23":{"start":{"line":19,"column":22},"end":{"line":19,"column":null}},"24":{"start":{"line":9,"column":0},"end":{"line":9,"column":13}}},"fnMap":{"0":{"name":"(anonymous_0)","decl":{"start":{"line":12,"column":2},"end":{"line":12,"column":null}},"loc":{"start":{"line":12,"column":2},"end":{"line":14,"column":3}}},"1":{"name":"(anonymous_1)","decl":{"start":{"line":22,"column":13},"end":{"line":22,"column":18}},"loc":{"start":{"line":22,"column":86},"end":{"line":33,"column":3}}},"2":{"name":"(anonymous_2)","decl":{"start":{"line":35,"column":10},"end":{"line":35,"column":15}},"loc":{"start":{"line":35,"column":83},"end":{"line":45,"column":3}}},"3":{"name":"(anonymous_3)","decl":{"start":{"line":16,"column":10},"end":{"line":16,"column":15}},"loc":{"start":{"line":16,"column":52},"end":{"line":20,"column":3}}}},"branchMap":{"0":{"loc":{"start":{"line":19,"column":4},"end":{"line":19,"column":null}},"type":"if","locations":[{"start":{"line":19,"column":4},"end":{"line":19,"column":null}}]}},"s":{"0":2,"1":2,"2":2,"3":2,"4":2,"5":2,"6":1,"7":1,"8":1,"9":1,"10":1,"11":0,"12":2,"13":5,"14":5,"15":5,"16":5,"17":1,"18":4,"19":2,"20":6,"21":6,"22":6,"23":0,"24":2},"f":{"0":2,"1":1,"2":5,"3":6},"b":{"0":[0]}}
,"/Users/rex/Projects/substack-senior-assessment/src/controllers/banking.controller.ts": {"path":"/Users/rex/Projects/substack-senior-assessment/src/controllers/banking.controller.ts","statementMap":{"0":{"start":{"line":2,"column":0},"end":{"line":2,"column":61}},"1":{"start":{"line":3,"column":0},"end":{"line":3,"column":124}},"2":{"start":{"line":4,"column":0},"end":{"line":4,"column":52}},"3":{"start":{"line":5,"column":0},"end":{"line":5,"column":43}},"4":{"start":{"line":6,"column":0},"end":{"line":6,"column":63}},"5":{"start":{"line":22,"column":2},"end":{"line":45,"column":4}},"6":{"start":{"line":23,"column":4},"end":{"line":44,"column":5}},"7":{"start":{"line":24,"column":21},"end":{"line":24,"column":33}},"8":{"start":{"line":25,"column":6},"end":{"line":27,"column":7}},"9":{"start":{"line":26,"column":8},"end":{"line":26,"column":63}},"10":{"start":{"line":29,"column":29},"end":{"line":32,"column":8}},"11":{"start":{"line":33,"column":6},"end":{"line":33,"column":63}},"12":{"start":{"line":36,"column":21},"end":{"line":36,"column":76}},"13":{"start":{"line":37,"column":6},"end":{"line":41,"column":9}},"14":{"start":{"line":43,"column":6},"end":{"line":43,"column":18}},"15":{"start":{"line":47,"column":2},"end":{"line":60,"column":4}},"16":{"start":{"line":48,"column":4},"end":{"line":59,"column":5}},"17":{"start":{"line":49,"column":6},"end":{"line":49,"column":54}},"18":{"start":{"line":51,"column":21},"end":{"line":51,"column":69}},"19":{"start":{"line":52,"column":6},"end":{"line":56,"column":9}},"20":{"start":{"line":58,"column":6},"end":{"line":58,"column":18}},"21":{"start":{"line":62,"column":2},"end":{"line":86,"column":4}},"22":{"start":{"line":63,"column":4},"end":{"line":85,"column":5}},"23":{"start":{"line":64,"column":21},"end":{"line":64,"column":33}},"24":{"start":{"line":65,"column":6},"end":{"line":67,"column":7}},"25":{"start":{"line":66,"column":8},"end":{"line":66,"column":63}},"26":{"start":{"line":69,"column":27},"end":{"line":72,"column":8}},"27":{"start":{"line":74,"column":6},"end":{"line":74,"column":59}},"28":{"start":{"line":77,"column":21},"end":{"line":77,"column":74}},"29":{"start":{"line":78,"column":6},"end":{"line":82,"column":9}},"30":{"start":{"line":84,"column":6},"end":{"line":84,"column":18}},"31":{"start":{"line":88,"column":2},"end":{"line":118,"column":4}},"32":{"start":{"line":89,"column":4},"end":{"line":117,"column":5}},"33":{"start":{"line":90,"column":21},"end":{"line":90,"column":33}},"34":{"start":{"line":91,"column":6},"end":{"line":93,"column":7}},"35":{"start":{"line":92,"column":8},"end":{"line":92,"column":63}},"36":{"start":{"line":95,"column":40},"end":{"line":95,"column":49}},"37":{"start":{"line":96,"column":6},"end":{"line":98,"column":7}},"38":{"start":{"line":97,"column":8},"end":{"line":97,"column":61}},"39":{"start":{"line":100,"column":49},"end":{"line":105,"column":8}},"40":{"start":{"line":107,"column":6},"end":{"line":107,"column":68}},"41":{"start":{"line":109,"column":21},"end":{"line":109,"column":81}},"42":{"start":{"line":110,"column":6},"end":{"line":114,"column":9}},"43":{"start":{"line":116,"column":6},"end":{"line":116,"column":18}},"44":{"start":{"line":120,"column":2},"end":{"line":148,"column":4}},"45":{"start":{"line":121,"column":4},"end":{"line":147,"column":5}},"46":{"start":{"line":122,"column":21},"end":{"line":122,"column":33}},"47":{"start":{"line":123,"column":6},"end":{"line":125,"column":7}},"48":{"start":{"line":124,"column":8},"end":{"line":124,"column":63}},"49":{"start":{"line":127,"column":27},"end":{"line":127,"column":36}},"50":{"start":{"line":128,"column":6},"end":{"line":130,"column":7}},"51":{"start":{"line":129,"column":8},"end":{"line":129,"column":61}},"52":{"start":{"line":132,"column":38},"end":{"line":135,"column":8}},"53":{"start":{"line":137,"column":6},"end":{"line":137,"column":57}},"54":{"start":{"line":139,"column":21},"end":{"line":139,"column":77}},"55":{"start":{"line":140,"column":6},"end":{"line":144,"column":9}},"56":{"start":{"line":146,"column":6},"end":{"line":146,"column":18}},"57":{"start":{"line":150,"column":2},"end":{"line":174,"column":4}},"58":{"start":{"line":151,"column":4},"end":{"line":173,"column":5}},"59":{"start":{"line":152,"column":21},"end":{"line":152,"column":33}},"60":{"start":{"line":153,"column":6},"end":{"line":155,"column":7}},"61":{"start":{"line":154,"column":8},"end":{"line":154,"column":63}},"62":{"start":{"line":157,"column":26},"end":{"line":160,"column":8}},"63":{"start":{"line":163,"column":6},"end":{"line":163,"column":57}},"64":{"start":{"line":165,"column":21},"end":{"line":165,"column":72}},"65":{"start":{"line":166,"column":6},"end":{"line":170,"column":9}},"66":{"start":{"line":172,"column":6},"end":{"line":172,"column":18}},"67":{"start":{"line":13,"column":4},"end":{"line":13,"column":47}},"68":{"start":{"line":17,"column":29},"end":{"line":17,"column":57}},"69":{"start":{"line":18,"column":19},"end":{"line":18,"column":51}},"70":{"start":{"line":19,"column":4},"end":{"line":19,"column":35}},"71":{"start":{"line":19,"column":22},"end":{"line":19,"column":35}},"72":{"start":{"line":9,"column":0},"end":{"line":9,"column":13}}},"fnMap":{"0":{"name":"(anonymous_0)","decl":{"start":{"line":12,"column":2},"end":{"line":12,"column":null}},"loc":{"start":{"line":12,"column":2},"end":{"line":14,"column":3}}},"1":{"name":"(anonymous_1)","decl":{"start":{"line":22,"column":13},"end":{"line":22,"column":18}},"loc":{"start":{"line":22,"column":95},"end":{"line":45,"column":3}}},"2":{"name":"(anonymous_2)","decl":{"start":{"line":47,"column":12},"end":{"line":47,"column":17}},"loc":{"start":{"line":47,"column":94},"end":{"line":60,"column":3}}},"3":{"name":"(anonymous_3)","decl":{"start":{"line":62,"column":13},"end":{"line":62,"column":18}},"loc":{"start":{"line":62,"column":95},"end":{"line":86,"column":3}}},"4":{"name":"(anonymous_4)","decl":{"start":{"line":88,"column":26},"end":{"line":88,"column":31}},"loc":{"start":{"line":88,"column":108},"end":{"line":118,"column":3}}},"5":{"name":"(anonymous_5)","decl":{"start":{"line":120,"column":22},"end":{"line":120,"column":27}},"loc":{"start":{"line":120,"column":104},"end":{"line":148,"column":3}}},"6":{"name":"(anonymous_6)","decl":{"start":{"line":150,"column":12},"end":{"line":150,"column":17}},"loc":{"start":{"line":150,"column":94},"end":{"line":174,"column":3}}},"7":{"name":"(anonymous_7)","decl":{"start":{"line":16,"column":10},"end":{"line":16,"column":15}},"loc":{"start":{"line":16,"column":52},"end":{"line":20,"column":3}}}},"branchMap":{"0":{"loc":{"start":{"line":25,"column":6},"end":{"line":27,"column":7}},"type":"if","locations":[{"start":{"line":25,"column":6},"end":{"line":27,"column":7}}]},"1":{"loc":{"start":{"line":65,"column":6},"end":{"line":67,"column":7}},"type":"if","locations":[{"start":{"line":65,"column":6},"end":{"line":67,"column":7}}]},"2":{"loc":{"start":{"line":91,"column":6},"end":{"line":93,"column":7}},"type":"if","locations":[{"start":{"line":91,"column":6},"end":{"line":93,"column":7}}]},"3":{"loc":{"start":{"line":96,"column":6},"end":{"line":98,"column":7}},"type":"if","locations":[{"start":{"line":96,"column":6},"end":{"line":98,"column":7}}]},"4":{"loc":{"start":{"line":96,"column":10},"end":{"line":96,"column":51}},"type":"binary-expr","locations":[{"start":{"line":96,"column":10},"end":{"line":96,"column":19}},{"start":{"line":96,"column":23},"end":{"line":96,"column":51}}]},"5":{"loc":{"start":{"line":103,"column":14},"end":{"line":103,"column":43}},"type":"binary-expr","locations":[{"start":{"line":103,"column":14},"end":{"line":103,"column":38}},{"start":{"line":103,"column":42},"end":{"line":103,"column":43}}]},"6":{"loc":{"start":{"line":104,"column":15},"end":{"line":104,"column":46}},"type":"binary-expr","locations":[{"start":{"line":104,"column":15},"end":{"line":104,"column":40}},{"start":{"line":104,"column":44},"end":{"line":104,"column":46}}]},"7":{"loc":{"start":{"line":123,"column":6},"end":{"line":125,"column":7}},"type":"if","locations":[{"start":{"line":123,"column":6},"end":{"line":125,"column":7}}]},"8":{"loc":{"start":{"line":128,"column":6},"end":{"line":130,"column":7}},"type":"if","locations":[{"start":{"line":128,"column":6},"end":{"line":130,"column":7}}]},"9":{"loc":{"start":{"line":128,"column":10},"end":{"line":128,"column":51}},"type":"binary-expr","locations":[{"start":{"line":128,"column":10},"end":{"line":128,"column":19}},{"start":{"line":128,"column":23},"end":{"line":128,"column":51}}]},"10":{"loc":{"start":{"line":153,"column":6},"end":{"line":155,"column":7}},"type":"if","locations":[{"start":{"line":153,"column":6},"end":{"line":155,"column":7}}]},"11":{"loc":{"start":{"line":19,"column":4},"end":{"line":19,"column":35}},"type":"if","locations":[{"start":{"line":19,"column":4},"end":{"line":19,"column":35}}]}},"s":{"0":2,"1":2,"2":2,"3":2,"4":2,"5":2,"6":0,"7":0,"8":0,"9":0,"10":0,"11":0,"12":0,"13":0,"14":0,"15":2,"16":1,"17":1,"18":1,"19":1,"20":0,"21":2,"22":0,"23":0,"24":0,"25":0,"26":0,"27":0,"28":0,"29":0,"30":0,"31":2,"32":0,"33":0,"34":0,"35":0,"36":0,"37":0,"38":0,"39":0,"40":0,"41":0,"42":0,"43":0,"44":2,"45":0,"46":0,"47":0,"48":0,"49":0,"50":0,"51":0,"52":0,"53":0,"54":0,"55":0,"56":0,"57":2,"58":0,"59":0,"60":0,"61":0,"62":0,"63":0,"64":0,"65":0,"66":0,"67":2,"68":1,"69":1,"70":1,"71":0,"72":2},"f":{"0":2,"1":0,"2":1,"3":0,"4":0,"5":0,"6":0,"7":1},"b":{"0":[0],"1":[0],"2":[0],"3":[0],"4":[0,0],"5":[0,0],"6":[0,0],"7":[0],"8":[0],"9":[0,0],"10":[0],"11":[0]}}
,"/Users/rex/Projects/substack-senior-assessment/src/controllers/health.controller.ts": {"path":"/Users/rex/Projects/substack-senior-assessment/src/controllers/health.controller.ts","statementMap":{"0":{"start":{"line":2,"column":0},"end":{"line":2,"column":32}},"1":{"start":{"line":6,"column":24},"end":{"line":13,"column":6}},"2":{"start":{"line":15,"column":4},"end":{"line":15,"column":38}},"3":{"start":{"line":4,"column":0},"end":{"line":4,"column":13}}},"fnMap":{"0":{"name":"(anonymous_1)","decl":{"start":{"line":5,"column":2},"end":{"line":5,"column":7}},"loc":{"start":{"line":5,"column":41},"end":{"line":16,"column":3}}}},"branchMap":{"0":{"loc":{"start":{"line":11,"column":15},"end":{"line":11,"column":82}},"type":"cond-expr","locations":[{"start":{"line":11,"column":54},"end":{"line":11,"column":65}},{"start":{"line":11,"column":68},"end":{"line":11,"column":82}}]}},"s":{"0":2,"1":154,"2":154,"3":2},"f":{"0":154},"b":{"0":[153,1]}}
,"/Users/rex/Projects/substack-senior-assessment/src/dtos/account.dto.ts": {"path":"/Users/rex/Projects/substack-senior-assessment/src/dtos/account.dto.ts","statementMap":{"0":{"start":{"line":1,"column":0},"end":{"line":1,"column":83}},"1":{"start":{"line":2,"column":0},"end":{"line":2,"column":52}},"2":{"start":{"line":3,"column":0},"end":{"line":3,"column":52}},"3":{"start":{"line":6,"column":7},"end":{"line":30,"column":null}},"4":{"start":{"line":6,"column":13},"end":{"line":6,"column":31}},"5":{"start":{"line":9,"column":4},"end":{"line":9,"column":null}},"6":{"start":{"line":14,"column":4},"end":{"line":14,"column":null}},"7":{"start":{"line":19,"column":4},"end":{"line":19,"column":null}},"8":{"start":{"line":24,"column":4},"end":{"line":24,"column":null}},"9":{"start":{"line":29,"column":4},"end":{"line":29,"column":null}},"10":{"start":{"line":6,"column":13},"end":{"line":30,"column":null}},"11":{"start":{"line":33,"column":7},"end":{"line":42,"column":null}},"12":{"start":{"line":33,"column":13},"end":{"line":33,"column":28}},"13":{"start":{"line":36,"column":4},"end":{"line":36,"column":null}},"14":{"start":{"line":41,"column":4},"end":{"line":41,"column":null}},"15":{"start":{"line":33,"column":13},"end":{"line":42,"column":null}},"16":{"start":{"line":45,"column":7},"end":{"line":66,"column":null}},"17":{"start":{"line":45,"column":13},"end":{"line":45,"column":31}},"18":{"start":{"line":47,"column":4},"end":{"line":47,"column":null}},"19":{"start":{"line":50,"column":4},"end":{"line":50,"column":null}},"20":{"start":{"line":53,"column":4},"end":{"line":53,"column":null}},"21":{"start":{"line":56,"column":4},"end":{"line":56,"column":null}},"22":{"start":{"line":59,"column":4},"end":{"line":59,"column":null}},"23":{"start":{"line":62,"column":4},"end":{"line":62,"column":null}},"24":{"start":{"line":65,"column":4},"end":{"line":65,"column":null}},"25":{"start":{"line":45,"column":13},"end":{"line":66,"column":null}}},"fnMap":{},"branchMap":{},"s":{"0":2,"1":2,"2":2,"3":2,"4":2,"5":2,"6":2,"7":2,"8":2,"9":2,"10":2,"11":2,"12":2,"13":2,"14":2,"15":2,"16":2,"17":2,"18":2,"19":2,"20":2,"21":2,"22":2,"23":2,"24":2,"25":2},"f":{},"b":{}}
,"/Users/rex/Projects/substack-senior-assessment/src/dtos/banking.dto.ts": {"path":"/Users/rex/Projects/substack-senior-assessment/src/dtos/banking.dto.ts","statementMap":{"0":{"start":{"line":1,"column":0},"end":{"line":1,"column":46}},"1":{"start":{"line":2,"column":0},"end":{"line":2,"column":124}},"2":{"start":{"line":4,"column":0},"end":{"line":4,"column":13}},"3":{"start":{"line":7,"column":4},"end":{"line":7,"column":null}},"4":{"start":{"line":11,"column":4},"end":{"line":11,"column":null}},"5":{"start":{"line":15,"column":4},"end":{"line":15,"column":null}},"6":{"start":{"line":19,"column":4},"end":{"line":19,"column":null}},"7":{"start":{"line":22,"column":0},"end":{"line":22,"column":13}},"8":{"start":{"line":26,"column":4},"end":{"line":26,"column":null}},"9":{"start":{"line":30,"column":4},"end":{"line":30,"column":null}},"10":{"start":{"line":34,"column":4},"end":{"line":34,"column":null}},"11":{"start":{"line":38,"column":4},"end":{"line":38,"column":null}},"12":{"start":{"line":43,"column":4},"end":{"line":43,"column":null}},"13":{"start":{"line":47,"column":4},"end":{"line":47,"column":null}},"14":{"start":{"line":50,"column":0},"end":{"line":50,"column":13}},"15":{"start":{"line":53,"column":4},"end":{"line":53,"column":null}},"16":{"start":{"line":57,"column":4},"end":{"line":57,"column":null}},"17":{"start":{"line":61,"column":4},"end":{"line":61,"column":null}},"18":{"start":{"line":65,"column":4},"end":{"line":65,"column":null}},"19":{"start":{"line":69,"column":4},"end":{"line":69,"column":null}},"20":{"start":{"line":73,"column":4},"end":{"line":73,"column":null}},"21":{"start":{"line":76,"column":0},"end":{"line":76,"column":13}},"22":{"start":{"line":79,"column":4},"end":{"line":79,"column":null}},"23":{"start":{"line":83,"column":4},"end":{"line":83,"column":null}},"24":{"start":{"line":87,"column":4},"end":{"line":87,"column":null}},"25":{"start":{"line":91,"column":4},"end":{"line":91,"column":null}},"26":{"start":{"line":95,"column":4},"end":{"line":95,"column":null}},"27":{"start":{"line":98,"column":0},"end":{"line":98,"column":13}},"28":{"start":{"line":101,"column":4},"end":{"line":101,"column":null}},"29":{"start":{"line":105,"column":4},"end":{"line":105,"column":null}},"30":{"start":{"line":110,"column":4},"end":{"line":110,"column":null}},"31":{"start":{"line":107,"column":21},"end":{"line":107,"column":38}},"32":{"start":{"line":115,"column":4},"end":{"line":115,"column":null}},"33":{"start":{"line":112,"column":21},"end":{"line":112,"column":38}},"34":{"start":{"line":118,"column":0},"end":{"line":118,"column":13}},"35":{"start":{"line":121,"column":4},"end":{"line":121,"column":null}},"36":{"start":{"line":125,"column":4},"end":{"line":125,"column":null}},"37":{"start":{"line":129,"column":0},"end":{"line":129,"column":13}},"38":{"start":{"line":132,"column":4},"end":{"line":132,"column":null}},"39":{"start":{"line":136,"column":4},"end":{"line":136,"column":null}},"40":{"start":{"line":140,"column":4},"end":{"line":140,"column":null}},"41":{"start":{"line":144,"column":4},"end":{"line":144,"column":null}}},"fnMap":{"0":{"name":"(anonymous_2)","decl":{"start":{"line":107,"column":15},"end":{"line":107,"column":16}},"loc":{"start":{"line":107,"column":21},"end":{"line":107,"column":38}}},"1":{"name":"(anonymous_3)","decl":{"start":{"line":112,"column":15},"end":{"line":112,"column":16}},"loc":{"start":{"line":112,"column":21},"end":{"line":112,"column":38}}}},"branchMap":{},"s":{"0":2,"1":2,"2":2,"3":2,"4":2,"5":2,"6":2,"7":2,"8":2,"9":2,"10":2,"11":2,"12":2,"13":2,"14":2,"15":2,"16":2,"17":2,"18":2,"19":2,"20":2,"21":2,"22":2,"23":2,"24":2,"25":2,"26":2,"27":2,"28":2,"29":2,"30":2,"31":0,"32":2,"33":0,"34":2,"35":2,"36":2,"37":2,"38":2,"39":2,"40":2,"41":2},"f":{"0":0,"1":0},"b":{}}
,"/Users/rex/Projects/substack-senior-assessment/src/dtos/common.dto.ts": {"path":"/Users/rex/Projects/substack-senior-assessment/src/dtos/common.dto.ts","statementMap":{"0":{"start":{"line":1,"column":0},"end":{"line":1,"column":46}},"1":{"start":{"line":2,"column":0},"end":{"line":2,"column":57}},"2":{"start":{"line":9,"column":4},"end":{"line":9,"column":21}},"3":{"start":{"line":15,"column":4},"end":{"line":15,"column":23}},"4":{"start":{"line":4,"column":0},"end":{"line":4,"column":13}},"5":{"start":{"line":9,"column":4},"end":{"line":9,"column":null}},"6":{"start":{"line":5,"column":30},"end":{"line":5,"column":51}},"7":{"start":{"line":6,"column":30},"end":{"line":6,"column":49}},"8":{"start":{"line":15,"column":4},"end":{"line":15,"column":null}},"9":{"start":{"line":11,"column":30},"end":{"line":11,"column":51}},"10":{"start":{"line":12,"column":30},"end":{"line":12,"column":49}}},"fnMap":{"0":{"name":"(anonymous_2)","decl":{"start":{"line":4,"column":0},"end":{"line":4,"column":13}},"loc":{"start":{"line":4,"column":0},"end":{"line":16,"column":1}}},"1":{"name":"(anonymous_3)","decl":{"start":{"line":5,"column":16},"end":{"line":5,"column":17}},"loc":{"start":{"line":5,"column":30},"end":{"line":5,"column":51}}},"2":{"name":"(anonymous_4)","decl":{"start":{"line":6,"column":15},"end":{"line":6,"column":16}},"loc":{"start":{"line":6,"column":30},"end":{"line":6,"column":49}}},"3":{"name":"(anonymous_5)","decl":{"start":{"line":11,"column":16},"end":{"line":11,"column":17}},"loc":{"start":{"line":11,"column":30},"end":{"line":11,"column":51}}},"4":{"name":"(anonymous_6)","decl":{"start":{"line":12,"column":15},"end":{"line":12,"column":16}},"loc":{"start":{"line":12,"column":30},"end":{"line":12,"column":49}}}},"branchMap":{},"s":{"0":0,"1":0,"2":0,"3":0,"4":0,"5":0,"6":0,"7":0,"8":0,"9":0,"10":0},"f":{"0":0,"1":0,"2":0,"3":0,"4":0},"b":{}}
,"/Users/rex/Projects/substack-senior-assessment/src/dtos/env.dto.ts": {"path":"/Users/rex/Projects/substack-senior-assessment/src/dtos/env.dto.ts","statementMap":{"0":{"start":{"line":1,"column":0},"end":{"line":1,"column":75}},"1":{"start":{"line":2,"column":0},"end":{"line":2,"column":46}},"2":{"start":{"line":4,"column":0},"end":{"line":4,"column":13}},"3":{"start":{"line":7,"column":2},"end":{"line":7,"column":null}},"4":{"start":{"line":11,"column":2},"end":{"line":11,"column":null}},"5":{"start":{"line":18,"column":2},"end":{"line":18,"column":null}},"6":{"start":{"line":14,"column":28},"end":{"line":14,"column":41}},"7":{"start":{"line":24,"column":2},"end":{"line":24,"column":null}},"8":{"start":{"line":21,"column":28},"end":{"line":21,"column":41}},"9":{"start":{"line":30,"column":2},"end":{"line":30,"column":null}},"10":{"start":{"line":27,"column":28},"end":{"line":27,"column":41}},"11":{"start":{"line":36,"column":2},"end":{"line":36,"column":null}},"12":{"start":{"line":33,"column":28},"end":{"line":33,"column":41}}},"fnMap":{"0":{"name":"(anonymous_2)","decl":{"start":{"line":14,"column":13},"end":{"line":14,"column":14}},"loc":{"start":{"line":14,"column":28},"end":{"line":14,"column":41}}},"1":{"name":"(anonymous_3)","decl":{"start":{"line":21,"column":13},"end":{"line":21,"column":14}},"loc":{"start":{"line":21,"column":28},"end":{"line":21,"column":41}}},"2":{"name":"(anonymous_4)","decl":{"start":{"line":27,"column":13},"end":{"line":27,"column":14}},"loc":{"start":{"line":27,"column":28},"end":{"line":27,"column":41}}},"3":{"name":"(anonymous_5)","decl":{"start":{"line":33,"column":13},"end":{"line":33,"column":14}},"loc":{"start":{"line":33,"column":28},"end":{"line":33,"column":41}}}},"branchMap":{},"s":{"0":0,"1":0,"2":0,"3":0,"4":0,"5":0,"6":0,"7":0,"8":0,"9":0,"10":0,"11":0,"12":0},"f":{"0":0,"1":0,"2":0,"3":0},"b":{}}
,"/Users/rex/Projects/substack-senior-assessment/src/dtos/transaction.dto.ts": {"path":"/Users/rex/Projects/substack-senior-assessment/src/dtos/transaction.dto.ts","statementMap":{"0":{"start":{"line":1,"column":0},"end":{"line":1,"column":46}},"1":{"start":{"line":2,"column":0},"end":{"line":2,"column":102}},"2":{"start":{"line":4,"column":0},"end":{"line":4,"column":13}},"3":{"start":{"line":7,"column":2},"end":{"line":7,"column":null}},"4":{"start":{"line":11,"column":2},"end":{"line":11,"column":null}},"5":{"start":{"line":15,"column":2},"end":{"line":15,"column":null}},"6":{"start":{"line":19,"column":2},"end":{"line":19,"column":null}},"7":{"start":{"line":22,"column":0},"end":{"line":22,"column":13}},"8":{"start":{"line":25,"column":2},"end":{"line":25,"column":null}},"9":{"start":{"line":29,"column":2},"end":{"line":29,"column":null}},"10":{"start":{"line":33,"column":2},"end":{"line":33,"column":null}},"11":{"start":{"line":37,"column":2},"end":{"line":37,"column":null}},"12":{"start":{"line":40,"column":0},"end":{"line":40,"column":13}},"13":{"start":{"line":43,"column":4},"end":{"line":43,"column":null}},"14":{"start":{"line":47,"column":4},"end":{"line":47,"column":null}},"15":{"start":{"line":51,"column":4},"end":{"line":51,"column":null}},"16":{"start":{"line":55,"column":4},"end":{"line":55,"column":null}},"17":{"start":{"line":59,"column":4},"end":{"line":59,"column":null}},"18":{"start":{"line":62,"column":0},"end":{"line":62,"column":13}},"19":{"start":{"line":65,"column":4},"end":{"line":65,"column":null}},"20":{"start":{"line":69,"column":4},"end":{"line":69,"column":null}},"21":{"start":{"line":73,"column":4},"end":{"line":73,"column":null}},"22":{"start":{"line":77,"column":4},"end":{"line":77,"column":null}},"23":{"start":{"line":80,"column":0},"end":{"line":80,"column":13}},"24":{"start":{"line":83,"column":4},"end":{"line":83,"column":null}},"25":{"start":{"line":87,"column":4},"end":{"line":87,"column":null}},"26":{"start":{"line":91,"column":4},"end":{"line":91,"column":null}},"27":{"start":{"line":95,"column":4},"end":{"line":95,"column":null}},"28":{"start":{"line":98,"column":0},"end":{"line":98,"column":13}},"29":{"start":{"line":101,"column":4},"end":{"line":101,"column":null}},"30":{"start":{"line":105,"column":4},"end":{"line":105,"column":null}},"31":{"start":{"line":109,"column":4},"end":{"line":109,"column":null}},"32":{"start":{"line":113,"column":4},"end":{"line":113,"column":null}},"33":{"start":{"line":117,"column":4},"end":{"line":117,"column":null}},"34":{"start":{"line":121,"column":4},"end":{"line":121,"column":null}},"35":{"start":{"line":124,"column":0},"end":{"line":124,"column":13}},"36":{"start":{"line":127,"column":2},"end":{"line":127,"column":null}},"37":{"start":{"line":132,"column":2},"end":{"line":132,"column":null}},"38":{"start":{"line":129,"column":19},"end":{"line":129,"column":36}},"39":{"start":{"line":137,"column":2},"end":{"line":137,"column":null}},"40":{"start":{"line":134,"column":19},"end":{"line":134,"column":36}},"41":{"start":{"line":140,"column":0},"end":{"line":140,"column":13}},"42":{"start":{"line":143,"column":2},"end":{"line":143,"column":null}},"43":{"start":{"line":147,"column":2},"end":{"line":147,"column":null}},"44":{"start":{"line":151,"column":2},"end":{"line":151,"column":null}},"45":{"start":{"line":155,"column":2},"end":{"line":155,"column":null}},"46":{"start":{"line":159,"column":0},"end":{"line":159,"column":13}},"47":{"start":{"line":162,"column":4},"end":{"line":162,"column":null}},"48":{"start":{"line":166,"column":4},"end":{"line":166,"column":null}},"49":{"start":{"line":170,"column":4},"end":{"line":170,"column":null}},"50":{"start":{"line":174,"column":4},"end":{"line":174,"column":null}},"51":{"start":{"line":178,"column":4},"end":{"line":178,"column":null}},"52":{"start":{"line":182,"column":4},"end":{"line":182,"column":null}},"53":{"start":{"line":186,"column":4},"end":{"line":186,"column":null}}},"fnMap":{"0":{"name":"(anonymous_2)","decl":{"start":{"line":129,"column":13},"end":{"line":129,"column":14}},"loc":{"start":{"line":129,"column":19},"end":{"line":129,"column":36}}},"1":{"name":"(anonymous_3)","decl":{"start":{"line":134,"column":13},"end":{"line":134,"column":14}},"loc":{"start":{"line":134,"column":19},"end":{"line":134,"column":36}}}},"branchMap":{},"s":{"0":0,"1":0,"2":0,"3":0,"4":0,"5":0,"6":0,"7":0,"8":0,"9":0,"10":0,"11":0,"12":0,"13":0,"14":0,"15":0,"16":0,"17":0,"18":0,"19":0,"20":0,"21":0,"22":0,"23":0,"24":0,"25":0,"26":0,"27":0,"28":0,"29":0,"30":0,"31":0,"32":0,"33":0,"34":0,"35":0,"36":0,"37":0,"38":0,"39":0,"40":0,"41":0,"42":0,"43":0,"44":0,"45":0,"46":0,"47":0,"48":0,"49":0,"50":0,"51":0,"52":0,"53":0},"f":{"0":0,"1":0},"b":{}}
,"/Users/rex/Projects/substack-senior-assessment/src/dtos/user.dto.ts": {"path":"/Users/rex/Projects/substack-senior-assessment/src/dtos/user.dto.ts","statementMap":{"0":{"start":{"line":1,"column":0},"end":{"line":1,"column":83}},"1":{"start":{"line":2,"column":0},"end":{"line":2,"column":52}},"2":{"start":{"line":3,"column":0},"end":{"line":3,"column":52}},"3":{"start":{"line":6,"column":7},"end":{"line":30,"column":null}},"4":{"start":{"line":6,"column":13},"end":{"line":6,"column":28}},"5":{"start":{"line":9,"column":4},"end":{"line":9,"column":null}},"6":{"start":{"line":14,"column":4},"end":{"line":14,"column":null}},"7":{"start":{"line":19,"column":4},"end":{"line":19,"column":null}},"8":{"start":{"line":24,"column":4},"end":{"line":24,"column":null}},"9":{"start":{"line":29,"column":4},"end":{"line":29,"column":null}},"10":{"start":{"line":6,"column":13},"end":{"line":30,"column":null}},"11":{"start":{"line":33,"column":7},"end":{"line":42,"column":null}},"12":{"start":{"line":33,"column":13},"end":{"line":33,"column":25}},"13":{"start":{"line":36,"column":4},"end":{"line":36,"column":null}},"14":{"start":{"line":41,"column":4},"end":{"line":41,"column":null}},"15":{"start":{"line":33,"column":13},"end":{"line":42,"column":null}},"16":{"start":{"line":45,"column":7},"end":{"line":66,"column":null}},"17":{"start":{"line":45,"column":13},"end":{"line":45,"column":28}},"18":{"start":{"line":47,"column":4},"end":{"line":47,"column":null}},"19":{"start":{"line":50,"column":4},"end":{"line":50,"column":null}},"20":{"start":{"line":53,"column":4},"end":{"line":53,"column":null}},"21":{"start":{"line":56,"column":4},"end":{"line":56,"column":null}},"22":{"start":{"line":59,"column":4},"end":{"line":59,"column":null}},"23":{"start":{"line":62,"column":4},"end":{"line":62,"column":null}},"24":{"start":{"line":65,"column":4},"end":{"line":65,"column":null}},"25":{"start":{"line":45,"column":13},"end":{"line":66,"column":null}}},"fnMap":{},"branchMap":{},"s":{"0":0,"1":0,"2":0,"3":0,"4":0,"5":0,"6":0,"7":0,"8":0,"9":0,"10":0,"11":0,"12":0,"13":0,"14":0,"15":0,"16":0,"17":0,"18":0,"19":0,"20":0,"21":0,"22":0,"23":0,"24":0,"25":0},"f":{},"b":{}}
,"/Users/rex/Projects/substack-senior-assessment/src/dtos/wallet.dto.ts": {"path":"/Users/rex/Projects/substack-senior-assessment/src/dtos/wallet.dto.ts","statementMap":{"0":{"start":{"line":1,"column":0},"end":{"line":1,"column":69}},"1":{"start":{"line":2,"column":0},"end":{"line":2,"column":52}},"2":{"start":{"line":5,"column":7},"end":{"line":22,"column":null}},"3":{"start":{"line":5,"column":13},"end":{"line":5,"column":28}},"4":{"start":{"line":8,"column":2},"end":{"line":8,"column":null}},"5":{"start":{"line":13,"column":2},"end":{"line":13,"column":null}},"6":{"start":{"line":17,"column":2},"end":{"line":17,"column":null}},"7":{"start":{"line":21,"column":2},"end":{"line":21,"column":null}},"8":{"start":{"line":5,"column":13},"end":{"line":22,"column":null}},"9":{"start":{"line":25,"column":7},"end":{"line":42,"column":null}},"10":{"start":{"line":25,"column":13},"end":{"line":25,"column":27}},"11":{"start":{"line":28,"column":2},"end":{"line":28,"column":null}},"12":{"start":{"line":33,"column":2},"end":{"line":33,"column":null}},"13":{"start":{"line":37,"column":2},"end":{"line":37,"column":null}},"14":{"start":{"line":41,"column":2},"end":{"line":41,"column":null}},"15":{"start":{"line":25,"column":13},"end":{"line":42,"column":null}}},"fnMap":{},"branchMap":{},"s":{"0":0,"1":0,"2":0,"3":0,"4":0,"5":0,"6":0,"7":0,"8":0,"9":0,"10":0,"11":0,"12":0,"13":0,"14":0,"15":0},"f":{},"b":{}}
,"/Users/rex/Projects/substack-senior-assessment/src/interfaces/role.interface.ts": {"path":"/Users/rex/Projects/substack-senior-assessment/src/interfaces/role.interface.ts","statementMap":{"0":{"start":{"line":14,"column":0},"end":{"line":14,"column":null}},"1":{"start":{"line":15,"column":2},"end":{"line":15,"column":null}},"2":{"start":{"line":16,"column":2},"end":{"line":16,"column":null}},"3":{"start":{"line":19,"column":13},"end":{"line":51,"column":2}}},"fnMap":{"0":{"name":"(anonymous_0)","decl":{"start":{"line":14,"column":0},"end":{"line":14,"column":12}},"loc":{"start":{"line":14,"column":16},"end":{"line":17,"column":1}}}},"branchMap":{"0":{"loc":{"start":{"line":14,"column":12},"end":{"line":14,"column":null}},"type":"binary-expr","locations":[{"start":{"line":14,"column":12},"end":{"line":14,"column":16}},{"start":{"line":14,"column":16},"end":{"line":14,"column":null}}]}},"s":{"0":3,"1":3,"2":3,"3":3},"f":{"0":3},"b":{"0":[3,3]}}
,"/Users/rex/Projects/substack-senior-assessment/src/middleware/audit.middleware.ts": {"path":"/Users/rex/Projects/substack-senior-assessment/src/middleware/audit.middleware.ts","statementMap":{"0":{"start":{"line":2,"column":0},"end":{"line":2,"column":53}},"1":{"start":{"line":3,"column":0},"end":{"line":3,"column":41}},"2":{"start":{"line":5,"column":0},"end":{"line":5,"column":32}},"3":{"start":{"line":17,"column":24},"end":{"line":59,"column":1}},"4":{"start":{"line":18,"column":2},"end":{"line":58,"column":4}},"5":{"start":{"line":19,"column":25},"end":{"line":19,"column":33}},"6":{"start":{"line":21,"column":4},"end":{"line":55,"column":26}},"7":{"start":{"line":22,"column":29},"end":{"line":22,"column":45}},"8":{"start":{"line":24,"column":8},"end":{"line":53,"column":9}},"9":{"start":{"line":25,"column":31},"end":{"line":25,"column":54}},"10":{"start":{"line":27,"column":12},"end":{"line":30,"column":13}},"11":{"start":{"line":28,"column":16},"end":{"line":28,"column":70}},"12":{"start":{"line":29,"column":16},"end":{"line":29,"column":53}},"13":{"start":{"line":32,"column":12},"end":{"line":52,"column":13}},"14":{"start":{"line":33,"column":35},"end":{"line":41,"column":18}},"15":{"start":{"line":43,"column":16},"end":{"line":45,"column":17}},"16":{"start":{"line":44,"column":20},"end":{"line":44,"column":49}},"17":{"start":{"line":47,"column":16},"end":{"line":47,"column":50}},"18":{"start":{"line":48,"column":16},"end":{"line":49,"column":72}},"19":{"start":{"line":51,"column":16},"end":{"line":51,"column":65}},"20":{"start":{"line":54,"column":8},"end":{"line":54,"column":45}},"21":{"start":{"line":57,"column":4},"end":{"line":57,"column":11}},"22":{"start":{"line":17,"column":13},"end":{"line":17,"column":24}}},"fnMap":{"0":{"name":"(anonymous_1)","decl":{"start":{"line":17,"column":24},"end":{"line":17,"column":27}},"loc":{"start":{"line":17,"column":29},"end":{"line":59,"column":1}}},"1":{"name":"(anonymous_2)","decl":{"start":{"line":18,"column":9},"end":{"line":18,"column":10}},"loc":{"start":{"line":18,"column":70},"end":{"line":58,"column":3}}},"2":{"name":"(anonymous_3)","decl":{"start":{"line":21,"column":16},"end":{"line":21,"column":21}},"loc":{"start":{"line":21,"column":58},"end":{"line":55,"column":5}}}},"branchMap":{"0":{"loc":{"start":{"line":24,"column":8},"end":{"line":53,"column":9}},"type":"if","locations":[{"start":{"line":24,"column":8},"end":{"line":53,"column":9}}]},"1":{"loc":{"start":{"line":24,"column":12},"end":{"line":24,"column":73}},"type":"binary-expr","locations":[{"start":{"line":24,"column":12},"end":{"line":24,"column":24}},{"start":{"line":24,"column":28},"end":{"line":24,"column":49}},{"start":{"line":24,"column":53},"end":{"line":24,"column":73}}]},"2":{"loc":{"start":{"line":27,"column":12},"end":{"line":30,"column":13}},"type":"if","locations":[{"start":{"line":27,"column":12},"end":{"line":30,"column":13}}]},"3":{"loc":{"start":{"line":36,"column":32},"end":{"line":36,"column":122}},"type":"cond-expr","locations":[{"start":{"line":36,"column":58},"end":{"line":36,"column":110}},{"start":{"line":36,"column":113},"end":{"line":36,"column":122}}]},"4":{"loc":{"start":{"line":38,"column":29},"end":{"line":40,"column":46}},"type":"cond-expr","locations":[{"start":{"line":39,"column":26},"end":{"line":39,"column":89}},{"start":{"line":40,"column":26},"end":{"line":40,"column":46}}]},"5":{"loc":{"start":{"line":43,"column":16},"end":{"line":45,"column":17}},"type":"if","locations":[{"start":{"line":43,"column":16},"end":{"line":45,"column":17}}]}},"s":{"0":2,"1":2,"2":2,"3":2,"4":2,"5":0,"6":0,"7":0,"8":0,"9":0,"10":0,"11":0,"12":0,"13":0,"14":0,"15":0,"16":0,"17":0,"18":0,"19":0,"20":0,"21":0,"22":2},"f":{"0":2,"1":0,"2":0},"b":{"0":[0],"1":[0,0,0],"2":[0],"3":[0,0],"4":[0,0],"5":[0]}}
,"/Users/rex/Projects/substack-senior-assessment/src/middleware/auth.middleware.ts": {"path":"/Users/rex/Projects/substack-senior-assessment/src/middleware/auth.middleware.ts","statementMap":{"0":{"start":{"line":2,"column":0},"end":{"line":2,"column":31}},"1":{"start":{"line":3,"column":0},"end":{"line":3,"column":69}},"2":{"start":{"line":4,"column":0},"end":{"line":4,"column":51}},"3":{"start":{"line":5,"column":0},"end":{"line":5,"column":44}},"4":{"start":{"line":20,"column":25},"end":{"line":66,"column":1}},"5":{"start":{"line":21,"column":2},"end":{"line":65,"column":4}},"6":{"start":{"line":22,"column":4},"end":{"line":64,"column":5}},"7":{"start":{"line":23,"column":25},"end":{"line":23,"column":50}},"8":{"start":{"line":24,"column":6},"end":{"line":26,"column":7}},"9":{"start":{"line":25,"column":8},"end":{"line":25,"column":73}},"10":{"start":{"line":28,"column":20},"end":{"line":28,"column":44}},"11":{"start":{"line":29,"column":6},"end":{"line":31,"column":7}},"12":{"start":{"line":30,"column":8},"end":{"line":30,"column":69}},"13":{"start":{"line":33,"column":24},"end":{"line":33,"column":46}},"14":{"start":{"line":34,"column":6},"end":{"line":36,"column":7}},"15":{"start":{"line":35,"column":8},"end":{"line":35,"column":56}},"16":{"start":{"line":38,"column":22},"end":{"line":38,"column":63}},"17":{"start":{"line":39,"column":6},"end":{"line":41,"column":7}},"18":{"start":{"line":40,"column":8},"end":{"line":40,"column":62}},"19":{"start":{"line":43,"column":27},"end":{"line":46,"column":8}},"20":{"start":{"line":48,"column":6},"end":{"line":50,"column":7}},"21":{"start":{"line":49,"column":8},"end":{"line":49,"column":54}},"22":{"start":{"line":52,"column":6},"end":{"line":54,"column":7}},"23":{"start":{"line":53,"column":8},"end":{"line":53,"column":65}},"24":{"start":{"line":56,"column":6},"end":{"line":56,"column":25}},"25":{"start":{"line":57,"column":6},"end":{"line":57,"column":13}},"26":{"start":{"line":59,"column":6},"end":{"line":63,"column":7}},"27":{"start":{"line":60,"column":8},"end":{"line":60,"column":69}},"28":{"start":{"line":62,"column":8},"end":{"line":62,"column":20}},"29":{"start":{"line":20,"column":13},"end":{"line":20,"column":25}},"30":{"start":{"line":68,"column":27},"end":{"line":87,"column":1}},"31":{"start":{"line":69,"column":2},"end":{"line":86,"column":4}},"32":{"start":{"line":70,"column":4},"end":{"line":72,"column":5}},"33":{"start":{"line":71,"column":6},"end":{"line":71,"column":61}},"34":{"start":{"line":74,"column":21},"end":{"line":74,"column":34}},"35":{"start":{"line":75,"column":28},"end":{"line":75,"column":59}},"36":{"start":{"line":77,"column":26},"end":{"line":78,"column":null}},"37":{"start":{"line":78,"column":16},"end":{"line":78,"column":84}},"38":{"start":{"line":81,"column":4},"end":{"line":83,"column":5}},"39":{"start":{"line":82,"column":6},"end":{"line":82,"column":63}},"40":{"start":{"line":85,"column":4},"end":{"line":85,"column":11}},"41":{"start":{"line":68,"column":13},"end":{"line":68,"column":27}},"42":{"start":{"line":89,"column":35},"end":{"line":122,"column":1}},"43":{"start":{"line":90,"column":2},"end":{"line":121,"column":4}},"44":{"start":{"line":91,"column":4},"end":{"line":120,"column":5}},"45":{"start":{"line":92,"column":25},"end":{"line":92,"column":50}},"46":{"start":{"line":93,"column":6},"end":{"line":95,"column":7}},"47":{"start":{"line":94,"column":8},"end":{"line":94,"column":73}},"48":{"start":{"line":97,"column":20},"end":{"line":97,"column":44}},"49":{"start":{"line":98,"column":6},"end":{"line":100,"column":7}},"50":{"start":{"line":99,"column":8},"end":{"line":99,"column":69}},"51":{"start":{"line":102,"column":24},"end":{"line":102,"column":46}},"52":{"start":{"line":103,"column":6},"end":{"line":105,"column":7}},"53":{"start":{"line":104,"column":8},"end":{"line":104,"column":56}},"54":{"start":{"line":107,"column":22},"end":{"line":107,"column":63}},"55":{"start":{"line":109,"column":6},"end":{"line":111,"column":7}},"56":{"start":{"line":110,"column":8},"end":{"line":110,"column":62}},"57":{"start":{"line":113,"column":6},"end":{"line":113,"column":13}},"58":{"start":{"line":115,"column":6},"end":{"line":119,"column":7}},"59":{"start":{"line":116,"column":8},"end":{"line":116,"column":69}},"60":{"start":{"line":118,"column":8},"end":{"line":118,"column":20}},"61":{"start":{"line":89,"column":13},"end":{"line":89,"column":35}}},"fnMap":{"0":{"name":"(anonymous_1)","decl":{"start":{"line":20,"column":25},"end":{"line":20,"column":26}},"loc":{"start":{"line":20,"column":50},"end":{"line":66,"column":1}}},"1":{"name":"(anonymous_2)","decl":{"start":{"line":21,"column":9},"end":{"line":21,"column":14}},"loc":{"start":{"line":21,"column":82},"end":{"line":65,"column":3}}},"2":{"name":"(anonymous_3)","decl":{"start":{"line":68,"column":27},"end":{"line":68,"column":28}},"loc":{"start":{"line":68,"column":80},"end":{"line":87,"column":1}}},"3":{"name":"(anonymous_4)","decl":{"start":{"line":69,"column":9},"end":{"line":69,"column":10}},"loc":{"start":{"line":69,"column":67},"end":{"line":86,"column":3}}},"4":{"name":"(anonymous_5)","decl":{"start":{"line":78,"column":6},"end":{"line":78,"column":7}},"loc":{"start":{"line":78,"column":16},"end":{"line":78,"column":84}}},"5":{"name":"(anonymous_6)","decl":{"start":{"line":89,"column":35},"end":{"line":89,"column":38}},"loc":{"start":{"line":89,"column":40},"end":{"line":122,"column":1}}},"6":{"name":"(anonymous_7)","decl":{"start":{"line":90,"column":9},"end":{"line":90,"column":10}},"loc":{"start":{"line":90,"column":67},"end":{"line":121,"column":3}}}},"branchMap":{"0":{"loc":{"start":{"line":24,"column":6},"end":{"line":26,"column":7}},"type":"if","locations":[{"start":{"line":24,"column":6},"end":{"line":26,"column":7}}]},"1":{"loc":{"start":{"line":24,"column":10},"end":{"line":24,"column":58}},"type":"binary-expr","locations":[{"start":{"line":24,"column":10},"end":{"line":24,"column":21}},{"start":{"line":24,"column":25},"end":{"line":24,"column":58}}]},"2":{"loc":{"start":{"line":29,"column":6},"end":{"line":31,"column":7}},"type":"if","locations":[{"start":{"line":29,"column":6},"end":{"line":31,"column":7}}]},"3":{"loc":{"start":{"line":34,"column":6},"end":{"line":36,"column":7}},"type":"if","locations":[{"start":{"line":34,"column":6},"end":{"line":36,"column":7}}]},"4":{"loc":{"start":{"line":39,"column":6},"end":{"line":41,"column":7}},"type":"if","locations":[{"start":{"line":39,"column":6},"end":{"line":41,"column":7}}]},"5":{"loc":{"start":{"line":39,"column":10},"end":{"line":39,"column":50}},"type":"binary-expr","locations":[{"start":{"line":39,"column":10},"end":{"line":39,"column":18}},{"start":{"line":39,"column":22},"end":{"line":39,"column":33}},{"start":{"line":39,"column":37},"end":{"line":39,"column":50}}]},"6":{"loc":{"start":{"line":48,"column":6},"end":{"line":50,"column":7}},"type":"if","locations":[{"start":{"line":48,"column":6},"end":{"line":50,"column":7}}]},"7":{"loc":{"start":{"line":52,"column":6},"end":{"line":54,"column":7}},"type":"if","locations":[{"start":{"line":52,"column":6},"end":{"line":54,"column":7}}]},"8":{"loc":{"start":{"line":59,"column":6},"end":{"line":63,"column":7}},"type":"if","locations":[{"start":{"line":59,"column":6},"end":{"line":63,"column":7}},{"start":{"line":61,"column":13},"end":{"line":63,"column":7}}]},"9":{"loc":{"start":{"line":70,"column":4},"end":{"line":72,"column":5}},"type":"if","locations":[{"start":{"line":70,"column":4},"end":{"line":72,"column":5}}]},"10":{"loc":{"start":{"line":75,"column":28},"end":{"line":75,"column":59}},"type":"binary-expr","locations":[{"start":{"line":75,"column":28},"end":{"line":75,"column":53}},{"start":{"line":75,"column":57},"end":{"line":75,"column":59}}]},"11":{"loc":{"start":{"line":78,"column":16},"end":{"line":78,"column":84}},"type":"binary-expr","locations":[{"start":{"line":78,"column":16},"end":{"line":78,"column":46}},{"start":{"line":78,"column":50},"end":{"line":78,"column":84}}]},"12":{"loc":{"start":{"line":81,"column":4},"end":{"line":83,"column":5}},"type":"if","locations":[{"start":{"line":81,"column":4},"end":{"line":83,"column":5}}]},"13":{"loc":{"start":{"line":93,"column":6},"end":{"line":95,"column":7}},"type":"if","locations":[{"start":{"line":93,"column":6},"end":{"line":95,"column":7}}]},"14":{"loc":{"start":{"line":93,"column":10},"end":{"line":93,"column":58}},"type":"binary-expr","locations":[{"start":{"line":93,"column":10},"end":{"line":93,"column":21}},{"start":{"line":93,"column":25},"end":{"line":93,"column":58}}]},"15":{"loc":{"start":{"line":98,"column":6},"end":{"line":100,"column":7}},"type":"if","locations":[{"start":{"line":98,"column":6},"end":{"line":100,"column":7}}]},"16":{"loc":{"start":{"line":103,"column":6},"end":{"line":105,"column":7}},"type":"if","locations":[{"start":{"line":103,"column":6},"end":{"line":105,"column":7}}]},"17":{"loc":{"start":{"line":109,"column":6},"end":{"line":111,"column":7}},"type":"if","locations":[{"start":{"line":109,"column":6},"end":{"line":111,"column":7}}]},"18":{"loc":{"start":{"line":109,"column":10},"end":{"line":109,"column":50}},"type":"binary-expr","locations":[{"start":{"line":109,"column":10},"end":{"line":109,"column":18}},{"start":{"line":109,"column":22},"end":{"line":109,"column":33}},{"start":{"line":109,"column":37},"end":{"line":109,"column":50}}]},"19":{"loc":{"start":{"line":115,"column":6},"end":{"line":119,"column":7}},"type":"if","locations":[{"start":{"line":115,"column":6},"end":{"line":119,"column":7}},{"start":{"line":117,"column":13},"end":{"line":119,"column":7}}]}},"s":{"0":2,"1":2,"2":2,"3":2,"4":2,"5":2,"6":5,"7":5,"8":5,"9":2,"10":3,"11":3,"12":0,"13":3,"14":3,"15":0,"16":3,"17":0,"18":0,"19":0,"20":0,"21":0,"22":0,"23":0,"24":0,"25":0,"26":5,"27":3,"28":2,"29":2,"30":2,"31":10,"32":0,"33":0,"34":0,"35":0,"36":0,"37":0,"38":0,"39":0,"40":0,"41":2,"42":2,"43":2,"44":3,"45":3,"46":3,"47":1,"48":2,"49":2,"50":0,"51":2,"52":2,"53":0,"54":2,"55":1,"56":0,"57":1,"58":2,"59":1,"60":1,"61":2},"f":{"0":2,"1":5,"2":10,"3":0,"4":0,"5":2,"6":3},"b":{"0":[2],"1":[5,3],"2":[0],"3":[0],"4":[0],"5":[0,0,0],"6":[0],"7":[0],"8":[3,2],"9":[0],"10":[0,0],"11":[0,0],"12":[0],"13":[1],"14":[3,2],"15":[0],"16":[0],"17":[0],"18":[1,1,1],"19":[1,1]}}
,"/Users/rex/Projects/substack-senior-assessment/src/middleware/error.middleware.ts": {"path":"/Users/rex/Projects/substack-senior-assessment/src/middleware/error.middleware.ts","statementMap":{"0":{"start":{"line":2,"column":0},"end":{"line":2,"column":50}},"1":{"start":{"line":3,"column":0},"end":{"line":3,"column":41}},"2":{"start":{"line":7,"column":4},"end":{"line":7,"column":19}},"3":{"start":{"line":6,"column":21},"end":{"line":6,"column":35}},"4":{"start":{"line":6,"column":44},"end":{"line":6,"column":59}},"5":{"start":{"line":8,"column":4},"end":{"line":8,"column":25}},"6":{"start":{"line":5,"column":0},"end":{"line":5,"column":13}},"7":{"start":{"line":12,"column":49},"end":{"line":43,"column":1}},"8":{"start":{"line":18,"column":17},"end":{"line":18,"column":68}},"9":{"start":{"line":19,"column":18},"end":{"line":19,"column":57}},"10":{"start":{"line":21,"column":2},"end":{"line":25,"column":3}},"11":{"start":{"line":22,"column":4},"end":{"line":22,"column":52}},"12":{"start":{"line":24,"column":4},"end":{"line":24,"column":50}},"13":{"start":{"line":27,"column":2},"end":{"line":37,"column":3}},"14":{"start":{"line":28,"column":4},"end":{"line":35,"column":7}},"15":{"start":{"line":31,"column":30},"end":{"line":34,"column":8}},"16":{"start":{"line":36,"column":4},"end":{"line":36,"column":11}},"17":{"start":{"line":39,"column":2},"end":{"line":42,"column":5}},"18":{"start":{"line":12,"column":13},"end":{"line":12,"column":49}}},"fnMap":{"0":{"name":"(anonymous_0)","decl":{"start":{"line":6,"column":2},"end":{"line":6,"column":21}},"loc":{"start":{"line":6,"column":59},"end":{"line":9,"column":3}}},"1":{"name":"(anonymous_1)","decl":{"start":{"line":12,"column":49},"end":{"line":12,"column":null}},"loc":{"start":{"line":17,"column":10},"end":{"line":43,"column":1}}},"2":{"name":"(anonymous_2)","decl":{"start":{"line":31,"column":24},"end":{"line":31,"column":25}},"loc":{"start":{"line":31,"column":30},"end":{"line":34,"column":8}}}},"branchMap":{"0":{"loc":{"start":{"line":18,"column":17},"end":{"line":18,"column":68}},"type":"cond-expr","locations":[{"start":{"line":18,"column":50},"end":{"line":18,"column":62}},{"start":{"line":18,"column":65},"end":{"line":18,"column":68}}]},"1":{"loc":{"start":{"line":19,"column":18},"end":{"line":19,"column":57}},"type":"binary-expr","locations":[{"start":{"line":19,"column":18},"end":{"line":19,"column":31}},{"start":{"line":19,"column":35},"end":{"line":19,"column":57}}]},"2":{"loc":{"start":{"line":21,"column":2},"end":{"line":25,"column":3}},"type":"if","locations":[{"start":{"line":21,"column":2},"end":{"line":25,"column":3}},{"start":{"line":23,"column":9},"end":{"line":25,"column":3}}]},"3":{"loc":{"start":{"line":27,"column":2},"end":{"line":37,"column":3}},"type":"if","locations":[{"start":{"line":27,"column":2},"end":{"line":37,"column":3}}]},"4":{"loc":{"start":{"line":27,"column":6},"end":{"line":27,"column":65}},"type":"binary-expr","locations":[{"start":{"line":27,"column":6},"end":{"line":27,"column":26}},{"start":{"line":27,"column":30},"end":{"line":27,"column":65}}]}},"s":{"0":3,"1":3,"2":21,"3":21,"4":21,"5":21,"6":3,"7":3,"8":11,"9":11,"10":11,"11":11,"12":0,"13":11,"14":0,"15":0,"16":0,"17":11,"18":3},"f":{"0":21,"1":11,"2":0},"b":{"0":[11,0],"1":[11,0],"2":[11,0],"3":[0],"4":[11,0]}}
,"/Users/rex/Projects/substack-senior-assessment/src/models/audit-log.model.ts": {"path":"/Users/rex/Projects/substack-senior-assessment/src/models/audit-log.model.ts","statementMap":{"0":{"start":{"line":1,"column":0},"end":{"line":1,"column":54}},"1":{"start":{"line":12,"column":23},"end":{"line":42,"column":2}},"2":{"start":{"line":44,"column":0},"end":{"line":44,"column":53}},"3":{"start":{"line":46,"column":13},"end":{"line":46,"column":78}}},"fnMap":{},"branchMap":{},"s":{"0":2,"1":2,"2":2,"3":2},"f":{},"b":{}}
,"/Users/rex/Projects/substack-senior-assessment/src/models/rates.model.ts": {"path":"/Users/rex/Projects/substack-senior-assessment/src/models/rates.model.ts","statementMap":{"0":{"start":{"line":1,"column":0},"end":{"line":1,"column":54}},"1":{"start":{"line":10,"column":27},"end":{"line":34,"column":null}},"2":{"start":{"line":37,"column":0},"end":{"line":37,"column":83}},"3":{"start":{"line":39,"column":13},"end":{"line":39,"column":94}}},"fnMap":{},"branchMap":{},"s":{"0":3,"1":3,"2":3,"3":3},"f":{},"b":{}}
,"/Users/rex/Projects/substack-senior-assessment/src/models/transaction.model.ts": {"path":"/Users/rex/Projects/substack-senior-assessment/src/models/transaction.model.ts","statementMap":{"0":{"start":{"line":1,"column":0},"end":{"line":1,"column":54}},"1":{"start":{"line":12,"column":0},"end":{"line":12,"column":null}},"2":{"start":{"line":13,"column":2},"end":{"line":13,"column":null}},"3":{"start":{"line":14,"column":2},"end":{"line":14,"column":null}},"4":{"start":{"line":15,"column":2},"end":{"line":15,"column":null}},"5":{"start":{"line":16,"column":2},"end":{"line":16,"column":null}},"6":{"start":{"line":19,"column":26},"end":{"line":28,"column":null}},"7":{"start":{"line":31,"column":13},"end":{"line":31,"column":90}}},"fnMap":{"0":{"name":"(anonymous_9)","decl":{"start":{"line":12,"column":0},"end":{"line":12,"column":12}},"loc":{"start":{"line":12,"column":28},"end":{"line":17,"column":1}}}},"branchMap":{"0":{"loc":{"start":{"line":12,"column":12},"end":{"line":12,"column":null}},"type":"binary-expr","locations":[{"start":{"line":12,"column":12},"end":{"line":12,"column":28}},{"start":{"line":12,"column":28},"end":{"line":12,"column":null}}]}},"s":{"0":3,"1":3,"2":3,"3":3,"4":3,"5":3,"6":3,"7":3},"f":{"0":3},"b":{"0":[3,3]}}
,"/Users/rex/Projects/substack-senior-assessment/src/models/user-account.model.ts": {"path":"/Users/rex/Projects/substack-senior-assessment/src/models/user-account.model.ts","statementMap":{"0":{"start":{"line":1,"column":0},"end":{"line":1,"column":54}},"1":{"start":{"line":8,"column":26},"end":{"line":18,"column":2}},"2":{"start":{"line":21,"column":0},"end":{"line":26,"column":3}},"3":{"start":{"line":22,"column":2},"end":{"line":24,"column":3}},"4":{"start":{"line":23,"column":4},"end":{"line":23,"column":61}},"5":{"start":{"line":25,"column":2},"end":{"line":25,"column":9}},"6":{"start":{"line":30,"column":24},"end":{"line":30,"column":26}},"7":{"start":{"line":31,"column":17},"end":{"line":31,"column":21}},"8":{"start":{"line":33,"column":4},"end":{"line":36,"column":5}},"9":{"start":{"line":34,"column":8},"end":{"line":34,"column":87}},"10":{"start":{"line":35,"column":8},"end":{"line":35,"column":72}},"11":{"start":{"line":38,"column":4},"end":{"line":38,"column":25}},"12":{"start":{"line":41,"column":13},"end":{"line":41,"column":90}}},"fnMap":{"0":{"name":"(anonymous_9)","decl":{"start":{"line":21,"column":44},"end":{"line":21,"column":49}},"loc":{"start":{"line":21,"column":64},"end":{"line":26,"column":1}}},"1":{"name":"generateUniqueAccountNumber","decl":{"start":{"line":29,"column":15},"end":{"line":29,"column":42}},"loc":{"start":{"line":29,"column":42},"end":{"line":39,"column":3}}}},"branchMap":{"0":{"loc":{"start":{"line":22,"column":2},"end":{"line":24,"column":3}},"type":"if","locations":[{"start":{"line":22,"column":2},"end":{"line":24,"column":3}}]}},"s":{"0":3,"1":3,"2":3,"3":3,"4":3,"5":3,"6":3,"7":3,"8":3,"9":3,"10":3,"11":3,"12":3},"f":{"0":3,"1":3},"b":{"0":[3]}}
,"/Users/rex/Projects/substack-senior-assessment/src/models/user.model.ts": {"path":"/Users/rex/Projects/substack-senior-assessment/src/models/user.model.ts","statementMap":{"0":{"start":{"line":1,"column":0},"end":{"line":1,"column":54}},"1":{"start":{"line":2,"column":0},"end":{"line":2,"column":30}},"2":{"start":{"line":3,"column":0},"end":{"line":3,"column":52}},"3":{"start":{"line":16,"column":19},"end":{"line":47,"column":2}},"4":{"start":{"line":49,"column":0},"end":{"line":59,"column":3}},"5":{"start":{"line":50,"column":2},"end":{"line":50,"column":50}},"6":{"start":{"line":50,"column":36},"end":{"line":50,"column":50}},"7":{"start":{"line":52,"column":2},"end":{"line":58,"column":3}},"8":{"start":{"line":53,"column":17},"end":{"line":53,"column":41}},"9":{"start":{"line":54,"column":4},"end":{"line":54,"column":59}},"10":{"start":{"line":55,"column":4},"end":{"line":55,"column":11}},"11":{"start":{"line":57,"column":4},"end":{"line":57,"column":25}},"12":{"start":{"line":61,"column":0},"end":{"line":65,"column":3}},"13":{"start":{"line":68,"column":0},"end":{"line":74,"column":2}},"14":{"start":{"line":69,"column":2},"end":{"line":73,"column":3}},"15":{"start":{"line":70,"column":4},"end":{"line":70,"column":66}},"16":{"start":{"line":72,"column":4},"end":{"line":72,"column":16}},"17":{"start":{"line":76,"column":0},"end":{"line":76,"column":45}},"18":{"start":{"line":77,"column":0},"end":{"line":77,"column":47}},"19":{"start":{"line":79,"column":13},"end":{"line":79,"column":62}}},"fnMap":{"0":{"name":"(anonymous_10)","decl":{"start":{"line":49,"column":23},"end":{"line":49,"column":28}},"loc":{"start":{"line":49,"column":42},"end":{"line":59,"column":1}}},"1":{"name":"(anonymous_11)","decl":{"start":{"line":68,"column":37},"end":{"line":68,"column":42}},"loc":{"start":{"line":68,"column":77},"end":{"line":74,"column":1}}}},"branchMap":{"0":{"loc":{"start":{"line":50,"column":2},"end":{"line":50,"column":50}},"type":"if","locations":[{"start":{"line":50,"column":2},"end":{"line":50,"column":50}}]}},"s":{"0":3,"1":3,"2":3,"3":3,"4":3,"5":3,"6":0,"7":3,"8":3,"9":3,"10":3,"11":0,"12":3,"13":3,"14":1,"15":1,"16":0,"17":3,"18":3,"19":3},"f":{"0":3,"1":1},"b":{"0":[0]}}
,"/Users/rex/Projects/substack-senior-assessment/src/models/wallets.model.ts": {"path":"/Users/rex/Projects/substack-senior-assessment/src/models/wallets.model.ts","statementMap":{"0":{"start":{"line":1,"column":0},"end":{"line":1,"column":54}},"1":{"start":{"line":9,"column":21},"end":{"line":25,"column":2}},"2":{"start":{"line":27,"column":0},"end":{"line":27,"column":63}},"3":{"start":{"line":29,"column":13},"end":{"line":29,"column":70}}},"fnMap":{},"branchMap":{},"s":{"0":3,"1":3,"2":3,"3":3},"f":{},"b":{}}
,"/Users/rex/Projects/substack-senior-assessment/src/routes/auth.routes.ts": {"path":"/Users/rex/Projects/substack-senior-assessment/src/routes/auth.routes.ts","statementMap":{"0":{"start":{"line":1,"column":0},"end":{"line":1,"column":33}},"1":{"start":{"line":2,"column":0},"end":{"line":2,"column":64}},"2":{"start":{"line":4,"column":15},"end":{"line":4,"column":23}},"3":{"start":{"line":95,"column":19},"end":{"line":95,"column":29}},"4":{"start":{"line":5,"column":23},"end":{"line":5,"column":43}},"5":{"start":{"line":53,"column":0},"end":{"line":53,"column":50}},"6":{"start":{"line":93,"column":0},"end":{"line":93,"column":44}}},"fnMap":{},"branchMap":{},"s":{"0":2,"1":2,"2":2,"3":2,"4":2,"5":2,"6":2},"f":{},"b":{}}
,"/Users/rex/Projects/substack-senior-assessment/src/routes/banking.routes.ts": {"path":"/Users/rex/Projects/substack-senior-assessment/src/routes/banking.routes.ts","statementMap":{"0":{"start":{"line":1,"column":0},"end":{"line":1,"column":33}},"1":{"start":{"line":2,"column":0},"end":{"line":2,"column":70}},"2":{"start":{"line":3,"column":0},"end":{"line":3,"column":92}},"3":{"start":{"line":4,"column":0},"end":{"line":4,"column":58}},"4":{"start":{"line":5,"column":0},"end":{"line":5,"column":52}},"5":{"start":{"line":7,"column":15},"end":{"line":7,"column":23}},"6":{"start":{"line":8,"column":26},"end":{"line":8,"column":49}},"7":{"start":{"line":57,"column":0},"end":{"line":57,"column":74}},"8":{"start":{"line":61,"column":0},"end":{"line":61,"column":47}},"9":{"start":{"line":62,"column":0},"end":{"line":62,"column":23}},"10":{"start":{"line":107,"column":0},"end":{"line":107,"column":87}},"11":{"start":{"line":150,"column":0},"end":{"line":150,"column":87}},"12":{"start":{"line":173,"column":0},"end":{"line":173,"column":108}},"13":{"start":{"line":196,"column":0},"end":{"line":196,"column":92}},"14":{"start":{"line":232,"column":0},"end":{"line":232,"column":85}},"15":{"start":{"line":234,"column":0},"end":{"line":234,"column":22}}},"fnMap":{},"branchMap":{},"s":{"0":2,"1":2,"2":2,"3":2,"4":2,"5":2,"6":2,"7":2,"8":2,"9":2,"10":2,"11":2,"12":2,"13":2,"14":2,"15":2},"f":{},"b":{}}
,"/Users/rex/Projects/substack-senior-assessment/src/routes/health.routes.ts": {"path":"/Users/rex/Projects/substack-senior-assessment/src/routes/health.routes.ts","statementMap":{"0":{"start":{"line":1,"column":0},"end":{"line":1,"column":33}},"1":{"start":{"line":2,"column":0},"end":{"line":2,"column":68}},"2":{"start":{"line":4,"column":15},"end":{"line":4,"column":23}},"3":{"start":{"line":47,"column":19},"end":{"line":47,"column":31}},"4":{"start":{"line":5,"column":25},"end":{"line":5,"column":47}},"5":{"start":{"line":45,"column":0},"end":{"line":45,"column":40}}},"fnMap":{},"branchMap":{},"s":{"0":2,"1":2,"2":2,"3":2,"4":2,"5":2},"f":{},"b":{}}
,"/Users/rex/Projects/substack-senior-assessment/src/services/auth.service.ts": {"path":"/Users/rex/Projects/substack-senior-assessment/src/services/auth.service.ts","statementMap":{"0":{"start":{"line":1,"column":0},"end":{"line":1,"column":31}},"1":{"start":{"line":2,"column":0},"end":{"line":2,"column":44}},"2":{"start":{"line":4,"column":0},"end":{"line":4,"column":63}},"3":{"start":{"line":5,"column":0},"end":{"line":5,"column":52}},"4":{"start":{"line":6,"column":0},"end":{"line":6,"column":59}},"5":{"start":{"line":7,"column":0},"end":{"line":7,"column":49}},"6":{"start":{"line":13,"column":4},"end":{"line":13,"column":45}},"7":{"start":{"line":16,"column":28},"end":{"line":16,"column":76}},"8":{"start":{"line":17,"column":4},"end":{"line":19,"column":5}},"9":{"start":{"line":18,"column":6},"end":{"line":18,"column":59}},"10":{"start":{"line":21,"column":4},"end":{"line":21,"column":33}},"11":{"start":{"line":23,"column":20},"end":{"line":23,"column":50}},"12":{"start":{"line":25,"column":4},"end":{"line":30,"column":null}},"13":{"start":{"line":31,"column":4},"end":{"line":31,"column":40}},"14":{"start":{"line":35,"column":20},"end":{"line":35,"column":86}},"15":{"start":{"line":36,"column":4},"end":{"line":38,"column":5}},"16":{"start":{"line":37,"column":6},"end":{"line":37,"column":58}},"17":{"start":{"line":40,"column":28},"end":{"line":40,"column":77}},"18":{"start":{"line":41,"column":4},"end":{"line":43,"column":5}},"19":{"start":{"line":42,"column":6},"end":{"line":42,"column":58}},"20":{"start":{"line":45,"column":18},"end":{"line":45,"column":62}},"21":{"start":{"line":46,"column":4},"end":{"line":49,"column":6}},"22":{"start":{"line":53,"column":22},"end":{"line":53,"column":44}},"23":{"start":{"line":54,"column":4},"end":{"line":56,"column":5}},"24":{"start":{"line":55,"column":6},"end":{"line":55,"column":54}},"25":{"start":{"line":58,"column":30},"end":{"line":58,"column":86}},"26":{"start":{"line":60,"column":4},"end":{"line":64,"column":6}},"27":{"start":{"line":68,"column":44},"end":{"line":68,"column":62}},"28":{"start":{"line":69,"column":4},"end":{"line":69,"column":43}},"29":{"start":{"line":9,"column":0},"end":{"line":9,"column":13}}},"fnMap":{"0":{"name":"(anonymous_1)","decl":{"start":{"line":12,"column":2},"end":{"line":12,"column":null}},"loc":{"start":{"line":12,"column":2},"end":{"line":14,"column":3}}},"1":{"name":"(anonymous_2)","decl":{"start":{"line":15,"column":2},"end":{"line":15,"column":7}},"loc":{"start":{"line":15,"column":48},"end":{"line":32,"column":3}}},"2":{"name":"(anonymous_3)","decl":{"start":{"line":34,"column":2},"end":{"line":34,"column":7}},"loc":{"start":{"line":34,"column":40},"end":{"line":50,"column":3}}},"3":{"name":"(anonymous_4)","decl":{"start":{"line":52,"column":10},"end":{"line":52,"column":23}},"loc":{"start":{"line":52,"column":53},"end":{"line":65,"column":3}}},"4":{"name":"(anonymous_5)","decl":{"start":{"line":67,"column":10},"end":{"line":67,"column":24}},"loc":{"start":{"line":67,"column":37},"end":{"line":70,"column":3}}}},"branchMap":{"0":{"loc":{"start":{"line":17,"column":4},"end":{"line":19,"column":5}},"type":"if","locations":[{"start":{"line":17,"column":4},"end":{"line":19,"column":5}}]},"1":{"loc":{"start":{"line":36,"column":4},"end":{"line":38,"column":5}},"type":"if","locations":[{"start":{"line":36,"column":4},"end":{"line":38,"column":5}}]},"2":{"loc":{"start":{"line":41,"column":4},"end":{"line":43,"column":5}},"type":"if","locations":[{"start":{"line":41,"column":4},"end":{"line":43,"column":5}}]},"3":{"loc":{"start":{"line":54,"column":4},"end":{"line":56,"column":5}},"type":"if","locations":[{"start":{"line":54,"column":4},"end":{"line":56,"column":5}}]},"4":{"loc":{"start":{"line":58,"column":39},"end":{"line":58,"column":81}},"type":"binary-expr","locations":[{"start":{"line":58,"column":39},"end":{"line":58,"column":73}},{"start":{"line":58,"column":77},"end":{"line":58,"column":81}}]}},"s":{"0":3,"1":3,"2":3,"3":3,"4":3,"5":3,"6":3,"7":3,"8":3,"9":0,"10":3,"11":3,"12":3,"13":3,"14":5,"15":5,"16":4,"17":1,"18":1,"19":0,"20":1,"21":1,"22":1,"23":1,"24":0,"25":1,"26":1,"27":4,"28":4,"29":3},"f":{"0":3,"1":3,"2":5,"3":1,"4":4},"b":{"0":[0],"1":[4],"2":[0],"3":[0],"4":[1,0]}}
,"/Users/rex/Projects/substack-senior-assessment/src/services/banking.service.ts": {"path":"/Users/rex/Projects/substack-senior-assessment/src/services/banking.service.ts","statementMap":{"0":{"start":{"line":1,"column":0},"end":{"line":1,"column":49}},"1":{"start":{"line":2,"column":0},"end":{"line":2,"column":63}},"2":{"start":{"line":3,"column":0},"end":{"line":3,"column":59}},"3":{"start":{"line":5,"column":0},"end":{"line":5,"column":44}},"4":{"start":{"line":6,"column":0},"end":{"line":6,"column":59}},"5":{"start":{"line":15,"column":8},"end":{"line":15,"column":59}},"6":{"start":{"line":19,"column":51},"end":{"line":19,"column":66}},"7":{"start":{"line":20,"column":8},"end":{"line":20,"column":99}},"8":{"start":{"line":20,"column":45},"end":{"line":20,"column":99}},"9":{"start":{"line":21,"column":8},"end":{"line":21,"column":81}},"10":{"start":{"line":21,"column":34},"end":{"line":21,"column":81}},"11":{"start":{"line":22,"column":8},"end":{"line":22,"column":67}},"12":{"start":{"line":22,"column":18},"end":{"line":22,"column":67}},"13":{"start":{"line":24,"column":31},"end":{"line":27,"column":10}},"14":{"start":{"line":29,"column":28},"end":{"line":29,"column":null}},"15":{"start":{"line":30,"column":8},"end":{"line":30,"column":65}},"16":{"start":{"line":30,"column":18},"end":{"line":30,"column":65}},"17":{"start":{"line":32,"column":8},"end":{"line":32,"column":69}},"18":{"start":{"line":32,"column":20},"end":{"line":32,"column":69}},"19":{"start":{"line":34,"column":27},"end":{"line":38,"column":10}},"20":{"start":{"line":41,"column":8},"end":{"line":46,"column":10}},"21":{"start":{"line":47,"column":8},"end":{"line":47,"column":null}},"22":{"start":{"line":51,"column":108},"end":{"line":51,"column":120}},"23":{"start":{"line":52,"column":37},"end":{"line":52,"column":103}},"24":{"start":{"line":53,"column":8},"end":{"line":53,"column":80}},"25":{"start":{"line":53,"column":32},"end":{"line":53,"column":80}},"26":{"start":{"line":55,"column":32},"end":{"line":58,"column":10}},"27":{"start":{"line":61,"column":24},"end":{"line":69,"column":10}},"28":{"start":{"line":71,"column":8},"end":{"line":77,"column":10}},"29":{"start":{"line":79,"column":8},"end":{"line":79,"column":null}},"30":{"start":{"line":83,"column":97},"end":{"line":83,"column":110}},"31":{"start":{"line":84,"column":54},"end":{"line":88,"column":null}},"32":{"start":{"line":90,"column":8},"end":{"line":90,"column":95}},"33":{"start":{"line":90,"column":47},"end":{"line":90,"column":95}},"34":{"start":{"line":91,"column":8},"end":{"line":91,"column":83}},"35":{"start":{"line":91,"column":27},"end":{"line":91,"column":83}},"36":{"start":{"line":93,"column":32},"end":{"line":96,"column":10}},"37":{"start":{"line":98,"column":8},"end":{"line":98,"column":103}},"38":{"start":{"line":98,"column":44},"end":{"line":98,"column":103}},"39":{"start":{"line":105,"column":8},"end":{"line":123,"column":9}},"40":{"start":{"line":106,"column":12},"end":{"line":111,"column":null}},"41":{"start":{"line":114,"column":12},"end":{"line":114,"column":101}},"42":{"start":{"line":114,"column":33},"end":{"line":114,"column":101}},"43":{"start":{"line":116,"column":12},"end":{"line":122,"column":null}},"44":{"start":{"line":125,"column":8},"end":{"line":131,"column":10}},"45":{"start":{"line":133,"column":8},"end":{"line":133,"column":null}},"46":{"start":{"line":137,"column":35},"end":{"line":137,"column":58}},"47":{"start":{"line":138,"column":8},"end":{"line":138,"column":70}},"48":{"start":{"line":138,"column":20},"end":{"line":138,"column":70}},"49":{"start":{"line":139,"column":8},"end":{"line":139,"column":76}},"50":{"start":{"line":139,"column":22},"end":{"line":139,"column":76}},"51":{"start":{"line":142,"column":31},"end":{"line":151,"column":14}},"52":{"start":{"line":153,"column":8},"end":{"line":153,"column":65}},"53":{"start":{"line":153,"column":18},"end":{"line":153,"column":65}},"54":{"start":{"line":154,"column":8},"end":{"line":154,"column":69}},"55":{"start":{"line":154,"column":20},"end":{"line":154,"column":69}},"56":{"start":{"line":156,"column":8},"end":{"line":160,"column":null}},"57":{"start":{"line":164,"column":35},"end":{"line":164,"column":47}},"58":{"start":{"line":165,"column":8},"end":{"line":165,"column":70}},"59":{"start":{"line":165,"column":20},"end":{"line":165,"column":70}},"60":{"start":{"line":166,"column":8},"end":{"line":166,"column":76}},"61":{"start":{"line":166,"column":22},"end":{"line":166,"column":76}},"62":{"start":{"line":169,"column":31},"end":{"line":178,"column":14}},"63":{"start":{"line":180,"column":8},"end":{"line":180,"column":65}},"64":{"start":{"line":180,"column":18},"end":{"line":180,"column":65}},"65":{"start":{"line":181,"column":8},"end":{"line":181,"column":69}},"66":{"start":{"line":181,"column":20},"end":{"line":181,"column":69}},"67":{"start":{"line":183,"column":8},"end":{"line":183,"column":null}},"68":{"start":{"line":187,"column":61},"end":{"line":187,"column":73}},"69":{"start":{"line":188,"column":8},"end":{"line":188,"column":71}},"70":{"start":{"line":188,"column":21},"end":{"line":188,"column":71}},"71":{"start":{"line":189,"column":8},"end":{"line":189,"column":77}},"72":{"start":{"line":189,"column":23},"end":{"line":189,"column":77}},"73":{"start":{"line":190,"column":8},"end":{"line":190,"column":73}},"74":{"start":{"line":190,"column":21},"end":{"line":190,"column":73}},"75":{"start":{"line":192,"column":23},"end":{"line":192,"column":71}},"76":{"start":{"line":193,"column":8},"end":{"line":193,"column":70}},"77":{"start":{"line":193,"column":21},"end":{"line":193,"column":70}},"78":{"start":{"line":195,"column":27},"end":{"line":200,"column":10}},"79":{"start":{"line":202,"column":8},"end":{"line":207,"column":10}},"80":{"start":{"line":209,"column":8},"end":{"line":209,"column":26}},"81":{"start":{"line":11,"column":0},"end":{"line":11,"column":13}},"82":{"start":{"line":218,"column":85},"end":{"line":218,"column":40501}},"83":{"start":{"line":218,"column":89},"end":{"line":218,"column":40490}},"84":{"start":{"line":218,"column":40616},"end":{"line":218,"column":40622}},"85":{"start":{"line":218,"column":40737},"end":{"line":218,"column":40743}},"86":{"start":{"line":218,"column":40858},"end":{"line":218,"column":40864}},"87":{"start":{"line":218,"column":40983},"end":{"line":218,"column":40989}},"88":{"start":{"line":218,"column":41133},"end":{"line":218,"column":41139}}},"fnMap":{"0":{"name":"(anonymous_0)","decl":{"start":{"line":14,"column":4},"end":{"line":14,"column":null}},"loc":{"start":{"line":14,"column":4},"end":{"line":16,"column":5}}},"1":{"name":"(anonymous_1)","decl":{"start":{"line":18,"column":4},"end":{"line":18,"column":9}},"loc":{"start":{"line":18,"column":72},"end":{"line":48,"column":5}}},"2":{"name":"(anonymous_2)","decl":{"start":{"line":50,"column":4},"end":{"line":50,"column":9}},"loc":{"start":{"line":50,"column":65},"end":{"line":80,"column":5}}},"3":{"name":"(anonymous_3)","decl":{"start":{"line":82,"column":4},"end":{"line":82,"column":9}},"loc":{"start":{"line":82,"column":68},"end":{"line":134,"column":5}}},"4":{"name":"(anonymous_4)","decl":{"start":{"line":136,"column":4},"end":{"line":136,"column":9}},"loc":{"start":{"line":136,"column":78},"end":{"line":161,"column":5}}},"5":{"name":"(anonymous_5)","decl":{"start":{"line":163,"column":4},"end":{"line":163,"column":9}},"loc":{"start":{"line":163,"column":52},"end":{"line":184,"column":5}}},"6":{"name":"(anonymous_6)","decl":{"start":{"line":186,"column":4},"end":{"line":186,"column":9}},"loc":{"start":{"line":186,"column":65},"end":{"line":210,"column":5}}},"7":{"name":"oo_cm","decl":{"start":{"line":218,"column":77},"end":{"line":218,"column":82}},"loc":{"start":{"line":218,"column":82},"end":{"line":218,"column":40502}}}},"branchMap":{"0":{"loc":{"start":{"line":20,"column":8},"end":{"line":20,"column":99}},"type":"if","locations":[{"start":{"line":20,"column":8},"end":{"line":20,"column":99}}]},"1":{"loc":{"start":{"line":20,"column":11},"end":{"line":20,"column":43}},"type":"binary-expr","locations":[{"start":{"line":20,"column":11},"end":{"line":20,"column":20}},{"start":{"line":20,"column":24},"end":{"line":20,"column":43}}]},"2":{"loc":{"start":{"line":21,"column":8},"end":{"line":21,"column":81}},"type":"if","locations":[{"start":{"line":21,"column":8},"end":{"line":21,"column":81}}]},"3":{"loc":{"start":{"line":21,"column":11},"end":{"line":21,"column":32}},"type":"binary-expr","locations":[{"start":{"line":21,"column":11},"end":{"line":21,"column":18}},{"start":{"line":21,"column":22},"end":{"line":21,"column":32}}]},"4":{"loc":{"start":{"line":22,"column":8},"end":{"line":22,"column":67}},"type":"if","locations":[{"start":{"line":22,"column":8},"end":{"line":22,"column":67}}]},"5":{"loc":{"start":{"line":30,"column":8},"end":{"line":30,"column":65}},"type":"if","locations":[{"start":{"line":30,"column":8},"end":{"line":30,"column":65}}]},"6":{"loc":{"start":{"line":32,"column":8},"end":{"line":32,"column":69}},"type":"if","locations":[{"start":{"line":32,"column":8},"end":{"line":32,"column":69}}]},"7":{"loc":{"start":{"line":53,"column":8},"end":{"line":53,"column":80}},"type":"if","locations":[{"start":{"line":53,"column":8},"end":{"line":53,"column":80}}]},"8":{"loc":{"start":{"line":90,"column":8},"end":{"line":90,"column":95}},"type":"if","locations":[{"start":{"line":90,"column":8},"end":{"line":90,"column":95}}]},"9":{"loc":{"start":{"line":90,"column":11},"end":{"line":90,"column":45}},"type":"binary-expr","locations":[{"start":{"line":90,"column":11},"end":{"line":90,"column":30}},{"start":{"line":90,"column":34},"end":{"line":90,"column":45}}]},"10":{"loc":{"start":{"line":91,"column":8},"end":{"line":91,"column":83}},"type":"if","locations":[{"start":{"line":91,"column":8},"end":{"line":91,"column":83}}]},"11":{"loc":{"start":{"line":93,"column":32},"end":{"line":96,"column":10}},"type":"binary-expr","locations":[{"start":{"line":93,"column":32},"end":{"line":93,"column":42}},{"start":{"line":93,"column":46},"end":{"line":93,"column":64}},{"start":{"line":93,"column":68},"end":{"line":96,"column":10}}]},"12":{"loc":{"start":{"line":98,"column":8},"end":{"line":98,"column":103}},"type":"if","locations":[{"start":{"line":98,"column":8},"end":{"line":98,"column":103}}]},"13":{"loc":{"start":{"line":98,"column":11},"end":{"line":98,"column":41}},"type":"binary-expr","locations":[{"start":{"line":98,"column":11},"end":{"line":98,"column":27}},{"start":{"line":98,"column":31},"end":{"line":98,"column":41}}]},"14":{"loc":{"start":{"line":105,"column":8},"end":{"line":123,"column":9}},"type":"if","locations":[{"start":{"line":105,"column":8},"end":
[...]
35}},{"start":{"line":75,"column":39},"end":{"line":75,"column":55}}]},"8":{"loc":{"start":{"line":77,"column":6},"end":{"line":78,"column":72}},"type":"if","locations":[{"start":{"line":77,"column":6},"end":{"line":78,"column":72}}]},"9":{"loc":{"start":{"line":77,"column":10},"end":{"line":77,"column":32}},"type":"binary-expr","locations":[{"start":{"line":77,"column":10},"end":{"line":77,"column":17}},{"start":{"line":77,"column":21},"end":{"line":77,"column":32}}]},"10":{"loc":{"start":{"line":79,"column":6},"end":{"line":79,"column":86}},"type":"if","locations":[{"start":{"line":79,"column":6},"end":{"line":79,"column":86}}]},"11":{"loc":{"start":{"line":99,"column":6},"end":{"line":105,"column":7}},"type":"if","locations":[{"start":{"line":99,"column":6},"end":{"line":105,"column":7}}]},"12":{"loc":{"start":{"line":107,"column":6},"end":{"line":110,"column":7}},"type":"if","locations":[{"start":{"line":107,"column":6},"end":{"line":110,"column":7}}]},"13":{"loc":{"start":{"line":113,"column":6},"end":{"line":116,"column":7}},"type":"if","locations":[{"start":{"line":113,"column":6},"end":{"line":116,"column":7}}]},"14":{"loc":{"start":{"line":131,"column":6},"end":{"line":131,"column":130}},"type":"if","locations":[{"start":{"line":131,"column":6},"end":{"line":131,"column":130}}]},"15":{"loc":{"start":{"line":131,"column":10},"end":{"line":131,"column":45}},"type":"binary-expr","locations":[{"start":{"line":131,"column":10},"end":{"line":131,"column":30}},{"start":{"line":131,"column":34},"end":{"line":131,"column":45}}]},"16":{"loc":{"start":{"line":132,"column":6},"end":{"line":132,"column":117}},"type":"if","locations":[{"start":{"line":132,"column":6},"end":{"line":132,"column":117}}]},"17":{"loc":{"start":{"line":132,"column":10},"end":{"line":132,"column":32}},"type":"binary-expr","locations":[{"start":{"line":132,"column":10},"end":{"line":132,"column":17}},{"start":{"line":132,"column":21},"end":{"line":132,"column":32}}]},"18":{"loc":{"start":{"line":133,"column":6},"end":{"line":133,"column":93}},"type":"if","locations":[{"start":{"line":133,"column":6},"end":{"line":133,"column":93}}]},"19":{"loc":{"start":{"line":136,"column":6},"end":{"line":136,"column":96}},"type":"if","locations":[{"start":{"line":136,"column":6},"end":{"line":136,"column":96}}]},"20":{"loc":{"start":{"line":147,"column":6},"end":{"line":150,"column":7}},"type":"if","locations":[{"start":{"line":147,"column":6},"end":{"line":150,"column":7}}]},"21":{"loc":{"start":{"line":162,"column":6},"end":{"line":162,"column":49}},"type":"binary-expr","locations":[{"start":{"line":162,"column":6},"end":{"line":162,"column":13}},{"start":{"line":162,"column":17},"end":{"line":162,"column":49}}]},"22":{"loc":{"start":{"line":165,"column":6},"end":{"line":165,"column":37}},"type":"binary-expr","locations":[{"start":{"line":165,"column":6},"end":{"line":165,"column":13}},{"start":{"line":165,"column":17},"end":{"line":165,"column":37}}]},"23":{"loc":{"start":{"line":172,"column":4},"end":{"line":176,"column":5}},"type":"if","locations":[{"start":{"line":172,"column":4},"end":{"line":176,"column":5}}]},"24":{"loc":{"start":{"line":181,"column":6},"end":{"line":181,"column":null}},"type":"if","locations":[{"start":{"line":181,"column":6},"end":{"line":181,"column":null}}]},"25":{"loc":{"start":{"line":183,"column":6},"end":{"line":183,"column":85}},"type":"if","locations":[{"start":{"line":183,"column":6},"end":{"line":183,"column":85}}]},"26":{"loc":{"start":{"line":194,"column":6},"end":{"line":197,"column":7}},"type":"if","locations":[{"start":{"line":194,"column":6},"end":{"line":197,"column":7}}]},"27":{"loc":{"start":{"line":201,"column":6},"end":{"line":204,"column":7}},"type":"if","locations":[{"start":{"line":201,"column":6},"end":{"line":204,"column":7}}]},"28":{"loc":{"start":{"line":212,"column":4},"end":{"line":216,"column":5}},"type":"if","locations":[{"start":{"line":212,"column":4},"end":{"line":216,"column":5}}]},"29":{"loc":{"start":{"line":221,"column":6},"end":{"line":221,"column":null}},"type":"if","locations":[{"start":{"line":221,"column":6},"end":{"line":221,"column":null}}]},"30":{"loc":{"start":{"line":223,"column":6},"end":{"line":223,"column":95}},"type":"if","locations":[{"start":{"line":223,"column":6},"end":{"line":223,"column":95}}]},"31":{"loc":{"start":{"line":233,"column":6},"end":{"line":236,"column":7}},"type":"if","locations":[{"start":{"line":233,"column":6},"end":{"line":236,"column":7}}]},"32":{"loc":{"start":{"line":240,"column":6},"end":{"line":243,"column":7}},"type":"if","locations":[{"start":{"line":240,"column":6},"end":{"line":243,"column":7}}]},"33":{"loc":{"start":{"line":250,"column":22},"end":{"line":250,"column":32}},"type":"default-arg","locations":[{"start":{"line":250,"column":30},"end":{"line":250,"column":32}}]},"34":{"loc":{"start":{"line":250,"column":34},"end":{"line":250,"column":42}},"type":"default-arg","locations":[{"start":{"line":250,"column":41},"end":{"line":250,"column":42}}]},"35":{"loc":{"start":{"line":265,"column":4},"end":{"line":265,"column":66}},"type":"if","locations":[{"start":{"line":265,"column":4},"end":{"line":265,"column":66}}]},"36":{"loc":{"start":{"line":285,"column":96},"end":{"line":285,"column":40489}},"type":"binary-expr","locations":[{"start":{"line":285,"column":96},"end":{"line":285,"column":133}},{"start":{"line":285,"column":137},"end":{"line":285,"column":40489}}]}},"s":{"0":3,"1":3,"2":3,"3":3,"4":3,"5":3,"6":3,"7":3,"8":3,"9":12,"10":12,"11":12,"12":0,"13":0,"14":0,"15":0,"16":0,"17":0,"18":0,"19":0,"20":0,"21":0,"22":0,"23":0,"24":0,"25":0,"26":0,"27":0,"28":0,"29":0,"30":0,"31":0,"32":0,"33":0,"34":0,"35":0,"36":0,"37":0,"38":0,"39":0,"40":0,"41":0,"42":0,"43":0,"44":0,"45":0,"46":0,"47":0,"48":0,"49":0,"50":0,"51":0,"52":0,"53":0,"54":0,"55":0,"56":0,"57":0,"58":0,"59":0,"60":0,"61":0,"62":0,"63":0,"64":0,"65":1,"66":1,"67":1,"68":0,"69":1,"70":0,"71":1,"72":0,"73":1,"74":1,"75":0,"76":1,"77":1,"78":0,"79":0,"80":1,"81":1,"82":1,"83":1,"84":1,"85":0,"86":0,"87":1,"88":0,"89":0,"90":0,"91":0,"92":0,"93":0,"94":0,"95":0,"96":0,"97":0,"98":0,"99":0,"100":0,"101":0,"102":0,"103":0,"104":0,"105":0,"106":0,"107":0,"108":0,"109":0,"110":0,"111":0,"112":0,"113":0,"114":0,"115":0,"116":0,"117":0,"118":0,"119":0,"120":0,"121":0,"122":0,"123":0,"124":0,"125":0,"126":0,"127":0,"128":0,"129":0,"130":0,"131":0,"132":0,"133":0,"134":0,"135":0,"136":0,"137":0,"138":0,"139":0,"140":0,"141":0,"142":0,"143":0,"144":0,"145":0,"146":0,"147":3,"148":0,"149":0,"150":3,"151":3,"152":3,"153":3,"154":3},"f":{"0":12,"1":0,"2":0,"3":1,"4":0,"5":0,"6":0,"7":0,"8":0,"9":0},"b":{"0":[0],"1":[0,0],"2":[0],"3":[0],"4":[0],"5":[0],"6":[0],"7":[0,0],"8":[0],"9":[0,0],"10":[0],"11":[0],"12":[0],"13":[0],"14":[0],"15":[1,1],"16":[0],"17":[1,1],"18":[0],"19":[0],"20":[0],"21":[0,0],"22":[1,1],"23":[0],"24":[0],"25":[0],"26":[0],"27":[0],"28":[0],"29":[0],"30":[0],"31":[0],"32":[0],"33":[0],"34":[0],"35":[0],"36":[0,0]}}
,"/Users/rex/Projects/substack-senior-assessment/src/services/utils.services.ts": {"path":"/Users/rex/Projects/substack-senior-assessment/src/services/utils.services.ts","statementMap":{"0":{"start":{"line":13,"column":0},"end":{"line":13,"column":7}},"1":{"start":{"line":1,"column":20},"end":{"line":1,"column":21}},"2":{"start":{"line":2,"column":23},"end":{"line":2,"column":26}},"3":{"start":{"line":18,"column":16},"end":{"line":18,"column":17}},"4":{"start":{"line":19,"column":2},"end":{"line":38,"column":3}},"5":{"start":{"line":20,"column":4},"end":{"line":37,"column":5}},"6":{"start":{"line":21,"column":6},"end":{"line":21,"column":31}},"7":{"start":{"line":24,"column":8},"end":{"line":25,"column":134}},"8":{"start":{"line":27,"column":6},"end":{"line":29,"column":7}},"9":{"start":{"line":28,"column":8},"end":{"line":28,"column":20}},"10":{"start":{"line":31,"column":6},"end":{"line":31,"column":16}},"11":{"start":{"line":32,"column":6},"end":{"line":34,"column":8}},"12":{"start":{"line":36,"column":6},"end":{"line":36,"column":65}},"13":{"start":{"line":36,"column":37},"end":{"line":36,"column":63}},"14":{"start":{"line":39,"column":2},"end":{"line":39,"column":68}}},"fnMap":{"0":{"name":"withRetry","decl":{"start":{"line":13,"column":22},"end":{"line":13,"column":31}},"loc":{"start":{"line":16,"column":32},"end":{"line":40,"column":1}}},"1":{"name":"(anonymous_1)","decl":{"start":{"line":36,"column":24},"end":{"line":36,"column":25}},"loc":{"start":{"line":36,"column":37},"end":{"line":36,"column":63}}}},"branchMap":{"0":{"loc":{"start":{"line":15,"column":2},"end":{"line":15,"column":34}},"type":"default-arg","locations":[{"start":{"line":15,"column":23},"end":{"line":15,"column":34}}]},"1":{"loc":{"start":{"line":16,"column":2},"end":{"line":16,"column":32}},"type":"default-arg","locations":[{"start":{"line":16,"column":18},"end":{"line":16,"column":32}}]},"2":{"loc":{"start":{"line":24,"column":8},"end":{"line":25,"column":134}},"type":"binary-expr","locations":[{"start":{"line":24,"column":9},"end":{"line":24,"column":25}},{"start":{"line":24,"column":29},"end":{"line":24,"column":71}},{"start":{"line":24,"column":75},"end":{"line":24,"column":124}},{"start":{"line":25,"column":9},"end":{"line":25,"column":28}},{"start":{"line":25,"column":32},"end":{"line":25,"column":77}},{"start":{"line":25,"column":81},"end":{"line":25,"column":133}}]},"3":{"loc":{"start":{"line":27,"column":6},"end":{"line":29,"column":7}},"type":"if","locations":[{"start":{"line":27,"column":6},"end":{"line":29,"column":7}}]}},"s":{"0":0,"1":0,"2":0,"3":0,"4":0,"5":0,"6":0,"7":0,"8":0,"9":0,"10":0,"11":0,"12":0,"13":0,"14":0},"f":{"0":0,"1":0},"b":{"0":[0],"1":[0],"2":[0,0,0,0,0,0],"3":[0]}}
,"/Users/rex/Projects/substack-senior-assessment/src/services/wallet.service.ts": {"path":"/Users/rex/Projects/substack-senior-assessment/src/services/wallet.service.ts","statementMap":{"0":{"start":{"line":1,"column":0},"end":{"line":1,"column":58}},"1":{"start":{"line":2,"column":0},"end":{"line":2,"column":90}},"2":{"start":{"line":3,"column":0},"end":{"line":3,"column":63}},"3":{"start":{"line":5,"column":0},"end":{"line":5,"column":41}},"4":{"start":{"line":8,"column":0},"end":{"line":8,"column":39}},"5":{"start":{"line":11,"column":10},"end":{"line":11,"column":66}},"6":{"start":{"line":14,"column":21},"end":{"line":14,"column":52}},"7":{"start":{"line":15,"column":6},"end":{"line":15,"column":null}},"8":{"start":{"line":15,"column":18},"end":{"line":15,"column":null}},"9":{"start":{"line":16,"column":6},"end":{"line":16,"column":null}},"10":{"start":{"line":20,"column":19},"end":{"line":23,"column":6}},"11":{"start":{"line":24,"column":4},"end":{"line":24,"column":null}},"12":{"start":{"line":24,"column":16},"end":{"line":24,"column":null}},"13":{"start":{"line":25,"column":4},"end":{"line":25,"column":null}},"14":{"start":{"line":32,"column":4},"end":{"line":64,"column":5}},"15":{"start":{"line":33,"column":50},"end":{"line":33,"column":67}},"16":{"start":{"line":36,"column":28},"end":{"line":36,"column":90}},"17":{"start":{"line":37,"column":6},"end":{"line":37,"column":89}},"18":{"start":{"line":37,"column":25},"end":{"line":37,"column":89}},"19":{"start":{"line":40,"column":21},"end":{"line":43,"column":null}},"20":{"start":{"line":45,"column":6},"end":{"line":45,"column":68}},"21":{"start":{"line":45,"column":19},"end":{"line":45,"column":68}},"22":{"start":{"line":47,"column":26},"end":{"line":57,"column":null}},"23":{"start":{"line":60,"column":6},"end":{"line":60,"column":53}},"24":{"start":{"line":62,"column":6},"end":{"line":62,"column":53}},"25":{"start":{"line":63,"column":6},"end":{"line":63,"column":18}},"26":{"start":{"line":71,"column":4},"end":{"line":101,"column":5}},"27":{"start":{"line":72,"column":50},"end":{"line":72,"column":66}},"28":{"start":{"line":74,"column":28},"end":{"line":74,"column":90}},"29":{"start":{"line":75,"column":6},"end":{"line":75,"column":89}},"30":{"start":{"line":75,"column":25},"end":{"line":75,"column":89}},"31":{"start":{"line":77,"column":21},"end":{"line":80,"column":null}},"32":{"start":{"line":82,"column":6},"end":{"line":82,"column":90}},"33":{"start":{"line":82,"column":19},"end":{"line":82,"column":90}},"34":{"start":{"line":84,"column":26},"end":{"line":94,"column":null}},"35":{"start":{"line":97,"column":6},"end":{"line":97,"column":53}},"36":{"start":{"line":99,"column":6},"end":{"line":99,"column":52}},"37":{"start":{"line":100,"column":6},"end":{"line":100,"column":18}},"38":{"start":{"line":105,"column":4},"end":{"line":122,"column":5}},"39":{"start":{"line":106,"column":26},"end":{"line":106,"column":83}},"40":{"start":{"line":108,"column":6},"end":{"line":116,"column":7}},"41":{"start":{"line":109,"column":8},"end":{"line":109,"column":87}},"42":{"start":{"line":111,"column":8},"end":{"line":115,"column":11}},"43":{"start":{"line":118,"column":6},"end":{"line":118,"column":27}},"44":{"start":{"line":120,"column":6},"end":{"line":120,"column":68}},"45":{"start":{"line":121,"column":6},"end":{"line":121,"column":60}},"46":{"start":{"line":126,"column":4},"end":{"line":129,"column":null}},"47":{"start":{"line":132,"column":32},"end":{"line":134,"column":6}},"48":{"start":{"line":133,"column":6},"end":{"line":133,"column":null}},"49":{"start":{"line":136,"column":4},"end":{"line":136,"column":null}},"50":{"start":{"line":10,"column":0},"end":{"line":10,"column":13}}},"fnMap":{"0":{"name":"(anonymous_0)","decl":{"start":{"line":10,"column":0},"end":{"line":10,"column":13}},"loc":{"start":{"line":10,"column":0},"end":{"line":138,"column":1}}},"1":{"name":"(anonymous_1)","decl":{"start":{"line":13,"column":2},"end":{"line":13,"column":7}},"loc":{"start":{"line":13,"column":38},"end":{"line":17,"column":3}}},"2":{"name":"(anonymous_2)","decl":{"start":{"line":19,"column":2},"end":{"line":19,"column":7}},"loc":{"start":{"line":19,"column":60},"end":{"line":26,"column":1}}},"3":{"name":"(anonymous_3)","decl":{"start":{"line":28,"column":2},"end":{"line":28,"column":7}},"loc":{"start":{"line":30,"column":26},"end":{"line":65,"column":3}}},"4":{"name":"(anonymous_4)","decl":{"start":{"line":67,"column":2},"end":{"line":67,"column":7}},"loc":{"start":{"line":69,"column":26},"end":{"line":102,"column":3}}},"5":{"name":"(anonymous_5)","decl":{"start":{"line":104,"column":2},"end":{"line":104,"column":7}},"loc":{"start":{"line":104,"column":41},"end":{"line":123,"column":3}}},"6":{"name":"(anonymous_6)","decl":{"start":{"line":125,"column":2},"end":{"line":125,"column":7}},"loc":{"start":{"line":125,"column":53},"end":{"line":130,"column":3}}},"7":{"name":"(anonymous_7)","decl":{"start":{"line":131,"column":2},"end":{"line":131,"column":7}},"loc":{"start":{"line":131,"column":50},"end":{"line":137,"column":3}}},"8":{"name":"(anonymous_8)","decl":{"start":{"line":132,"column":44},"end":{"line":132,"column":48}},"loc":{"start":{"line":132,"column":51},"end":{"line":134,"column":5}}}},"branchMap":{"0":{"loc":{"start":{"line":11,"column":23},"end":{"line":11,"column":65}},"type":"binary-expr","locations":[{"start":{"line":11,"column":23},"end":{"line":11,"column":52}},{"start":{"line":11,"column":56},"end":{"line":11,"column":65}}]},"1":{"loc":{"start":{"line":15,"column":6},"end":{"line":15,"column":null}},"type":"if","locations":[{"start":{"line":15,"column":6},"end":{"line":15,"column":null}}]},"2":{"loc":{"start":{"line":24,"column":4},"end":{"line":24,"column":null}},"type":"if","locations":[{"start":{"line":24,"column":4},"end":{"line":24,"column":null}}]},"3":{"loc":{"start":{"line":37,"column":6},"end":{"line":37,"column":89}},"type":"if","locations":[{"start":{"line":37,"column":6},"end":{"line":37,"column":89}}]},"4":{"loc":{"start":{"line":45,"column":6},"end":{"line":45,"column":68}},"type":"if","locations":[{"start":{"line":45,"column":6},"end":{"line":45,"column":68}}]},"5":{"loc":{"start":{"line":75,"column":6},"end":{"line":75,"column":89}},"type":"if","locations":[{"start":{"line":75,"column":6},"end":{"line":75,"column":89}}]},"6":{"loc":{"start":{"line":82,"column":6},"end":{"line":82,"column":90}},"type":"if","locations":[{"start":{"line":82,"column":6},"end":{"line":82,"column":90}}]},"7":{"loc":{"start":{"line":108,"column":6},"end":{"line":116,"column":7}},"type":"if","locations":[{"start":{"line":108,"column":6},"end":{"line":116,"column":7}}]}},"s":{"0":3,"1":3,"2":3,"3":3,"4":3,"5":27,"6":0,"7":0,"8":0,"9":0,"10":0,"11":0,"12":0,"13":0,"14":1,"15":1,"16":1,"17":1,"18":0,"19":1,"20":1,"21":0,"22":1,"23":1,"24":0,"25":0,"26":0,"27":0,"28":0,"29":0,"30":0,"31":0,"32":0,"33":0,"34":0,"35":0,"36":0,"37":0,"38":0,"39":0,"40":0,"41":0,"42":0,"43":0,"44":0,"45":0,"46":537,"47":3,"48":537,"49":3,"50":3},"f":{"0":27,"1":0,"2":0,"3":1,"4":0,"5":0,"6":537,"7":3,"8":537},"b":{"0":[27,0],"1":[0],"2":[0],"3":[0],"4":[0],"5":[0],"6":[0],"7":[0]}}
,"/Users/rex/Projects/substack-senior-assessment/src/utils/decorators.ts": {"path":"/Users/rex/Projects/substack-senior-assessment/src/utils/decorators.ts","statementMap":{"0":{"start":{"line":3,"column":0},"end":{"line":3,"column":16}},"1":{"start":{"line":1,"column":0},"end":{"line":1,"column":92}},"2":{"start":{"line":4,"column":2},"end":{"line":20,"column":4}},"3":{"start":{"line":5,"column":4},"end":{"line":19,"column":7}},"4":{"start":{"line":12,"column":22},"end":{"line":12,"column":41}},"5":{"start":{"line":13,"column":10},"end":{"line":13,"column":54}},"6":{"start":{"line":16,"column":10},"end":{"line":16,"column":60}}},"fnMap":{"0":{"name":"IsValidInteger","decl":{"start":{"line":3,"column":16},"end":{"line":3,"column":30}},"loc":{"start":{"line":3,"column":68},"end":{"line":21,"column":1}}},"1":{"name":"(anonymous_1)","decl":{"start":{"line":4,"column":9},"end":{"line":4,"column":19}},"loc":{"start":{"line":4,"column":55},"end":{"line":20,"column":3}}},"2":{"name":"(anonymous_2)","decl":{"start":{"line":11,"column":8},"end":{"line":11,"column":16}},"loc":{"start":{"line":11,"column":27},"end":{"line":14,"column":9}}},"3":{"name":"(anonymous_3)","decl":{"start":{"line":15,"column":8},"end":{"line":15,"column":22}},"loc":{"start":{"line":15,"column":48},"end":{"line":17,"column":9}}}},"branchMap":{"0":{"loc":{"start":{"line":13,"column":17},"end":{"line":13,"column":53}},"type":"binary-expr","locations":[{"start":{"line":13,"column":17},"end":{"line":13,"column":28}},{"start":{"line":13,"column":32},"end":{"line":13,"column":53}}]}},"s":{"0":0,"1":0,"2":0,"3":0,"4":0,"5":0,"6":0},"f":{"0":0,"1":0,"2":0,"3":0},"b":{"0":[0,0]}}
,"/Users/rex/Projects/substack-senior-assessment/src/utils/logger.ts": {"path":"/Users/rex/Projects/substack-senior-assessment/src/utils/logger.ts","statementMap":{"0":{"start":{"line":1,"column":0},"end":{"line":1,"column":30}},"1":{"start":{"line":3,"column":13},"end":{"line":23,"column":3}},"2":{"start":{"line":16,"column":10},"end":{"line":18,"column":13}},"3":{"start":{"line":25,"column":0},"end":{"line":30,"column":1}},"4":{"start":{"line":26,"column":2},"end":{"line":28,"column":4}},"5":{"start":{"line":29,"column":2},"end":{"line":29,"column":72}}},"fnMap":{"0":{"name":"(anonymous_1)","decl":{"start":{"line":15,"column":30},"end":{"line":15,"column":31}},"loc":{"start":{"line":15,"column":73},"end":{"line":19,"column":9}}}},"branchMap":{"0":{"loc":{"start":{"line":4,"column":9},"end":{"line":4,"column":65}},"type":"cond-expr","locations":[{"start":{"line":4,"column":49},"end":{"line":4,"column":55}},{"start":{"line":4,"column":58},"end":{"line":4,"column":65}}]},"1":{"loc":{"start":{"line":17,"column":12},"end":{"line":17,"column":null}},"type":"cond-expr","locations":[{"start":{"line":17,"column":39},"end":{"line":17,"column":68}},{"start":{"line":17,"column":71},"end":{"line":17,"column":null}}]},"2":{"loc":{"start":{"line":25,"column":0},"end":{"line":30,"column":1}},"type":"if","locations":[{"start":{"line":25,"column":0},"end":{"line":30,"column":1}}]}},"s":{"0":3,"1":3,"2":25,"3":3,"4":0,"5":0},"f":{"0":25},"b":{"0":[0,3],"1":[25,0],"2":[0]}}
}
