TN:
SF:src/app.ts
FN:39,(anonymous_1)
FN:49,(anonymous_2)
FN:58,(anonymous_3)
FN:66,(anonymous_4)
FNF:4
FNH:2
FNDA:0,(anonymous_1)
FNDA:0,(anonymous_2)
FNDA:14,(anonymous_3)
FNDA:11,(anonymous_4)
DA:1,2
DA:2,2
DA:3,2
DA:4,2
DA:5,2
DA:6,2
DA:7,2
DA:8,2
DA:9,2
DA:10,2
DA:11,2
DA:12,2
DA:13,2
DA:14,2
DA:15,2
DA:17,2
DA:28,2
DA:38,2
DA:39,2
DA:40,0
DA:41,0
DA:44,2
DA:46,2
DA:50,0
DA:51,0
DA:54,2
DA:56,2
DA:58,14
DA:62,2
DA:63,2
DA:64,2
DA:66,2
DA:67,11
DA:70,2
LF:34
LH:30
BRDA:29,0,0,0
BRDA:29,0,1,2
BRDA:47,1,0,2
BRDA:47,1,1,0
BRDA:48,2,0,2
BRDA:48,2,1,0
BRF:6
BRH:3
end_of_record
TN:
SF:src/config/database.ts
FN:10,connectDatabase
FNF:1
FNH:0
FNDA:0,connectDatabase
DA:1,0
DA:2,0
DA:10,0
DA:11,0
DA:12,0
DA:13,0
DA:16,0
DA:18,0
DA:19,0
LF:9
LH:0
BRF:0
BRH:0
end_of_record
TN:
SF:src/config/swagger.ts
FNF:0
FNH:0
DA:1,2
DA:3,2
DA:97,2
LF:3
LH:3
BRF:0
BRH:0
end_of_record
TN:
SF:src/controllers/auth.controller.ts
FN:12,(anonymous_0)
FN:22,(anonymous_1)
FN:35,(anonymous_2)
FN:16,(anonymous_3)
FNF:4
FNH:4
FNDA:2,(anonymous_0)
FNDA:1,(anonymous_1)
FNDA:5,(anonymous_2)
FNDA:6,(anonymous_3)
DA:2,2
DA:3,2
DA:4,2
DA:5,2
DA:7,2
DA:9,2
DA:13,2
DA:17,6
DA:18,6
DA:19,6
DA:22,2
DA:23,1
DA:24,1
DA:26,1
DA:28,1
DA:29,1
DA:31,0
DA:35,2
DA:36,5
DA:37,5
DA:39,5
DA:40,5
DA:41,1
DA:43,4
LF:24
LH:23
BRDA:19,0,0,0
BRF:1
BRH:0
end_of_record
TN:
SF:src/controllers/banking.controller.ts
FN:12,(anonymous_0)
FN:22,(anonymous_1)
FN:47,(anonymous_2)
FN:62,(anonymous_3)
FN:88,(anonymous_4)
FN:120,(anonymous_5)
FN:150,(anonymous_6)
FN:16,(anonymous_7)
FNF:8
FNH:3
FNDA:2,(anonymous_0)
FNDA:0,(anonymous_1)
FNDA:1,(anonymous_2)
FNDA:0,(anonymous_3)
FNDA:0,(anonymous_4)
FNDA:0,(anonymous_5)
FNDA:0,(anonymous_6)
FNDA:1,(anonymous_7)
DA:2,2
DA:3,2
DA:4,2
DA:5,2
DA:6,2
DA:9,2
DA:13,2
DA:17,1
DA:18,1
DA:19,1
DA:22,2
DA:23,0
DA:24,0
DA:25,0
DA:26,0
DA:29,0
DA:33,0
DA:36,0
DA:37,0
DA:43,0
DA:47,2
DA:48,1
DA:49,1
DA:51,1
DA:52,1
DA:58,0
DA:62,2
DA:63,0
DA:64,0
DA:65,0
DA:66,0
DA:69,0
DA:74,0
DA:77,0
DA:78,0
DA:84,0
DA:88,2
DA:89,0
DA:90,0
DA:91,0
DA:92,0
DA:95,0
DA:96,0
DA:97,0
DA:100,0
DA:107,0
DA:109,0
DA:110,0
DA:116,0
DA:120,2
DA:121,0
DA:122,0
DA:123,0
DA:124,0
DA:127,0
DA:128,0
DA:129,0
DA:132,0
DA:137,0
DA:139,0
DA:140,0
DA:146,0
DA:150,2
DA:151,0
DA:152,0
DA:153,0
DA:154,0
DA:157,0
DA:163,0
DA:165,0
DA:166,0
DA:172,0
LF:72
LH:20
BRDA:25,0,0,0
BRDA:65,1,0,0
BRDA:91,2,0,0
BRDA:96,3,0,0
BRDA:96,4,0,0
BRDA:96,4,1,0
BRDA:103,5,0,0
BRDA:103,5,1,0
BRDA:104,6,0,0
BRDA:104,6,1,0
BRDA:123,7,0,0
BRDA:128,8,0,0
BRDA:128,9,0,0
BRDA:128,9,1,0
BRDA:153,10,0,0
BRDA:19,11,0,0
BRF:16
BRH:0
end_of_record
TN:
SF:src/controllers/health.controller.ts
FN:5,(anonymous_1)
FNF:1
FNH:1
FNDA:154,(anonymous_1)
DA:2,2
DA:4,2
DA:6,154
DA:15,154
LF:4
LH:4
BRDA:11,0,0,153
BRDA:11,0,1,1
BRF:2
BRH:2
end_of_record
TN:
SF:src/dtos/account.dto.ts
FNF:0
FNH:0
DA:1,2
DA:2,2
DA:3,2
DA:6,2
DA:9,2
DA:14,2
DA:19,2
DA:24,2
DA:29,2
DA:33,2
DA:36,2
DA:41,2
DA:45,2
DA:47,2
DA:50,2
DA:53,2
DA:56,2
DA:59,2
DA:62,2
DA:65,2
LF:20
LH:20
BRF:0
BRH:0
end_of_record
TN:
SF:src/dtos/banking.dto.ts
FN:107,(anonymous_2)
FN:112,(anonymous_3)
FNF:2
FNH:0
FNDA:0,(anonymous_2)
FNDA:0,(anonymous_3)
DA:1,2
DA:2,2
DA:4,2
DA:7,2
DA:11,2
DA:15,2
DA:19,2
DA:22,2
DA:26,2
DA:30,2
DA:34,2
DA:38,2
DA:43,2
DA:47,2
DA:50,2
DA:53,2
DA:57,2
DA:61,2
DA:65,2
DA:69,2
DA:73,2
DA:76,2
DA:79,2
DA:83,2
DA:87,2
DA:91,2
DA:95,2
DA:98,2
DA:101,2
DA:105,2
DA:107,0
DA:110,2
DA:112,0
DA:115,2
DA:118,2
DA:121,2
DA:125,2
DA:129,2
DA:132,2
DA:136,2
DA:140,2
DA:144,2
LF:42
LH:40
BRF:0
BRH:0
end_of_record
TN:
SF:src/dtos/common.dto.ts
FN:4,(anonymous_2)
FN:5,(anonymous_3)
FN:6,(anonymous_4)
FN:11,(anonymous_5)
FN:12,(anonymous_6)
FNF:5
FNH:0
FNDA:0,(anonymous_2)
FNDA:0,(anonymous_3)
FNDA:0,(anonymous_4)
FNDA:0,(anonymous_5)
FNDA:0,(anonymous_6)
DA:1,0
DA:2,0
DA:4,0
DA:5,0
DA:6,0
DA:9,0
DA:11,0
DA:12,0
DA:15,0
LF:9
LH:0
BRF:0
BRH:0
end_of_record
TN:
SF:src/dtos/env.dto.ts
FN:14,(anonymous_2)
FN:21,(anonymous_3)
FN:27,(anonymous_4)
FN:33,(anonymous_5)
FNF:4
FNH:0
FNDA:0,(anonymous_2)
FNDA:0,(anonymous_3)
FNDA:0,(anonymous_4)
FNDA:0,(anonymous_5)
DA:1,0
DA:2,0
DA:4,0
DA:7,0
DA:11,0
DA:14,0
DA:18,0
DA:21,0
DA:24,0
DA:27,0
DA:30,0
DA:33,0
DA:36,0
LF:13
LH:0
BRF:0
BRH:0
end_of_record
TN:
SF:src/dtos/transaction.dto.ts
FN:129,(anonymous_2)
FN:134,(anonymous_3)
FNF:2
FNH:0
FNDA:0,(anonymous_2)
FNDA:0,(anonymous_3)
DA:1,0
DA:2,0
DA:4,0
DA:7,0
DA:11,0
DA:15,0
DA:19,0
DA:22,0
DA:25,0
DA:29,0
DA:33,0
DA:37,0
DA:40,0
DA:43,0
DA:47,0
DA:51,0
DA:55,0
DA:59,0
DA:62,0
DA:65,0
DA:69,0
DA:73,0
DA:77,0
DA:80,0
DA:83,0
DA:87,0
DA:91,0
DA:95,0
DA:98,0
DA:101,0
DA:105,0
DA:109,0
DA:113,0
DA:117,0
DA:121,0
DA:124,0
DA:127,0
DA:129,0
DA:132,0
DA:134,0
DA:137,0
DA:140,0
DA:143,0
DA:147,0
DA:151,0
DA:155,0
DA:159,0
DA:162,0
DA:166,0
DA:170,0
DA:174,0
DA:178,0
DA:182,0
DA:186,0
LF:54
LH:0
BRF:0
BRH:0
end_of_record
TN:
SF:src/dtos/user.dto.ts
FNF:0
FNH:0
DA:1,0
DA:2,0
DA:3,0
DA:6,0
DA:9,0
DA:14,0
DA:19,0
DA:24,0
DA:29,0
DA:33,0
DA:36,0
DA:41,0
DA:45,0
DA:47,0
DA:50,0
DA:53,0
DA:56,0
DA:59,0
DA:62,0
DA:65,0
LF:20
LH:0
BRF:0
BRH:0
end_of_record
TN:
SF:src/dtos/wallet.dto.ts
FNF:0
FNH:0
DA:1,0
DA:2,0
DA:5,0
DA:8,0
DA:13,0
DA:17,0
DA:21,0
DA:25,0
DA:28,0
DA:33,0
DA:37,0
DA:41,0
LF:12
LH:0
BRF:0
BRH:0
end_of_record
TN:
SF:src/interfaces/role.interface.ts
FN:14,(anonymous_0)
FNF:1
FNH:1
FNDA:3,(anonymous_0)
DA:14,3
DA:15,3
DA:16,3
DA:19,3
LF:4
LH:4
BRDA:14,0,0,3
BRDA:14,0,1,3
BRF:2
BRH:2
end_of_record
TN:
SF:src/middleware/audit.middleware.ts
FN:17,(anonymous_1)
FN:18,(anonymous_2)
FN:21,(anonymous_3)
FNF:3
FNH:1
FNDA:2,(anonymous_1)
FNDA:0,(anonymous_2)
FNDA:0,(anonymous_3)
DA:2,2
DA:3,2
DA:5,2
DA:17,2
DA:18,2
DA:19,0
DA:21,0
DA:22,0
DA:24,0
DA:25,0
DA:27,0
DA:28,0
DA:29,0
DA:32,0
DA:33,0
DA:43,0
DA:44,0
DA:47,0
DA:48,0
DA:51,0
DA:54,0
DA:57,0
LF:22
LH:5
BRDA:24,0,0,0
BRDA:24,1,0,0
BRDA:24,1,1,0
BRDA:24,1,2,0
BRDA:27,2,0,0
BRDA:36,3,0,0
BRDA:36,3,1,0
BRDA:38,4,0,0
BRDA:38,4,1,0
BRDA:43,5,0,0
BRF:10
BRH:0
end_of_record
TN:
SF:src/middleware/auth.middleware.ts
FN:20,(anonymous_1)
FN:21,(anonymous_2)
FN:68,(anonymous_3)
FN:69,(anonymous_4)
FN:78,(anonymous_5)
FN:89,(anonymous_6)
FN:90,(anonymous_7)
FNF:7
FNH:5
FNDA:2,(anonymous_1)
FNDA:5,(anonymous_2)
FNDA:10,(anonymous_3)
FNDA:0,(anonymous_4)
FNDA:0,(anonymous_5)
FNDA:2,(anonymous_6)
FNDA:3,(anonymous_7)
DA:2,2
DA:3,2
DA:4,2
DA:5,2
DA:20,2
DA:21,2
DA:22,5
DA:23,5
DA:24,5
DA:25,2
DA:28,3
DA:29,3
DA:30,0
DA:33,3
DA:34,3
DA:35,0
DA:38,3
DA:39,0
DA:40,0
DA:43,0
DA:48,0
DA:49,0
DA:52,0
DA:53,0
DA:56,0
DA:57,0
DA:59,5
DA:60,3
DA:62,2
DA:68,2
DA:69,10
DA:70,0
DA:71,0
DA:74,0
DA:75,0
DA:77,0
DA:78,0
DA:81,0
DA:82,0
DA:85,0
DA:89,2
DA:90,2
DA:91,3
DA:92,3
DA:93,3
DA:94,1
DA:97,2
DA:98,2
DA:99,0
DA:102,2
DA:103,2
DA:104,0
DA:107,2
DA:109,1
DA:110,0
DA:113,1
DA:115,2
DA:116,1
DA:118,1
LF:59
LH:36
BRDA:24,0,0,2
BRDA:24,1,0,5
BRDA:24,1,1,3
BRDA:29,2,0,0
BRDA:34,3,0,0
BRDA:39,4,0,0
BRDA:39,5,0,0
BRDA:39,5,1,0
BRDA:39,5,2,0
BRDA:48,6,0,0
BRDA:52,7,0,0
BRDA:59,8,0,3
BRDA:59,8,1,2
BRDA:70,9,0,0
BRDA:75,10,0,0
BRDA:75,10,1,0
BRDA:78,11,0,0
BRDA:78,11,1,0
BRDA:81,12,0,0
BRDA:93,13,0,1
BRDA:93,14,0,3
BRDA:93,14,1,2
BRDA:98,15,0,0
BRDA:103,16,0,0
BRDA:109,17,0,0
BRDA:109,18,0,1
BRDA:109,18,1,1
BRDA:109,18,2,1
BRDA:115,19,0,1
BRDA:115,19,1,1
BRF:30
BRH:13
end_of_record
TN:
SF:src/middleware/error.middleware.ts
FN:6,(anonymous_0)
FN:12,(anonymous_1)
FN:31,(anonymous_2)
FNF:3
FNH:2
FNDA:21,(anonymous_0)
FNDA:11,(anonymous_1)
FNDA:0,(anonymous_2)
DA:2,3
DA:3,3
DA:5,3
DA:6,21
DA:7,21
DA:8,21
DA:12,3
DA:18,11
DA:19,11
DA:21,11
DA:22,11
DA:24,0
DA:27,11
DA:28,0
DA:31,0
DA:36,0
DA:39,11
LF:17
LH:13
BRDA:18,0,0,11
BRDA:18,0,1,0
BRDA:19,1,0,11
BRDA:19,1,1,0
BRDA:21,2,0,11
BRDA:21,2,1,0
BRDA:27,3,0,0
BRDA:27,4,0,11
BRDA:27,4,1,0
BRF:9
BRH:4
end_of_record
TN:
SF:src/models/audit-log.model.ts
FNF:0
FNH:0
DA:1,2
DA:12,2
DA:44,2
DA:46,2
LF:4
LH:4
BRF:0
BRH:0
end_of_record
TN:
SF:src/models/rates.model.ts
FNF:0
FNH:0
DA:1,3
DA:10,3
DA:37,3
DA:39,3
LF:4
LH:4
BRF:0
BRH:0
end_of_record
TN:
SF:src/models/transaction.model.ts
FN:12,(anonymous_9)
FNF:1
FNH:1
FNDA:3,(anonymous_9)
DA:1,3
DA:12,3
DA:13,3
DA:14,3
DA:15,3
DA:16,3
DA:19,3
DA:31,3
LF:8
LH:8
BRDA:12,0,0,3
BRDA:12,0,1,3
BRF:2
BRH:2
end_of_record
TN:
SF:src/models/user-account.model.ts
FN:21,(anonymous_9)
FN:29,generateUniqueAccountNumber
FNF:2
FNH:2
FNDA:3,(anonymous_9)
FNDA:3,generateUniqueAccountNumber
DA:1,3
DA:8,3
DA:21,3
DA:22,3
DA:23,3
DA:25,3
DA:30,3
DA:31,3
DA:33,3
DA:34,3
DA:35,3
DA:38,3
DA:41,3
LF:13
LH:13
BRDA:22,0,0,3
BRF:1
BRH:1
end_of_record
TN:
SF:src/models/user.model.ts
FN:49,(anonymous_10)
FN:68,(anonymous_11)
FNF:2
FNH:2
FNDA:3,(anonymous_10)
FNDA:1,(anonymous_11)
DA:1,3
DA:2,3
DA:3,3
DA:16,3
DA:49,3
DA:50,3
DA:52,3
DA:53,3
DA:54,3
DA:55,3
DA:57,0
DA:61,3
DA:68,3
DA:69,1
DA:70,1
DA:72,0
DA:76,3
DA:77,3
DA:79,3
LF:19
LH:17
BRDA:50,0,0,0
BRF:1
BRH:0
end_of_record
TN:
SF:src/models/wallets.model.ts
FNF:0
FNH:0
DA:1,3
DA:9,3
DA:27,3
DA:29,3
LF:4
LH:4
BRF:0
BRH:0
end_of_record
TN:
SF:src/routes/auth.routes.ts
FNF:0
FNH:0
DA:1,2
DA:2,2
DA:4,2
DA:5,2
DA:53,2
DA:93,2
DA:95,2
LF:7
LH:7
BRF:0
BRH:0
end_of_record
TN:
SF:src/routes/banking.routes.ts
FNF:0
FNH:0
DA:1,2
DA:2,2
DA:3,2
DA:4,2
DA:5,2
DA:7,2
DA:8,2
DA:57,2
DA:61,2
DA:62,2
DA:107,2
DA:150,2
DA:173,2
DA:196,2
DA:232,2
DA:234,2
LF:16
LH:16
BRF:0
BRH:0
end_of_record
TN:
SF:src/routes/health.routes.ts
FNF:0
FNH:0
DA:1,2
DA:2,2
DA:4,2
DA:5,2
DA:45,2
DA:47,2
LF:6
LH:6
BRF:0
BRH:0
end_of_record
TN:
SF:src/services/auth.service.ts
FN:12,(anonymous_1)
FN:15,(anonymous_2)
FN:34,(anonymous_3)
FN:52,(anonymous_4)
FN:67,(anonymous_5)
FNF:5
FNH:5
FNDA:3,(anonymous_1)
FNDA:3,(anonymous_2)
FNDA:5,(anonymous_3)
FNDA:1,(anonymous_4)
FNDA:4,(anonymous_5)
DA:1,3
DA:2,3
DA:4,3
DA:5,3
DA:6,3
DA:7,3
DA:9,3
DA:13,3
DA:16,3
DA:17,3
DA:18,0
DA:21,3
DA:23,3
DA:25,3
DA:31,3
DA:35,5
DA:36,5
DA:37,4
DA:40,1
DA:41,1
DA:42,0
DA:45,1
DA:46,1
DA:53,1
DA:54,1
DA:55,0
DA:58,1
DA:60,1
DA:68,4
DA:69,4
LF:30
LH:27
BRDA:17,0,0,0
BRDA:36,1,0,4
BRDA:41,2,0,0
BRDA:54,3,0,0
BRDA:58,4,0,1
BRDA:58,4,1,0
BRF:6
BRH:2
end_of_record
TN:
SF:src/services/banking.service.ts
FN:14,(anonymous_0)
FN:18,(anonymous_1)
FN:50,(anonymous_2)
FN:82,(anonymous_3)
FN:136,(anonymous_4)
FN:163,(anonymous_5)
FN:186,(anonymous_6)
FN:218,oo_cm
FNF:8
FNH:8
FNDA:12,(anonymous_0)
FNDA:4,(anonymous_1)
FNDA:2,(anonymous_2)
FNDA:2,(anonymous_3)
FNDA:1,(anonymous_4)
FNDA:1,(anonymous_5)
FNDA:1,(anonymous_6)
FNDA:2,oo_cm
DA:1,3
DA:2,3
DA:3,3
DA:5,3
DA:6,3
DA:11,3
DA:15,12
DA:19,4
DA:20,4
DA:21,3
DA:22,3
DA:24,2
DA:29,2
DA:30,2
DA:32,0
DA:34,0
DA:41,0
DA:47,0
DA:51,2
DA:52,2
DA:53,2
DA:55,1
DA:61,1
DA:71,1
DA:79,1
DA:83,2
DA:84,2
DA:90,2
DA:91,1
DA:93,0
DA:98,0
DA:105,0
DA:106,0
DA:114,0
DA:116,0
DA:125,0
DA:133,0
DA:137,1
DA:138,1
DA:139,1
DA:142,1
DA:153,1
DA:154,0
DA:156,0
DA:164,1
DA:165,1
DA:166,1
DA:169,1
DA:180,1
DA:181,0
DA:183,0
DA:187,1
DA:188,1
DA:189,1
DA:190,1
DA:192,1
DA:193,1
DA:195,0
DA:202,0
DA:209,0
DA:218,3
LF:61
LH:42
BRDA:20,0,0,1
BRDA:20,1,0,4
BRDA:20,1,1,3
BRDA:21,2,0,0
BRDA:21,3,0,3
BRDA:21,3,1,3
BRDA:22,4,0,1
BRDA:30,5,0,2
BRDA:32,6,0,0
BRDA:53,7,0,1
BRDA:90,8,0,1
BRDA:90,9,0,2
BRDA:90,9,1,2
BRDA:91,10,0,1
BRDA:93,11,0,0
BRDA:93,11,1,0
BRDA:93,11,2,0
BRDA:98,12,0,0
BRDA:98,13,0,0
BRDA:98,13,1,0
BRDA:105,14,0,0
BRDA:105,14,1,0
BRDA:105,15,0,0
BRDA:105,15,1,0
BRDA:114,16,0,0
BRDA:138,17,0,0
BRDA:139,18,0,0
BRDA:153,19,0,1
BRDA:154,20,0,0
BRDA:165,21,0,0
BRDA:166,22,0,0
BRDA:180,23,0,1
BRDA:181,24,0,0
BRDA:188,25,0,0
BRDA:189,26,0,0
BRDA:190,27,0,0
BRDA:193,28,0,1
BRDA:218,29,0,2
BRDA:218,29,1,0
BRF:39
BRH:16
end_of_record
TN:
SF:src/services/currency.service.ts
FN:9,(anonymous_1)
FN:12,(anonymous_2)
FNF:2
FNH:1
FNDA:12,(anonymous_1)
FNDA:0,(anonymous_2)
DA:1,3
DA:2,3
DA:3,3
DA:4,3
DA:5,3
DA:7,3
DA:9,3
DA:10,12
DA:13,0
DA:14,0
DA:15,0
DA:16,0
DA:17,0
DA:20,0
DA:21,0
DA:23,0
DA:24,0
DA:25,0
DA:26,0
DA:28,0
DA:29,0
DA:30,0
DA:32,0
DA:33,0
DA:34,0
DA:36,0
DA:39,0
DA:42,0
DA:45,0
DA:48,0
DA:50,0
DA:51,0
DA:52,0
DA:55,0
DA:57,0
DA:58,0
DA:59,0
DA:61,0
DA:62,0
LF:39
LH:8
BRDA:14,0,0,0
BRDA:25,1,0,0
BRDA:25,2,0,0
BRDA:25,2,1,0
BRDA:26,3,0,0
BRDA:30,4,0,0
BRDA:30,5,0,0
BRDA:30,5,1,0
BRDA:33,6,0,0
BRDA:50,7,0,0
BRDA:57,8,0,0
BRF:11
BRH:0
end_of_record
TN:
SF:src/services/external-bank.service.ts
FN:28,(anonymous_0)
FN:32,(anonymous_1)
FN:51,(anonymous_2)
FN:84,(anonymous_3)
FNF:4
FNH:2
FNDA:0,(anonymous_0)
FNDA:0,(anonymous_1)
FNDA:1,(anonymous_2)
FNDA:1,(anonymous_3)
DA:1,3
DA:2,3
DA:27,3
DA:29,0
DA:30,0
DA:32,0
DA:35,0
DA:37,0
DA:38,0
DA:39,0
DA:40,0
DA:42,0
DA:43,0
DA:46,0
DA:47,0
DA:52,1
DA:53,1
DA:55,1
DA:56,0
DA:60,1
DA:62,1
DA:63,0
DA:64,0
DA:68,1
DA:69,0
DA:73,1
DA:74,0
DA:77,1
DA:79,0
DA:80,0
DA:87,1
LF:31
LH:12
BRDA:37,0,0,0
BRDA:37,0,1,0
BRDA:55,1,0,0
BRDA:55,2,0,1
BRDA:55,2,1,1
BRDA:55,2,2,1
BRDA:55,2,3,1
BRDA:55,2,4,1
BRDA:55,2,5,1
BRDA:62,3,0,0
BRDA:64,4,0,0
BRDA:64,4,1,0
BRDA:68,5,0,0
BRDA:68,6,0,1
BRDA:68,6,1,1
BRDA:73,7,0,0
BRDA:73,8,0,1
BRDA:73,8,1,1
BRF:18
BRH:10
end_of_record
TN:
SF:src/services/transaction.service.ts
FN:18,(anonymous_1)
FN:24,(anonymous_2)
FN:63,(anonymous_3)
FN:123,(anonymous_4)
FN:170,(anonymous_5)
FN:210,(anonymous_6)
FN:249,(anonymous_7)
FN:263,(anonymous_8)
FN:270,(anonymous_9)
FN:285,oo_cm
FNF:10
FNH:2
FNDA:12,(anonymous_1)
FNDA:0,(anonymous_2)
FNDA:0,(anonymous_3)
FNDA:1,(anonymous_4)
FNDA:0,(anonymous_5)
FNDA:0,(anonymous_6)
FNDA:0,(anonymous_7)
FNDA:0,(anonymous_8)
FNDA:0,(anonymous_9)
FNDA:0,oo_cm
DA:1,3
DA:2,3
DA:3,3
DA:4,3
DA:5,3
DA:6,3
DA:7,3
DA:8,3
DA:10,3
DA:13,3
DA:19,12
DA:20,12
DA:21,12
DA:28,0
DA:29,0
DA:30,0
DA:31,0
DA:32,0
DA:34,0
DA:35,0
DA:36,0
DA:38,0
DA:39,0
DA:41,0
DA:42,0
DA:44,0
DA:45,0
DA:46,0
DA:48,0
DA:54,0
DA:55,0
DA:56,0
DA:58,0
DA:59,0
DA:67,0
DA:68,0
DA:69,0
DA:70,0
DA:71,0
DA:73,0
DA:74,0
DA:75,0
DA:76,0
DA:77,0
DA:78,0
DA:79,0
DA:81,0
DA:84,0
DA:87,0
DA:88,0
DA:91,0
DA:99,0
DA:100,0
DA:102,0
DA:103,0
DA:104,0
DA:107,0
DA:108,0
DA:109,0
DA:111,0
DA:113,0
DA:114,0
DA:115,0
DA:117,0
DA:118,0
DA:127,1
DA:129,1
DA:131,1
DA:132,1
DA:133,1
DA:135,1
DA:136,1
DA:138,1
DA:147,1
DA:148,0
DA:149,0
DA:152,1
DA:153,1
DA:154,1
DA:159,1
DA:160,1
DA:162,0
DA:163,0
DA:165,1
DA:171,0
DA:172,0
DA:173,0
DA:174,0
DA:175,0
DA:178,0
DA:179,0
DA:180,0
DA:181,0
DA:183,0
DA:186,0
DA:188,0
DA:191,0
DA:194,0
DA:195,0
DA:196,0
DA:199,0
DA:201,0
DA:202,0
DA:203,0
DA:205,0
DA:206,0
DA:211,0
DA:212,0
DA:213,0
DA:214,0
DA:215,0
DA:218,0
DA:219,0
DA:220,0
DA:221,0
DA:223,0
DA:225,0
DA:227,0
DA:230,0
DA:233,0
DA:234,0
DA:235,0
DA:238,0
DA:240,0
DA:241,0
DA:242,0
DA:244,0
DA:245,0
DA:250,0
DA:251,0
DA:252,0
DA:254,0
DA:260,0
DA:264,0
DA:265,0
DA:267,0
DA:275,0
DA:276,0
DA:285,3
LF:139
LH:29
BRDA:29,0,0,0
BRDA:36,1,0,0
BRDA:36,1,1,0
BRDA:38,2,0,0
BRDA:44,3,0,0
BRDA:54,4,0,0
BRDA:68,5,0,0
BRDA:75,6,0,0
BRDA:75,7,0,0
BRDA:75,7,1,0
BRDA:77,8,0,0
BRDA:77,9,0,0
BRDA:77,9,1,0
BRDA:79,10,0,0
BRDA:99,11,0,0
BRDA:107,12,0,0
BRDA:113,13,0,0
BRDA:131,14,0,0
BRDA:131,15,0,1
BRDA:131,15,1,1
BRDA:132,16,0,0
BRDA:132,17,0,1
BRDA:132,17,1,1
BRDA:133,18,0,0
BRDA:136,19,0,0
BRDA:147,20,0,0
BRDA:162,21,0,0
BRDA:162,21,1,0
BRDA:165,22,0,1
BRDA:165,22,1,1
BRDA:172,23,0,0
BRDA:181,24,0,0
BRDA:183,25,0,0
BRDA:194,26,0,0
BRDA:201,27,0,0
BRDA:212,28,0,0
BRDA:221,29,0,0
BRDA:223,30,0,0
BRDA:233,31,0,0
BRDA:240,32,0,0
BRDA:250,33,0,0
BRDA:250,34,0,0
BRDA:265,35,0,0
BRDA:285,36,0,0
BRDA:285,36,1,0
BRF:45
BRH:6
end_of_record
TN:
SF:src/services/utils.services.ts
FN:13,withRetry
FN:36,(anonymous_1)
FNF:2
FNH:0
FNDA:0,withRetry
FNDA:0,(anonymous_1)
DA:1,0
DA:2,0
DA:13,0
DA:18,0
DA:19,0
DA:20,0
DA:21,0
DA:24,0
DA:27,0
DA:28,0
DA:31,0
DA:32,0
DA:36,0
DA:39,0
LF:14
LH:0
BRDA:15,0,0,0
BRDA:16,1,0,0
BRDA:24,2,0,0
BRDA:24,2,1,0
BRDA:24,2,2,0
BRDA:24,2,3,0
BRDA:24,2,4,0
BRDA:24,2,5,0
BRDA:27,3,0,0
BRF:9
BRH:0
end_of_record
TN:
SF:src/services/wallet.service.ts
FN:10,(anonymous_0)
FN:13,(anonymous_1)
FN:19,(anonymous_2)
FN:28,(anonymous_3)
FN:67,(anonymous_4)
FN:104,(anonymous_5)
FN:125,(anonymous_6)
FN:131,(anonymous_7)
FN:132,(anonymous_8)
FNF:9
FNH:5
FNDA:27,(anonymous_0)
FNDA:0,(anonymous_1)
FNDA:0,(anonymous_2)
FNDA:1,(anonymous_3)
FNDA:0,(anonymous_4)
FNDA:0,(anonymous_5)
FNDA:537,(anonymous_6)
FNDA:3,(anonymous_7)
FNDA:537,(anonymous_8)
DA:1,3
DA:2,3
DA:3,3
DA:5,3
DA:8,3
DA:10,3
DA:11,27
DA:14,0
DA:15,0
DA:16,0
DA:20,0
DA:24,0
DA:25,0
DA:32,1
DA:33,1
DA:36,1
DA:37,1
DA:40,1
DA:45,1
DA:47,1
DA:60,1
DA:62,0
DA:63,0
DA:71,0
DA:72,0
DA:74,0
DA:75,0
DA:77,0
DA:82,0
DA:84,0
DA:97,0
DA:99,0
DA:100,0
DA:105,0
DA:106,0
DA:108,0
DA:109,0
DA:111,0
DA:118,0
DA:120,0
DA:121,0
DA:126,537
DA:132,3
DA:133,537
DA:136,3
LF:45
LH:19
BRDA:11,0,0,27
BRDA:11,0,1,0
BRDA:15,1,0,0
BRDA:24,2,0,0
BRDA:37,3,0,0
BRDA:45,4,0,0
BRDA:75,5,0,0
BRDA:82,6,0,0
BRDA:108,7,0,0
BRF:9
BRH:1
end_of_record
TN:
SF:src/utils/decorators.ts
FN:3,IsValidInteger
FN:4,(anonymous_1)
FN:11,(anonymous_2)
FN:15,(anonymous_3)
FNF:4
FNH:0
FNDA:0,IsValidInteger
FNDA:0,(anonymous_1)
FNDA:0,(anonymous_2)
FNDA:0,(anonymous_3)
DA:1,0
DA:3,0
DA:4,0
DA:5,0
DA:12,0
DA:13,0
DA:16,0
LF:7
LH:0
BRDA:13,0,0,0
BRDA:13,0,1,0
BRF:2
BRH:0
end_of_record
TN:
SF:src/utils/logger.ts
FN:15,(anonymous_1)
FNF:1
FNH:1
FNDA:25,(anonymous_1)
DA:1,3
DA:3,3
DA:16,25
DA:25,3
DA:26,0
DA:29,0
LF:6
LH:4
BRDA:4,0,0,0
BRDA:4,0,1,3
BRDA:17,1,0,25
BRDA:17,1,1,0
BRDA:25,2,0,0
BRF:5
BRH:2
end_of_record
